#-----------------------------------------------------------
# Webtalk v2018.3 (64-bit)
# SW Build 2405991 on Thu Dec  6 23:36:41 MST 2018
# 
# Start of session at: Mon Feb  3 14:24:03 2020
# Process ID: 474
# Current directory: /home/ejapundz/fa19-research/E315/bitflip/bitflip.sdk/webtalk
# Command line: wbtcv -mode batch -source sdk_webtalk.tcl
# Log file: /home/ejapundz/fa19-research/E315/bitflip/bitflip.sdk/webtalk/webtalk.log
# Journal file: /home/ejapundz/fa19-research/E315/bitflip/bitflip.sdk/webtalk/webtalk.jou
#-----------------------------------------------------------
source sdk_webtalk.tcl
# webtalk_init -webtalk_dir /home/ejapundz/fa19-research/E315/bitflip/bitflip.sdk/webtalk
# webtalk_register_client -client project
# webtalk_add_data -client project -key date_generated -value "2020-02-03 14:24:02" -context "software_version_and_target_device"
# webtalk_add_data -client project -key product_version -value "SDK v2018.3" -context "software_version_and_target_device"
# webtalk_add_data -client project -key build_version -value "2018.3" -context "software_version_and_target_device"
# webtalk_add_data -client project -key os_platform -value "amd64" -context "software_version_and_target_device"
# webtalk_add_data -client project -key registration_id -value "211660660_0_0_640" -context "software_version_and_target_device"
# webtalk_add_data -client project -key tool_flow -value "SDK" -context "software_version_and_target_device"
# webtalk_add_data -client project -key beta -value "false" -context "software_version_and_target_device"
# webtalk_add_data -client project -key route_design -value "NA" -context "software_version_and_target_device"
# webtalk_add_data -client project -key target_family -value "NA" -context "software_version_and_target_device"
# webtalk_add_data -client project -key target_device -value "NA" -context "software_version_and_target_device"
# webtalk_add_data -client project -key target_package -value "NA" -context "software_version_and_target_device"
# webtalk_add_data -client project -key target_speed -value "NA" -context "software_version_and_target_device"
# webtalk_add_data -client project -key random_id -value "v16v4gp900k82lo6ctto0o0lf6" -context "software_version_and_target_device"
# webtalk_add_data -client project -key project_id -value "2018.3_30" -context "software_version_and_target_device"
# webtalk_add_data -client project -key project_iteration -value "30" -context "software_version_and_target_device"
# webtalk_add_data -client project -key os_name -value "Ubuntu" -context "user_environment"
# webtalk_add_data -client project -key os_release -value "Ubuntu 18.04.3 LTS" -context "user_environment"
# webtalk_add_data -client project -key cpu_name -value "Intel(R) Core(TM) i5-2400 CPU @ 3.10GHz" -context "user_environment"
# webtalk_add_data -client project -key cpu_speed -value "3013.090 MHz" -context "user_environment"
# webtalk_add_data -client project -key total_processors -value "1" -context "user_environment"
# webtalk_add_data -client project -key system_ram -value "8.318 GB" -context "user_environment"
# webtalk_register_client -client sdk
# webtalk_add_data -client sdk -key uid -value "1580755827000" -context "sdk\\\\hardware/1580755827000"
# webtalk_add_data -client sdk -key isZynq -value "true" -context "sdk\\\\hardware/1580755827000"
# webtalk_add_data -client sdk -key isZynqMP -value "false" -context "sdk\\\\hardware/1580755827000"
# webtalk_add_data -client sdk -key Processors -value "2" -context "sdk\\\\hardware/1580755827000"
# webtalk_add_data -client sdk -key VivadoVersion -value "2018.3" -context "sdk\\\\hardware/1580755827000"
# webtalk_add_data -client sdk -key Arch -value "zynq" -context "sdk\\\\hardware/1580755827000"
# webtalk_add_data -client sdk -key Device -value "7z020" -context "sdk\\\\hardware/1580755827000"
# webtalk_add_data -client sdk -key IsHandoff -value "true" -context "sdk\\\\hardware/1580755827000"
# webtalk_add_data -client sdk -key os -value "NA" -context "sdk\\\\hardware/1580755827000"
# webtalk_add_data -client sdk -key apptemplate -value "NA" -context "sdk\\\\hardware/1580755827000"
# webtalk_add_data -client sdk -key RecordType -value "HWCreation" -context "sdk\\\\hardware/1580755827000"
# webtalk_add_data -client sdk -key uid -value "1580755856000" -context "sdk\\\\bsp/1580755856000"
# webtalk_add_data -client sdk -key hwid -value "1580755827000" -context "sdk\\\\bsp/1580755856000"
# webtalk_add_data -client sdk -key os -value "standalone" -context "sdk\\\\bsp/1580755856000"
# webtalk_add_data -client sdk -key apptemplate -value "hello_world" -context "sdk\\\\bsp/1580755856000"
# webtalk_add_data -client sdk -key RecordType -value "BSPCreation" -context "sdk\\\\bsp/1580755856000"
# webtalk_add_data -client sdk -key uid -value "1580755859000" -context "sdk\\\\application/1580755859000"
# webtalk_add_data -client sdk -key hwid -value "1580755827000" -context "sdk\\\\application/1580755859000"
# webtalk_add_data -client sdk -key bspid -value "1580755856000" -context "sdk\\\\application/1580755859000"
# webtalk_add_data -client sdk -key newbsp -value "true" -context "sdk\\\\application/1580755859000"
# webtalk_add_data -client sdk -key os -value "standalone" -context "sdk\\\\application/1580755859000"
# webtalk_add_data -client sdk -key apptemplate -value "hello_world" -context "sdk\\\\application/1580755859000"
# webtalk_add_data -client sdk -key RecordType -value "APPCreation" -context "sdk\\\\application/1580755859000"
# webtalk_add_data -client sdk -key LangUsed -value "C" -context "sdk\\\\application/1580755859000"
# webtalk_add_data -client sdk -key Procused -value "ps7_cortexa9" -context "sdk\\\\application/1580755859000"
# webtalk_add_data -client sdk -key projSize -value "309.1796875" -context "sdk\\\\application/1580755859000"
# webtalk_add_data -client sdk -key uid -value "NA" -context "sdk\\\\bsp/1580757842091"
# webtalk_add_data -client sdk -key RecordType -value "ToolUsage" -context "sdk\\\\bsp/1580757842091"
# webtalk_add_data -client sdk -key BootgenCount -value "0" -context "sdk\\\\bsp/1580757842091"
# webtalk_add_data -client sdk -key DebugCount -value "2" -context "sdk\\\\bsp/1580757842091"
# webtalk_add_data -client sdk -key PerfCount -value "0" -context "sdk\\\\bsp/1580757842091"
# webtalk_add_data -client sdk -key FlashCount -value "0" -context "sdk\\\\bsp/1580757842091"
# webtalk_add_data -client sdk -key CrossTriggCount -value "0" -context "sdk\\\\bsp/1580757842091"
# webtalk_add_data -client sdk -key QemuDebugCount -value "0" -context "sdk\\\\bsp/1580757842091"
# webtalk_transmit -clientid 2473285383 -regid "211660660_0_0_640" -xml /home/ejapundz/fa19-research/E315/bitflip/bitflip.sdk/webtalk/usage_statistics_ext_sdk.xml -html /home/ejapundz/fa19-research/E315/bitflip/bitflip.sdk/webtalk/usage_statistics_ext_sdk.html -wdm /home/ejapundz/fa19-research/E315/bitflip/bitflip.sdk/webtalk/sdk_webtalk.wdm -intro "<H3>SDK Usage Report</H3><BR>"
# webtalk_terminate
INFO: [Common 17-206] Exiting Webtalk at Mon Feb  3 14:24:03 2020...
