Vivado Simulator 2018.3
Copyright 1986-1999, 2001-2018 Xilinx, Inc. All Rights Reserved.
Running: /l/Xilinx_Vivado_SDK_Web_2018.3_1207_2324/Vivado/2018.3/bin/unwrapped/lnx64.o/xelab -wto ee45161a129644df9a1f2388c51e96bb --incr --debug typical --relax --mt 8 -L xil_defaultlib -L axis_infrastructure_v1_1_0 -L axi4stream_vip_v1_1_4 -L xilinx_vip -L unisims_ver -L unimacro_ver -L secureip -L xpm --snapshot tb_sim2_behav xil_defaultlib.tb_sim2 xil_defaultlib.glbl -log elaborate.log 
Using 8 slave threads.
Starting static elaboration
Completed static elaboration
Starting simulation data flow analysis
Completed simulation data flow analysis
Time Resolution for simulation is 1ps
Compiling package xilinx_vip.axi4stream_vip_pkg
WARNING: [XSIM 43-4333] File "/wrk/2018.3/nightly/2018_12_06_2405991/packages/customer/vivado/data/xilinx_vip/hdl/axi4stream_vip_pkg.sv" Line 1178 : Logical comparison involving System Verilog dynamic types not supported yet, can lead to incorrect simulation behaviour.
WARNING: [XSIM 43-4333] File "/wrk/2018.3/nightly/2018_12_06_2405991/packages/customer/vivado/data/xilinx_vip/hdl/axi4stream_vip_pkg.sv" Line 1186 : Logical comparison involving System Verilog dynamic types not supported yet, can lead to incorrect simulation behaviour.
WARNING: [XSIM 43-4333] File "/wrk/2018.3/nightly/2018_12_06_2405991/packages/customer/vivado/data/xilinx_vip/hdl/axi4stream_vip_pkg.sv" Line 1198 : Logical comparison involving System Verilog dynamic types not supported yet, can lead to incorrect simulation behaviour.
WARNING: [XSIM 43-4333] File "/wrk/2018.3/nightly/2018_12_06_2405991/packages/customer/vivado/data/xilinx_vip/hdl/axi4stream_vip_pkg.sv" Line 1416 : Logical comparison involving System Verilog dynamic types not supported yet, can lead to incorrect simulation behaviour.
WARNING: [XSIM 43-4333] File "/wrk/2018.3/nightly/2018_12_06_2405991/packages/customer/vivado/data/xilinx_vip/hdl/axi4stream_vip_pkg.sv" Line 1416 : Logical comparison involving System Verilog dynamic types not supported yet, can lead to incorrect simulation behaviour.
Compiling package xilinx_vip.xil_common_vip_pkg
Compiling module xilinx_vip.axi4stream_vip_axi4streampc(DEST...
Compiling module xilinx_vip.cb
Compiling module xilinx_vip.axi4stream_vip_if(C_AXI4STREAM_S...
Compiling module axi4stream_vip_v1_1_4.axi4stream_vip_v1_1_4_top(C_AXI4...
Compiling module xil_defaultlib.design_tb_sim2_axi4stream_vip_0_...
Compiling module xilinx_vip.cb
Compiling module xilinx_vip.axi4stream_vip_if(C_AXI4STREAM_S...
Compiling module axi4stream_vip_v1_1_4.axi4stream_vip_v1_1_4_top(C_AXI4...
Compiling module xil_defaultlib.design_tb_sim2_axi4stream_vip_1_...
Compiling module xil_defaultlib.axis_ema
Compiling module xil_defaultlib.design_tb_sim2_axis_ema_0_0
Compiling module xil_defaultlib.design_tb_sim2
Compiling module xil_defaultlib.design_tb_sim2_wrapper
Compiling module xil_defaultlib.tb_sim2
Compiling module xil_defaultlib.glbl
Built simulation snapshot tb_sim2_behav
