#-----------------------------------------------------------
# Webtalk v2018.3 (64-bit)
# SW Build 2405991 on Thu Dec  6 23:36:41 MST 2018
# 
# Start of session at: Wed Feb  5 11:03:49 2020
# Process ID: 110541
# Current directory: /home/lukefahr/e315/project_3/project_3.sdk/webtalk
# Command line: wbtcv -mode batch -source sdk_webtalk.tcl
# Log file: /home/lukefahr/e315/project_3/project_3.sdk/webtalk/webtalk.log
# Journal file: /home/lukefahr/e315/project_3/project_3.sdk/webtalk/webtalk.jou
#-----------------------------------------------------------
source sdk_webtalk.tcl
# webtalk_init -webtalk_dir /home/lukefahr/e315/project_3/project_3.sdk/webtalk
# webtalk_register_client -client project
# webtalk_add_data -client project -key date_generated -value "2020-02-05 11:03:46" -context "software_version_and_target_device"
# webtalk_add_data -client project -key product_version -value "SDK v2018.3" -context "software_version_and_target_device"
# webtalk_add_data -client project -key build_version -value "2018.3" -context "software_version_and_target_device"
# webtalk_add_data -client project -key os_platform -value "amd64" -context "software_version_and_target_device"
# webtalk_add_data -client project -key registration_id -value "" -context "software_version_and_target_device"
# webtalk_add_data -client project -key tool_flow -value "SDK" -context "software_version_and_target_device"
# webtalk_add_data -client project -key beta -value "false" -context "software_version_and_target_device"
# webtalk_add_data -client project -key route_design -value "NA" -context "software_version_and_target_device"
# webtalk_add_data -client project -key target_family -value "NA" -context "software_version_and_target_device"
# webtalk_add_data -client project -key target_device -value "NA" -context "software_version_and_target_device"
# webtalk_add_data -client project -key target_package -value "NA" -context "software_version_and_target_device"
# webtalk_add_data -client project -key target_speed -value "NA" -context "software_version_and_target_device"
# webtalk_add_data -client project -key random_id -value "i4ael6ou768h7i52j9lne63mg8" -context "software_version_and_target_device"
# webtalk_add_data -client project -key project_id -value "2018.3_15" -context "software_version_and_target_device"
# webtalk_add_data -client project -key project_iteration -value "15" -context "software_version_and_target_device"
# webtalk_add_data -client project -key os_name -value "Ubuntu" -context "user_environment"
# webtalk_add_data -client project -key os_release -value "Ubuntu 18.04.3 LTS" -context "user_environment"
# webtalk_add_data -client project -key cpu_name -value "Intel(R) Core(TM) i7-7660U CPU @ 2.50GHz" -context "user_environment"
# webtalk_add_data -client project -key cpu_speed -value "2495.780 MHz" -context "user_environment"
# webtalk_add_data -client project -key total_processors -value "2" -context "user_environment"
# webtalk_add_data -client project -key system_ram -value "6.223 GB" -context "user_environment"
# webtalk_register_client -client sdk
# webtalk_add_data -client sdk -key uid -value "1580922980000" -context "sdk\\\\bsp/1580922980000"
# webtalk_add_data -client sdk -key hwid -value "1580920480000" -context "sdk\\\\bsp/1580922980000"
# webtalk_add_data -client sdk -key os -value "standalone" -context "sdk\\\\bsp/1580922980000"
# webtalk_add_data -client sdk -key apptemplate -value "hello_world" -context "sdk\\\\bsp/1580922980000"
# webtalk_add_data -client sdk -key RecordType -value "BSPCreation" -context "sdk\\\\bsp/1580922980000"
# webtalk_add_data -client sdk -key uid -value "1580922982000" -context "sdk\\\\application/1580922982000"
# webtalk_add_data -client sdk -key hwid -value "1580920480000" -context "sdk\\\\application/1580922982000"
# webtalk_add_data -client sdk -key bspid -value "1580922980000" -context "sdk\\\\application/1580922982000"
# webtalk_add_data -client sdk -key newbsp -value "true" -context "sdk\\\\application/1580922982000"
# webtalk_add_data -client sdk -key os -value "standalone" -context "sdk\\\\application/1580922982000"
# webtalk_add_data -client sdk -key apptemplate -value "hello_world" -context "sdk\\\\application/1580922982000"
# webtalk_add_data -client sdk -key RecordType -value "APPCreation" -context "sdk\\\\application/1580922982000"
# webtalk_add_data -client sdk -key LangUsed -value "C" -context "sdk\\\\application/1580922982000"
# webtalk_add_data -client sdk -key Procused -value "ps7_cortexa9" -context "sdk\\\\application/1580922982000"
# webtalk_add_data -client sdk -key projSize -value "308.3046875" -context "sdk\\\\application/1580922982000"
# webtalk_add_data -client sdk -key uid -value "NA" -context "sdk\\\\bsp/1580929426108"
# webtalk_add_data -client sdk -key RecordType -value "ToolUsage" -context "sdk\\\\bsp/1580929426108"
# webtalk_add_data -client sdk -key BootgenCount -value "0" -context "sdk\\\\bsp/1580929426108"
# webtalk_add_data -client sdk -key DebugCount -value "0" -context "sdk\\\\bsp/1580929426108"
# webtalk_add_data -client sdk -key PerfCount -value "0" -context "sdk\\\\bsp/1580929426108"
# webtalk_add_data -client sdk -key FlashCount -value "0" -context "sdk\\\\bsp/1580929426108"
# webtalk_add_data -client sdk -key CrossTriggCount -value "0" -context "sdk\\\\bsp/1580929426108"
# webtalk_add_data -client sdk -key QemuDebugCount -value "0" -context "sdk\\\\bsp/1580929426108"
# webtalk_transmit -clientid 406401509 -regid "" -xml /home/lukefahr/e315/project_3/project_3.sdk/webtalk/usage_statistics_ext_sdk.xml -html /home/lukefahr/e315/project_3/project_3.sdk/webtalk/usage_statistics_ext_sdk.html -wdm /home/lukefahr/e315/project_3/project_3.sdk/webtalk/sdk_webtalk.wdm -intro "<H3>SDK Usage Report</H3><BR>"
# webtalk_terminate
INFO: [Common 17-206] Exiting Webtalk at Wed Feb  5 11:03:50 2020...
