Vivado Simulator 2018.2
Time resolution is 1 ps

Single Testing 0x0000000

Countdown 1 Testing Cycle           0

Single Testing 0x0000001

Countdown 1 Testing Cycle           0

Single Testing 0x0000003

Countdown 1 Testing Cycle           0
Countdown 1 Testing Cycle           1
Countdown 1 Testing Cycle           2

Single Testing 0x0000012

Countdown 1 Testing Cycle           0
Countdown 1 Testing Cycle           1
Countdown 1 Testing Cycle           2
Countdown 1 Testing Cycle           3
Countdown 1 Testing Cycle           4
Countdown 1 Testing Cycle           5
Countdown 1 Testing Cycle           6
Countdown 1 Testing Cycle           7
Countdown 1 Testing Cycle           8
Countdown 1 Testing Cycle           9
Countdown 1 Testing Cycle          10
Countdown 1 Testing Cycle          11
Countdown 1 Testing Cycle          12
Countdown 1 Testing Cycle          13
Countdown 1 Testing Cycle          14
Countdown 1 Testing Cycle          15
Countdown 1 Testing Cycle          16
Countdown 1 Testing Cycle          17

Single Testing 0x0000010

Countdown 1 Testing Cycle           0
Countdown 1 Testing Cycle           1
Countdown 1 Testing Cycle           2
Countdown 1 Testing Cycle           3
Countdown 1 Testing Cycle           4
Countdown 1 Testing Cycle           5
Countdown 1 Testing Cycle           6
Countdown 1 Testing Cycle           7
Countdown 1 Testing Cycle           8
Countdown 1 Testing Cycle           9
Countdown 1 Testing Cycle          10
Countdown 1 Testing Cycle          11
Countdown 1 Testing Cycle          12
Countdown 1 Testing Cycle          13
Countdown 1 Testing Cycle          14
Countdown 1 Testing Cycle          15

Single Testing 0x0000015

Countdown 1 Testing Cycle           0
Countdown 1 Testing Cycle           1
Countdown 1 Testing Cycle           2
Countdown 1 Testing Cycle           3
Countdown 1 Testing Cycle           4
Countdown 1 Testing Cycle           5
Countdown 1 Testing Cycle           6
Countdown 1 Testing Cycle           7
Countdown 1 Testing Cycle           8
Countdown 1 Testing Cycle           9
Countdown 1 Testing Cycle          10
Countdown 1 Testing Cycle          11
Countdown 1 Testing Cycle          12
Countdown 1 Testing Cycle          13
Countdown 1 Testing Cycle          14
Countdown 1 Testing Cycle          15
Countdown 1 Testing Cycle          16
Countdown 1 Testing Cycle          17
Countdown 1 Testing Cycle          18
Countdown 1 Testing Cycle          19
Countdown 1 Testing Cycle          20

Single Testing 0x0000025

Countdown 1 Testing Cycle           0
Countdown 1 Testing Cycle           1
Countdown 1 Testing Cycle           2
Countdown 1 Testing Cycle           3
Countdown 1 Testing Cycle           4
Countdown 1 Testing Cycle           5
Countdown 1 Testing Cycle           6
Countdown 1 Testing Cycle           7
Countdown 1 Testing Cycle           8
Countdown 1 Testing Cycle           9
Countdown 1 Testing Cycle          10
Countdown 1 Testing Cycle          11
Countdown 1 Testing Cycle          12
Countdown 1 Testing Cycle          13
Countdown 1 Testing Cycle          14
Countdown 1 Testing Cycle          15
Countdown 1 Testing Cycle          16
Countdown 1 Testing Cycle          17
Countdown 1 Testing Cycle          18
Countdown 1 Testing Cycle          19
Countdown 1 Testing Cycle          20
Countdown 1 Testing Cycle          21
Countdown 1 Testing Cycle          22
Countdown 1 Testing Cycle          23
Countdown 1 Testing Cycle          24
Countdown 1 Testing Cycle          25
Countdown 1 Testing Cycle          26
Countdown 1 Testing Cycle          27
Countdown 1 Testing Cycle          28
Countdown 1 Testing Cycle          29
Countdown 1 Testing Cycle          30
Countdown 1 Testing Cycle          31
Countdown 1 Testing Cycle          32
Countdown 1 Testing Cycle          33
Countdown 1 Testing Cycle          34
Countdown 1 Testing Cycle          35
Countdown 1 Testing Cycle          36

Single Testing 0x0000100

Countdown 1 Testing Cycle           0
Countdown 1 Testing Cycle           1
Countdown 1 Testing Cycle           2
Countdown 1 Testing Cycle           3
Countdown 1 Testing Cycle           4
Countdown 1 Testing Cycle           5
Countdown 1 Testing Cycle           6
Countdown 1 Testing Cycle           7
Countdown 1 Testing Cycle           8
Countdown 1 Testing Cycle           9
Countdown 1 Testing Cycle          10
Countdown 1 Testing Cycle          11
Countdown 1 Testing Cycle          12
Countdown 1 Testing Cycle          13
Countdown 1 Testing Cycle          14
Countdown 1 Testing Cycle          15
Countdown 1 Testing Cycle          16
Countdown 1 Testing Cycle          17
Countdown 1 Testing Cycle          18
Countdown 1 Testing Cycle          19
Countdown 1 Testing Cycle          20
Countdown 1 Testing Cycle          21
Countdown 1 Testing Cycle          22
Countdown 1 Testing Cycle          23
Countdown 1 Testing Cycle          24
Countdown 1 Testing Cycle          25
Countdown 1 Testing Cycle          26
Countdown 1 Testing Cycle          27
Countdown 1 Testing Cycle          28
Countdown 1 Testing Cycle          29
Countdown 1 Testing Cycle          30
Countdown 1 Testing Cycle          31
Countdown 1 Testing Cycle          32
Countdown 1 Testing Cycle          33
Countdown 1 Testing Cycle          34
Countdown 1 Testing Cycle          35
Countdown 1 Testing Cycle          36
Countdown 1 Testing Cycle          37
Countdown 1 Testing Cycle          38
Countdown 1 Testing Cycle          39
Countdown 1 Testing Cycle          40
Countdown 1 Testing Cycle          41
Countdown 1 Testing Cycle          42
Countdown 1 Testing Cycle          43
Countdown 1 Testing Cycle          44
Countdown 1 Testing Cycle          45
Countdown 1 Testing Cycle          46
Countdown 1 Testing Cycle          47
Countdown 1 Testing Cycle          48
Countdown 1 Testing Cycle          49
Countdown 1 Testing Cycle          50
Countdown 1 Testing Cycle          51
Countdown 1 Testing Cycle          52
Countdown 1 Testing Cycle          53
Countdown 1 Testing Cycle          54
Countdown 1 Testing Cycle          55
Countdown 1 Testing Cycle          56
Countdown 1 Testing Cycle          57
Countdown 1 Testing Cycle          58
Countdown 1 Testing Cycle          59
Countdown 1 Testing Cycle          60
Countdown 1 Testing Cycle          61
Countdown 1 Testing Cycle          62
Countdown 1 Testing Cycle          63
Countdown 1 Testing Cycle          64
Countdown 1 Testing Cycle          65
Countdown 1 Testing Cycle          66
Countdown 1 Testing Cycle          67
Countdown 1 Testing Cycle          68
Countdown 1 Testing Cycle          69
Countdown 1 Testing Cycle          70
Countdown 1 Testing Cycle          71
Countdown 1 Testing Cycle          72
Countdown 1 Testing Cycle          73
Countdown 1 Testing Cycle          74
Countdown 1 Testing Cycle          75
Countdown 1 Testing Cycle          76
Countdown 1 Testing Cycle          77
Countdown 1 Testing Cycle          78
Countdown 1 Testing Cycle          79
Countdown 1 Testing Cycle          80
Countdown 1 Testing Cycle          81
Countdown 1 Testing Cycle          82
Countdown 1 Testing Cycle          83
Countdown 1 Testing Cycle          84
Countdown 1 Testing Cycle          85
Countdown 1 Testing Cycle          86
Countdown 1 Testing Cycle          87
Countdown 1 Testing Cycle          88
Countdown 1 Testing Cycle          89
Countdown 1 Testing Cycle          90
Countdown 1 Testing Cycle          91
Countdown 1 Testing Cycle          92
Countdown 1 Testing Cycle          93
Countdown 1 Testing Cycle          94
Countdown 1 Testing Cycle          95
Countdown 1 Testing Cycle          96
Countdown 1 Testing Cycle          97
Countdown 1 Testing Cycle          98
Countdown 1 Testing Cycle          99
Countdown 1 Testing Cycle         100
Countdown 1 Testing Cycle         101
Countdown 1 Testing Cycle         102
Countdown 1 Testing Cycle         103
Countdown 1 Testing Cycle         104
Countdown 1 Testing Cycle         105
Countdown 1 Testing Cycle         106
Countdown 1 Testing Cycle         107
Countdown 1 Testing Cycle         108
Countdown 1 Testing Cycle         109
Countdown 1 Testing Cycle         110
Countdown 1 Testing Cycle         111
Countdown 1 Testing Cycle         112
Countdown 1 Testing Cycle         113
Countdown 1 Testing Cycle         114
Countdown 1 Testing Cycle         115
Countdown 1 Testing Cycle         116
Countdown 1 Testing Cycle         117
Countdown 1 Testing Cycle         118
Countdown 1 Testing Cycle         119
Countdown 1 Testing Cycle         120
Countdown 1 Testing Cycle         121
Countdown 1 Testing Cycle         122
Countdown 1 Testing Cycle         123
Countdown 1 Testing Cycle         124
Countdown 1 Testing Cycle         125
Countdown 1 Testing Cycle         126
Countdown 1 Testing Cycle         127
Countdown 1 Testing Cycle         128
Countdown 1 Testing Cycle         129
Countdown 1 Testing Cycle         130
Countdown 1 Testing Cycle         131
Countdown 1 Testing Cycle         132
Countdown 1 Testing Cycle         133
Countdown 1 Testing Cycle         134
Countdown 1 Testing Cycle         135
Countdown 1 Testing Cycle         136
Countdown 1 Testing Cycle         137
Countdown 1 Testing Cycle         138
Countdown 1 Testing Cycle         139
Countdown 1 Testing Cycle         140
Countdown 1 Testing Cycle         141
Countdown 1 Testing Cycle         142
Countdown 1 Testing Cycle         143
Countdown 1 Testing Cycle         144
Countdown 1 Testing Cycle         145
Countdown 1 Testing Cycle         146
Countdown 1 Testing Cycle         147
Countdown 1 Testing Cycle         148
Countdown 1 Testing Cycle         149
Countdown 1 Testing Cycle         150
Countdown 1 Testing Cycle         151
Countdown 1 Testing Cycle         152
Countdown 1 Testing Cycle         153
Countdown 1 Testing Cycle         154
Countdown 1 Testing Cycle         155
Countdown 1 Testing Cycle         156
Countdown 1 Testing Cycle         157
Countdown 1 Testing Cycle         158
Countdown 1 Testing Cycle         159
Countdown 1 Testing Cycle         160
Countdown 1 Testing Cycle         161
Countdown 1 Testing Cycle         162
Countdown 1 Testing Cycle         163
Countdown 1 Testing Cycle         164
Countdown 1 Testing Cycle         165
Countdown 1 Testing Cycle         166
Countdown 1 Testing Cycle         167
Countdown 1 Testing Cycle         168
Countdown 1 Testing Cycle         169
Countdown 1 Testing Cycle         170
Countdown 1 Testing Cycle         171
Countdown 1 Testing Cycle         172
Countdown 1 Testing Cycle         173
Countdown 1 Testing Cycle         174
Countdown 1 Testing Cycle         175
Countdown 1 Testing Cycle         176
Countdown 1 Testing Cycle         177
Countdown 1 Testing Cycle         178
Countdown 1 Testing Cycle         179
Countdown 1 Testing Cycle         180
Countdown 1 Testing Cycle         181
Countdown 1 Testing Cycle         182
Countdown 1 Testing Cycle         183
Countdown 1 Testing Cycle         184
Countdown 1 Testing Cycle         185
Countdown 1 Testing Cycle         186
Countdown 1 Testing Cycle         187
Countdown 1 Testing Cycle         188
Countdown 1 Testing Cycle         189
Countdown 1 Testing Cycle         190
Countdown 1 Testing Cycle         191
Countdown 1 Testing Cycle         192
Countdown 1 Testing Cycle         193
Countdown 1 Testing Cycle         194
Countdown 1 Testing Cycle         195
Countdown 1 Testing Cycle         196
Countdown 1 Testing Cycle         197
Countdown 1 Testing Cycle         198
Countdown 1 Testing Cycle         199
Countdown 1 Testing Cycle         200
Countdown 1 Testing Cycle         201
Countdown 1 Testing Cycle         202
Countdown 1 Testing Cycle         203
Countdown 1 Testing Cycle         204
Countdown 1 Testing Cycle         205
Countdown 1 Testing Cycle         206
Countdown 1 Testing Cycle         207
Countdown 1 Testing Cycle         208
Countdown 1 Testing Cycle         209
Countdown 1 Testing Cycle         210
Countdown 1 Testing Cycle         211
Countdown 1 Testing Cycle         212
Countdown 1 Testing Cycle         213
Countdown 1 Testing Cycle         214
Countdown 1 Testing Cycle         215
Countdown 1 Testing Cycle         216
Countdown 1 Testing Cycle         217
Countdown 1 Testing Cycle         218
Countdown 1 Testing Cycle         219
Countdown 1 Testing Cycle         220
Countdown 1 Testing Cycle         221
Countdown 1 Testing Cycle         222
Countdown 1 Testing Cycle         223
Countdown 1 Testing Cycle         224
Countdown 1 Testing Cycle         225
Countdown 1 Testing Cycle         226
Countdown 1 Testing Cycle         227
Countdown 1 Testing Cycle         228
Countdown 1 Testing Cycle         229
Countdown 1 Testing Cycle         230
Countdown 1 Testing Cycle         231
Countdown 1 Testing Cycle         232
Countdown 1 Testing Cycle         233
Countdown 1 Testing Cycle         234
Countdown 1 Testing Cycle         235
Countdown 1 Testing Cycle         236
Countdown 1 Testing Cycle         237
Countdown 1 Testing Cycle         238
Countdown 1 Testing Cycle         239
Countdown 1 Testing Cycle         240
Countdown 1 Testing Cycle         241
Countdown 1 Testing Cycle         242
Countdown 1 Testing Cycle         243
Countdown 1 Testing Cycle         244
Countdown 1 Testing Cycle         245
Countdown 1 Testing Cycle         246
Countdown 1 Testing Cycle         247
Countdown 1 Testing Cycle         248
Countdown 1 Testing Cycle         249
Countdown 1 Testing Cycle         250
Countdown 1 Testing Cycle         251
Countdown 1 Testing Cycle         252
Countdown 1 Testing Cycle         253
Countdown 1 Testing Cycle         254
Countdown 1 Testing Cycle         255

Double Testing 0x0000003

Countdown 1 Testing Cycle           0
Countdown 1 Testing Cycle           1
Countdown 1 Testing Cycle           2
Countdown 2 Testing Cycle           0
Countdown 2 Testing Cycle           1
Countdown 2 Testing Cycle           2

Double Testing 0x0000010

Countdown 1 Testing Cycle           0
Countdown 1 Testing Cycle           1
Countdown 1 Testing Cycle           2
Countdown 1 Testing Cycle           3
Countdown 1 Testing Cycle           4
Countdown 1 Testing Cycle           5
Countdown 1 Testing Cycle           6
Countdown 1 Testing Cycle           7
Countdown 1 Testing Cycle           8
Countdown 1 Testing Cycle           9
Countdown 1 Testing Cycle          10
Countdown 1 Testing Cycle          11
Countdown 1 Testing Cycle          12
Countdown 1 Testing Cycle          13
Countdown 1 Testing Cycle          14
Countdown 1 Testing Cycle          15
Countdown 2 Testing Cycle           0
Countdown 2 Testing Cycle           1
Countdown 2 Testing Cycle           2
Countdown 2 Testing Cycle           3
Countdown 2 Testing Cycle           4
Countdown 2 Testing Cycle           5
Countdown 2 Testing Cycle           6
Countdown 2 Testing Cycle           7
Countdown 2 Testing Cycle           8
Countdown 2 Testing Cycle           9
Countdown 2 Testing Cycle          10
Countdown 2 Testing Cycle          11
Countdown 2 Testing Cycle          12
Countdown 2 Testing Cycle          13
Countdown 2 Testing Cycle          14
Countdown 2 Testing Cycle          15

Single Testing 0x0000000

Countdown 1 Testing Cycle           0
@@@Passed

$finish called at time : 8500 ns : File "/nfs/nfs7/home/ejapundz/project_4/project_4.srcs/sim_1/new/reloading_timer_tb.v" Line 182
