
*** Running vivado
    with args -log bitcounter_AXI_bitcount_0_0.vds -m64 -product Vivado -mode batch -messageDb vivado.pb -notrace -source bitcounter_AXI_bitcount_0_0.tcl


****** Vivado v2018.3 (64-bit)
  **** SW Build 2405991 on Thu Dec  6 23:36:41 MST 2018
  **** IP Build 2404404 on Fri Dec  7 01:43:56 MST 2018
    ** Copyright 1986-2018 Xilinx, Inc. All Rights Reserved.

source bitcounter_AXI_bitcount_0_0.tcl -notrace
Command: synth_design -top bitcounter_AXI_bitcount_0_0 -part xc7z020clg400-1 -mode out_of_context
Starting synth_design
Attempting to get a license for feature 'Synthesis' and/or device 'xc7z020'
INFO: [Common 17-349] Got license for feature 'Synthesis' and/or device 'xc7z020'
INFO: Launching helper process for spawning children vivado processes
INFO: Helper process launched with PID 6630 
---------------------------------------------------------------------------------
Starting RTL Elaboration : Time (s): cpu = 00:00:01 ; elapsed = 00:00:03 . Memory (MB): peak = 1551.086 ; gain = 91.617 ; free physical = 6083 ; free virtual = 26042
---------------------------------------------------------------------------------
INFO: [Synth 8-6157] synthesizing module 'bitcounter_AXI_bitcount_0_0' [/nfs/nfs7/home/ejapundz/sp20-e315/E315/project_4/project_4.srcs/sources_1/bd/bitcounter/ip/bitcounter_AXI_bitcount_0_0/synth/bitcounter_AXI_bitcount_0_0.v:58]
INFO: [Synth 8-6157] synthesizing module 'AXI_bitcount' [/nfs/nfs7/home/ejapundz/sp20-e315/E315/project_4/project_4.srcs/sources_1/new/AXI_bitcount.v:23]
	Parameter C_S_AXI_DATA_WIDTH bound to: 32 - type: integer 
	Parameter C_S_AXI_ADDR_WIDTH bound to: 4 - type: integer 
	Parameter AW bound to: 2 - type: integer 
INFO: [Synth 8-6157] synthesizing module 'bitcount' [/nfs/nfs7/home/ejapundz/sp20-e315/E315/project_4/project_4.srcs/sources_1/new/bitcount.v:23]
INFO: [Synth 8-6155] done synthesizing module 'bitcount' (1#1) [/nfs/nfs7/home/ejapundz/sp20-e315/E315/project_4/project_4.srcs/sources_1/new/bitcount.v:23]
INFO: [Synth 8-6157] synthesizing module 'AXI4LITE_Interface' [/nfs/nfs7/home/ejapundz/sp20-e315/E315/project_4/project_4.srcs/sources_1/new/AXI4LITE_Interface.sv:66]
	Parameter OPT_READ_SIDEEFFECTS bound to: 1'b1 
	Parameter C_S_AXI_DATA_WIDTH bound to: 32 - type: integer 
	Parameter C_S_AXI_ADDR_WIDTH bound to: 4 - type: integer 
	Parameter ADDR_LSB bound to: 2 - type: integer 
	Parameter AW bound to: 2 - type: integer 
INFO: [Synth 8-6155] done synthesizing module 'AXI4LITE_Interface' (2#1) [/nfs/nfs7/home/ejapundz/sp20-e315/E315/project_4/project_4.srcs/sources_1/new/AXI4LITE_Interface.sv:66]
WARNING: [Synth 8-3848] Net READ_MEM[0] in module/entity AXI_bitcount does not have driver. [/nfs/nfs7/home/ejapundz/sp20-e315/E315/project_4/project_4.srcs/sources_1/new/AXI_bitcount.v:117]
INFO: [Synth 8-6155] done synthesizing module 'AXI_bitcount' (3#1) [/nfs/nfs7/home/ejapundz/sp20-e315/E315/project_4/project_4.srcs/sources_1/new/AXI_bitcount.v:23]
INFO: [Synth 8-6155] done synthesizing module 'bitcounter_AXI_bitcount_0_0' (4#1) [/nfs/nfs7/home/ejapundz/sp20-e315/E315/project_4/project_4.srcs/sources_1/bd/bitcounter/ip/bitcounter_AXI_bitcount_0_0/synth/bitcounter_AXI_bitcount_0_0.v:58]
WARNING: [Synth 8-3331] design AXI4LITE_Interface has unconnected port S_AXI_AWPROT[2]
WARNING: [Synth 8-3331] design AXI4LITE_Interface has unconnected port S_AXI_AWPROT[1]
WARNING: [Synth 8-3331] design AXI4LITE_Interface has unconnected port S_AXI_AWPROT[0]
WARNING: [Synth 8-3331] design AXI4LITE_Interface has unconnected port S_AXI_ARPROT[2]
WARNING: [Synth 8-3331] design AXI4LITE_Interface has unconnected port S_AXI_ARPROT[1]
WARNING: [Synth 8-3331] design AXI4LITE_Interface has unconnected port S_AXI_ARPROT[0]
WARNING: [Synth 8-3331] design bitcount has unconnected port S_AXIS_TKEEP[3]
WARNING: [Synth 8-3331] design bitcount has unconnected port S_AXIS_TKEEP[2]
WARNING: [Synth 8-3331] design bitcount has unconnected port S_AXIS_TKEEP[1]
WARNING: [Synth 8-3331] design bitcount has unconnected port S_AXIS_TKEEP[0]
WARNING: [Synth 8-3331] design bitcount has unconnected port S_AXIS_TLAST
---------------------------------------------------------------------------------
Finished RTL Elaboration : Time (s): cpu = 00:00:02 ; elapsed = 00:00:04 . Memory (MB): peak = 1597.852 ; gain = 138.383 ; free physical = 6136 ; free virtual = 26095
---------------------------------------------------------------------------------

Report Check Netlist: 
+------+------------------+-------+---------+-------+------------------+
|      |Item              |Errors |Warnings |Status |Description       |
+------+------------------+-------+---------+-------+------------------+
|1     |multi_driven_nets |      0|        0|Passed |Multi driven nets |
+------+------------------+-------+---------+-------+------------------+
WARNING: [Synth 8-3295] tying undriven pin bitcount_v1_0_S00_AXI_inst:READ_MEM_FLAT[31] to constant 0 [/nfs/nfs7/home/ejapundz/sp20-e315/E315/project_4/project_4.srcs/sources_1/new/AXI_bitcount.v:148]
WARNING: [Synth 8-3295] tying undriven pin bitcount_v1_0_S00_AXI_inst:READ_MEM_FLAT[30] to constant 0 [/nfs/nfs7/home/ejapundz/sp20-e315/E315/project_4/project_4.srcs/sources_1/new/AXI_bitcount.v:148]
WARNING: [Synth 8-3295] tying undriven pin bitcount_v1_0_S00_AXI_inst:READ_MEM_FLAT[29] to constant 0 [/nfs/nfs7/home/ejapundz/sp20-e315/E315/project_4/project_4.srcs/sources_1/new/AXI_bitcount.v:148]
WARNING: [Synth 8-3295] tying undriven pin bitcount_v1_0_S00_AXI_inst:READ_MEM_FLAT[28] to constant 0 [/nfs/nfs7/home/ejapundz/sp20-e315/E315/project_4/project_4.srcs/sources_1/new/AXI_bitcount.v:148]
WARNING: [Synth 8-3295] tying undriven pin bitcount_v1_0_S00_AXI_inst:READ_MEM_FLAT[27] to constant 0 [/nfs/nfs7/home/ejapundz/sp20-e315/E315/project_4/project_4.srcs/sources_1/new/AXI_bitcount.v:148]
WARNING: [Synth 8-3295] tying undriven pin bitcount_v1_0_S00_AXI_inst:READ_MEM_FLAT[26] to constant 0 [/nfs/nfs7/home/ejapundz/sp20-e315/E315/project_4/project_4.srcs/sources_1/new/AXI_bitcount.v:148]
WARNING: [Synth 8-3295] tying undriven pin bitcount_v1_0_S00_AXI_inst:READ_MEM_FLAT[25] to constant 0 [/nfs/nfs7/home/ejapundz/sp20-e315/E315/project_4/project_4.srcs/sources_1/new/AXI_bitcount.v:148]
WARNING: [Synth 8-3295] tying undriven pin bitcount_v1_0_S00_AXI_inst:READ_MEM_FLAT[24] to constant 0 [/nfs/nfs7/home/ejapundz/sp20-e315/E315/project_4/project_4.srcs/sources_1/new/AXI_bitcount.v:148]
WARNING: [Synth 8-3295] tying undriven pin bitcount_v1_0_S00_AXI_inst:READ_MEM_FLAT[23] to constant 0 [/nfs/nfs7/home/ejapundz/sp20-e315/E315/project_4/project_4.srcs/sources_1/new/AXI_bitcount.v:148]
WARNING: [Synth 8-3295] tying undriven pin bitcount_v1_0_S00_AXI_inst:READ_MEM_FLAT[22] to constant 0 [/nfs/nfs7/home/ejapundz/sp20-e315/E315/project_4/project_4.srcs/sources_1/new/AXI_bitcount.v:148]
WARNING: [Synth 8-3295] tying undriven pin bitcount_v1_0_S00_AXI_inst:READ_MEM_FLAT[21] to constant 0 [/nfs/nfs7/home/ejapundz/sp20-e315/E315/project_4/project_4.srcs/sources_1/new/AXI_bitcount.v:148]
WARNING: [Synth 8-3295] tying undriven pin bitcount_v1_0_S00_AXI_inst:READ_MEM_FLAT[20] to constant 0 [/nfs/nfs7/home/ejapundz/sp20-e315/E315/project_4/project_4.srcs/sources_1/new/AXI_bitcount.v:148]
WARNING: [Synth 8-3295] tying undriven pin bitcount_v1_0_S00_AXI_inst:READ_MEM_FLAT[19] to constant 0 [/nfs/nfs7/home/ejapundz/sp20-e315/E315/project_4/project_4.srcs/sources_1/new/AXI_bitcount.v:148]
WARNING: [Synth 8-3295] tying undriven pin bitcount_v1_0_S00_AXI_inst:READ_MEM_FLAT[18] to constant 0 [/nfs/nfs7/home/ejapundz/sp20-e315/E315/project_4/project_4.srcs/sources_1/new/AXI_bitcount.v:148]
WARNING: [Synth 8-3295] tying undriven pin bitcount_v1_0_S00_AXI_inst:READ_MEM_FLAT[17] to constant 0 [/nfs/nfs7/home/ejapundz/sp20-e315/E315/project_4/project_4.srcs/sources_1/new/AXI_bitcount.v:148]
WARNING: [Synth 8-3295] tying undriven pin bitcount_v1_0_S00_AXI_inst:READ_MEM_FLAT[16] to constant 0 [/nfs/nfs7/home/ejapundz/sp20-e315/E315/project_4/project_4.srcs/sources_1/new/AXI_bitcount.v:148]
WARNING: [Synth 8-3295] tying undriven pin bitcount_v1_0_S00_AXI_inst:READ_MEM_FLAT[15] to constant 0 [/nfs/nfs7/home/ejapundz/sp20-e315/E315/project_4/project_4.srcs/sources_1/new/AXI_bitcount.v:148]
WARNING: [Synth 8-3295] tying undriven pin bitcount_v1_0_S00_AXI_inst:READ_MEM_FLAT[14] to constant 0 [/nfs/nfs7/home/ejapundz/sp20-e315/E315/project_4/project_4.srcs/sources_1/new/AXI_bitcount.v:148]
WARNING: [Synth 8-3295] tying undriven pin bitcount_v1_0_S00_AXI_inst:READ_MEM_FLAT[13] to constant 0 [/nfs/nfs7/home/ejapundz/sp20-e315/E315/project_4/project_4.srcs/sources_1/new/AXI_bitcount.v:148]
WARNING: [Synth 8-3295] tying undriven pin bitcount_v1_0_S00_AXI_inst:READ_MEM_FLAT[12] to constant 0 [/nfs/nfs7/home/ejapundz/sp20-e315/E315/project_4/project_4.srcs/sources_1/new/AXI_bitcount.v:148]
WARNING: [Synth 8-3295] tying undriven pin bitcount_v1_0_S00_AXI_inst:READ_MEM_FLAT[11] to constant 0 [/nfs/nfs7/home/ejapundz/sp20-e315/E315/project_4/project_4.srcs/sources_1/new/AXI_bitcount.v:148]
WARNING: [Synth 8-3295] tying undriven pin bitcount_v1_0_S00_AXI_inst:READ_MEM_FLAT[10] to constant 0 [/nfs/nfs7/home/ejapundz/sp20-e315/E315/project_4/project_4.srcs/sources_1/new/AXI_bitcount.v:148]
WARNING: [Synth 8-3295] tying undriven pin bitcount_v1_0_S00_AXI_inst:READ_MEM_FLAT[9] to constant 0 [/nfs/nfs7/home/ejapundz/sp20-e315/E315/project_4/project_4.srcs/sources_1/new/AXI_bitcount.v:148]
WARNING: [Synth 8-3295] tying undriven pin bitcount_v1_0_S00_AXI_inst:READ_MEM_FLAT[8] to constant 0 [/nfs/nfs7/home/ejapundz/sp20-e315/E315/project_4/project_4.srcs/sources_1/new/AXI_bitcount.v:148]
WARNING: [Synth 8-3295] tying undriven pin bitcount_v1_0_S00_AXI_inst:READ_MEM_FLAT[7] to constant 0 [/nfs/nfs7/home/ejapundz/sp20-e315/E315/project_4/project_4.srcs/sources_1/new/AXI_bitcount.v:148]
WARNING: [Synth 8-3295] tying undriven pin bitcount_v1_0_S00_AXI_inst:READ_MEM_FLAT[6] to constant 0 [/nfs/nfs7/home/ejapundz/sp20-e315/E315/project_4/project_4.srcs/sources_1/new/AXI_bitcount.v:148]
WARNING: [Synth 8-3295] tying undriven pin bitcount_v1_0_S00_AXI_inst:READ_MEM_FLAT[5] to constant 0 [/nfs/nfs7/home/ejapundz/sp20-e315/E315/project_4/project_4.srcs/sources_1/new/AXI_bitcount.v:148]
WARNING: [Synth 8-3295] tying undriven pin bitcount_v1_0_S00_AXI_inst:READ_MEM_FLAT[4] to constant 0 [/nfs/nfs7/home/ejapundz/sp20-e315/E315/project_4/project_4.srcs/sources_1/new/AXI_bitcount.v:148]
WARNING: [Synth 8-3295] tying undriven pin bitcount_v1_0_S00_AXI_inst:READ_MEM_FLAT[3] to constant 0 [/nfs/nfs7/home/ejapundz/sp20-e315/E315/project_4/project_4.srcs/sources_1/new/AXI_bitcount.v:148]
WARNING: [Synth 8-3295] tying undriven pin bitcount_v1_0_S00_AXI_inst:READ_MEM_FLAT[2] to constant 0 [/nfs/nfs7/home/ejapundz/sp20-e315/E315/project_4/project_4.srcs/sources_1/new/AXI_bitcount.v:148]
WARNING: [Synth 8-3295] tying undriven pin bitcount_v1_0_S00_AXI_inst:READ_MEM_FLAT[1] to constant 0 [/nfs/nfs7/home/ejapundz/sp20-e315/E315/project_4/project_4.srcs/sources_1/new/AXI_bitcount.v:148]
WARNING: [Synth 8-3295] tying undriven pin bitcount_v1_0_S00_AXI_inst:READ_MEM_FLAT[0] to constant 0 [/nfs/nfs7/home/ejapundz/sp20-e315/E315/project_4/project_4.srcs/sources_1/new/AXI_bitcount.v:148]
---------------------------------------------------------------------------------
Start Handling Custom Attributes
---------------------------------------------------------------------------------
---------------------------------------------------------------------------------
Finished Handling Custom Attributes : Time (s): cpu = 00:00:02 ; elapsed = 00:00:04 . Memory (MB): peak = 1597.852 ; gain = 138.383 ; free physical = 6137 ; free virtual = 26096
---------------------------------------------------------------------------------
---------------------------------------------------------------------------------
Finished RTL Optimization Phase 1 : Time (s): cpu = 00:00:02 ; elapsed = 00:00:04 . Memory (MB): peak = 1597.852 ; gain = 138.383 ; free physical = 6137 ; free virtual = 26096
---------------------------------------------------------------------------------
INFO: [Device 21-403] Loading part xc7z020clg400-1
INFO: [Project 1-570] Preparing netlist for logic optimization

Processing XDC Constraints
Initializing timing engine
Completed Processing XDC Constraints

Netlist sorting complete. Time (s): cpu = 00:00:00 ; elapsed = 00:00:00 . Memory (MB): peak = 1954.875 ; gain = 0.000 ; free physical = 5863 ; free virtual = 25834
INFO: [Project 1-111] Unisim Transformation Summary:
No Unisim elements were transformed.

Netlist sorting complete. Time (s): cpu = 00:00:00 ; elapsed = 00:00:00 . Memory (MB): peak = 1954.879 ; gain = 0.000 ; free physical = 5863 ; free virtual = 25834
WARNING: [Constraints 18-5210] No constraints selected for write.
Resolution: This message can indicate that there are no constraints for the design, or it can indicate that the used_in flags are set such that the constraints are ignored. This later case is used when running synth_design to not write synthesis constraints to the resulting checkpoint. Instead, project constraints are read when the synthesized design is opened.
Constraint Validation Runtime : Time (s): cpu = 00:00:00.06 ; elapsed = 00:00:00.18 . Memory (MB): peak = 1956.875 ; gain = 2.000 ; free physical = 5861 ; free virtual = 25832
---------------------------------------------------------------------------------
Finished Constraint Validation : Time (s): cpu = 00:00:06 ; elapsed = 00:00:11 . Memory (MB): peak = 1956.875 ; gain = 497.406 ; free physical = 5936 ; free virtual = 25906
---------------------------------------------------------------------------------
---------------------------------------------------------------------------------
Start Loading Part and Timing Information
---------------------------------------------------------------------------------
Loading part: xc7z020clg400-1
---------------------------------------------------------------------------------
Finished Loading Part and Timing Information : Time (s): cpu = 00:00:06 ; elapsed = 00:00:11 . Memory (MB): peak = 1956.875 ; gain = 497.406 ; free physical = 5936 ; free virtual = 25906
---------------------------------------------------------------------------------
---------------------------------------------------------------------------------
Start Applying 'set_property' XDC Constraints
---------------------------------------------------------------------------------
---------------------------------------------------------------------------------
Finished applying 'set_property' XDC Constraints : Time (s): cpu = 00:00:06 ; elapsed = 00:00:11 . Memory (MB): peak = 1956.875 ; gain = 497.406 ; free physical = 5938 ; free virtual = 25908
---------------------------------------------------------------------------------
INFO: [Synth 8-5544] ROM "WRITE_MEM_reg[0]" won't be mapped to Block RAM because address size (2) smaller than threshold (5)
INFO: [Synth 8-5544] ROM "WRITE_MEM_reg[1]" won't be mapped to Block RAM because address size (2) smaller than threshold (5)
---------------------------------------------------------------------------------
Finished RTL Optimization Phase 2 : Time (s): cpu = 00:00:06 ; elapsed = 00:00:12 . Memory (MB): peak = 1956.875 ; gain = 497.406 ; free physical = 5930 ; free virtual = 25900
---------------------------------------------------------------------------------

Report RTL Partitions: 
+-+--------------+------------+----------+
| |RTL Partition |Replication |Instances |
+-+--------------+------------+----------+
+-+--------------+------------+----------+
---------------------------------------------------------------------------------
Start RTL Component Statistics 
---------------------------------------------------------------------------------
Detailed RTL Component Info : 
+---Adders : 
	  33 Input     32 Bit       Adders := 1     
+---Registers : 
	               32 Bit    Registers := 5     
	                4 Bit    Registers := 3     
	                2 Bit    Registers := 2     
	                1 Bit    Registers := 5     
+---Muxes : 
	   2 Input     32 Bit        Muxes := 4     
	   2 Input      8 Bit        Muxes := 10    
	   2 Input      4 Bit        Muxes := 3     
	   2 Input      1 Bit        Muxes := 6     
---------------------------------------------------------------------------------
Finished RTL Component Statistics 
---------------------------------------------------------------------------------
---------------------------------------------------------------------------------
Start RTL Hierarchical Component Statistics 
---------------------------------------------------------------------------------
Hierarchical RTL Component report 
Module bitcount 
Detailed RTL Component Info : 
+---Adders : 
	  33 Input     32 Bit       Adders := 1     
+---Registers : 
	               32 Bit    Registers := 1     
Module AXI4LITE_Interface 
Detailed RTL Component Info : 
+---Registers : 
	               32 Bit    Registers := 4     
	                4 Bit    Registers := 3     
	                2 Bit    Registers := 2     
	                1 Bit    Registers := 5     
+---Muxes : 
	   2 Input     32 Bit        Muxes := 4     
	   2 Input      8 Bit        Muxes := 10    
	   2 Input      4 Bit        Muxes := 3     
	   2 Input      1 Bit        Muxes := 6     
---------------------------------------------------------------------------------
Finished RTL Hierarchical Component Statistics
---------------------------------------------------------------------------------
---------------------------------------------------------------------------------
Start Part Resource Summary
---------------------------------------------------------------------------------
Part Resources:
DSPs: 220 (col length:60)
BRAMs: 280 (col length: RAMB18 60 RAMB36 30)
---------------------------------------------------------------------------------
Finished Part Resource Summary
---------------------------------------------------------------------------------
---------------------------------------------------------------------------------
Start Cross Boundary and Area Optimization
---------------------------------------------------------------------------------
Warning: Parallel synthesis criteria is not met 
INFO: [Synth 8-5544] ROM "inst/bitcount_v1_0_S00_AXI_inst/WRITE_MEM_reg[0]" won't be mapped to Block RAM because address size (2) smaller than threshold (5)
INFO: [Synth 8-3917] design bitcounter_AXI_bitcount_0_0 has port S_AXIS_TREADY driven by constant 1
INFO: [Synth 8-3917] design bitcounter_AXI_bitcount_0_0 has port S_AXI_BRESP[1] driven by constant 0
INFO: [Synth 8-3917] design bitcounter_AXI_bitcount_0_0 has port S_AXI_BRESP[0] driven by constant 0
INFO: [Synth 8-3917] design bitcounter_AXI_bitcount_0_0 has port S_AXI_RRESP[1] driven by constant 0
INFO: [Synth 8-3917] design bitcounter_AXI_bitcount_0_0 has port S_AXI_RRESP[0] driven by constant 0
WARNING: [Synth 8-3331] design bitcounter_AXI_bitcount_0_0 has unconnected port S_AXIS_TKEEP[3]
WARNING: [Synth 8-3331] design bitcounter_AXI_bitcount_0_0 has unconnected port S_AXIS_TKEEP[2]
WARNING: [Synth 8-3331] design bitcounter_AXI_bitcount_0_0 has unconnected port S_AXIS_TKEEP[1]
WARNING: [Synth 8-3331] design bitcounter_AXI_bitcount_0_0 has unconnected port S_AXIS_TKEEP[0]
WARNING: [Synth 8-3331] design bitcounter_AXI_bitcount_0_0 has unconnected port S_AXIS_TLAST
WARNING: [Synth 8-3331] design bitcounter_AXI_bitcount_0_0 has unconnected port S_AXI_AWPROT[2]
WARNING: [Synth 8-3331] design bitcounter_AXI_bitcount_0_0 has unconnected port S_AXI_AWPROT[1]
WARNING: [Synth 8-3331] design bitcounter_AXI_bitcount_0_0 has unconnected port S_AXI_AWPROT[0]
WARNING: [Synth 8-3331] design bitcounter_AXI_bitcount_0_0 has unconnected port S_AXI_ARPROT[2]
WARNING: [Synth 8-3331] design bitcounter_AXI_bitcount_0_0 has unconnected port S_AXI_ARPROT[1]
WARNING: [Synth 8-3331] design bitcounter_AXI_bitcount_0_0 has unconnected port S_AXI_ARPROT[0]
---------------------------------------------------------------------------------
Finished Cross Boundary and Area Optimization : Time (s): cpu = 00:00:07 ; elapsed = 00:00:12 . Memory (MB): peak = 1956.875 ; gain = 497.406 ; free physical = 5901 ; free virtual = 25879
---------------------------------------------------------------------------------

Report RTL Partitions: 
+-+--------------+------------+----------+
| |RTL Partition |Replication |Instances |
+-+--------------+------------+----------+
+-+--------------+------------+----------+
---------------------------------------------------------------------------------
Start Applying XDC Timing Constraints
---------------------------------------------------------------------------------
---------------------------------------------------------------------------------
Finished Applying XDC Timing Constraints : Time (s): cpu = 00:00:10 ; elapsed = 00:00:16 . Memory (MB): peak = 1956.875 ; gain = 497.406 ; free physical = 5741 ; free virtual = 25740
---------------------------------------------------------------------------------
---------------------------------------------------------------------------------
Start Timing Optimization
---------------------------------------------------------------------------------
---------------------------------------------------------------------------------
Finished Timing Optimization : Time (s): cpu = 00:00:10 ; elapsed = 00:00:16 . Memory (MB): peak = 1956.875 ; gain = 497.406 ; free physical = 5741 ; free virtual = 25741
---------------------------------------------------------------------------------

Report RTL Partitions: 
+-+--------------+------------+----------+
| |RTL Partition |Replication |Instances |
+-+--------------+------------+----------+
+-+--------------+------------+----------+
---------------------------------------------------------------------------------
Start Technology Mapping
---------------------------------------------------------------------------------
---------------------------------------------------------------------------------
Finished Technology Mapping : Time (s): cpu = 00:00:10 ; elapsed = 00:00:16 . Memory (MB): peak = 1956.875 ; gain = 497.406 ; free physical = 5738 ; free virtual = 25737
---------------------------------------------------------------------------------

Report RTL Partitions: 
+-+--------------+------------+----------+
| |RTL Partition |Replication |Instances |
+-+--------------+------------+----------+
+-+--------------+------------+----------+
---------------------------------------------------------------------------------
Start IO Insertion
---------------------------------------------------------------------------------
---------------------------------------------------------------------------------
Start Flattening Before IO Insertion
---------------------------------------------------------------------------------
---------------------------------------------------------------------------------
Finished Flattening Before IO Insertion
---------------------------------------------------------------------------------
---------------------------------------------------------------------------------
Start Final Netlist Cleanup
---------------------------------------------------------------------------------
---------------------------------------------------------------------------------
Finished Final Netlist Cleanup
---------------------------------------------------------------------------------
---------------------------------------------------------------------------------
Finished IO Insertion : Time (s): cpu = 00:00:11 ; elapsed = 00:00:17 . Memory (MB): peak = 1956.875 ; gain = 497.406 ; free physical = 5744 ; free virtual = 25745
---------------------------------------------------------------------------------

Report Check Netlist: 
+------+------------------+-------+---------+-------+------------------+
|      |Item              |Errors |Warnings |Status |Description       |
+------+------------------+-------+---------+-------+------------------+
|1     |multi_driven_nets |      0|        0|Passed |Multi driven nets |
+------+------------------+-------+---------+-------+------------------+
---------------------------------------------------------------------------------
Start Renaming Generated Instances
---------------------------------------------------------------------------------
---------------------------------------------------------------------------------
Finished Renaming Generated Instances : Time (s): cpu = 00:00:11 ; elapsed = 00:00:17 . Memory (MB): peak = 1956.875 ; gain = 497.406 ; free physical = 5744 ; free virtual = 25745
---------------------------------------------------------------------------------

Report RTL Partitions: 
+-+--------------+------------+----------+
| |RTL Partition |Replication |Instances |
+-+--------------+------------+----------+
+-+--------------+------------+----------+
---------------------------------------------------------------------------------
Start Rebuilding User Hierarchy
---------------------------------------------------------------------------------
---------------------------------------------------------------------------------
Finished Rebuilding User Hierarchy : Time (s): cpu = 00:00:11 ; elapsed = 00:00:17 . Memory (MB): peak = 1956.875 ; gain = 497.406 ; free physical = 5744 ; free virtual = 25745
---------------------------------------------------------------------------------
---------------------------------------------------------------------------------
Start Renaming Generated Ports
---------------------------------------------------------------------------------
---------------------------------------------------------------------------------
Finished Renaming Generated Ports : Time (s): cpu = 00:00:11 ; elapsed = 00:00:17 . Memory (MB): peak = 1956.875 ; gain = 497.406 ; free physical = 5744 ; free virtual = 25745
---------------------------------------------------------------------------------
---------------------------------------------------------------------------------
Start Handling Custom Attributes
---------------------------------------------------------------------------------
---------------------------------------------------------------------------------
Finished Handling Custom Attributes : Time (s): cpu = 00:00:11 ; elapsed = 00:00:17 . Memory (MB): peak = 1956.875 ; gain = 497.406 ; free physical = 5744 ; free virtual = 25745
---------------------------------------------------------------------------------
---------------------------------------------------------------------------------
Start Renaming Generated Nets
---------------------------------------------------------------------------------
---------------------------------------------------------------------------------
Finished Renaming Generated Nets : Time (s): cpu = 00:00:11 ; elapsed = 00:00:17 . Memory (MB): peak = 1956.875 ; gain = 497.406 ; free physical = 5744 ; free virtual = 25745
---------------------------------------------------------------------------------
---------------------------------------------------------------------------------
Start Writing Synthesis Report
---------------------------------------------------------------------------------

Report BlackBoxes: 
+-+--------------+----------+
| |BlackBox name |Instances |
+-+--------------+----------+
+-+--------------+----------+

Report Cell Usage: 
+------+-------+------+
|      |Cell   |Count |
+------+-------+------+
|1     |CARRY4 |    32|
|2     |LUT1   |     1|
|3     |LUT2   |     2|
|4     |LUT3   |    30|
|5     |LUT4   |     6|
|6     |LUT5   |     8|
|7     |LUT6   |    19|
|8     |FDRE   |    76|
+------+-------+------+

Report Instance Areas: 
+------+-------------------------------+-------------------+------+
|      |Instance                       |Module             |Cells |
+------+-------------------------------+-------------------+------+
|1     |top                            |                   |   174|
|2     |  inst                         |AXI_bitcount       |   174|
|3     |    bitcount0                  |bitcount           |   110|
|4     |    bitcount_v1_0_S00_AXI_inst |AXI4LITE_Interface |    64|
+------+-------------------------------+-------------------+------+
---------------------------------------------------------------------------------
Finished Writing Synthesis Report : Time (s): cpu = 00:00:11 ; elapsed = 00:00:17 . Memory (MB): peak = 1956.875 ; gain = 497.406 ; free physical = 5744 ; free virtual = 25745
---------------------------------------------------------------------------------
Synthesis finished with 0 errors, 0 critical warnings and 11 warnings.
Synthesis Optimization Runtime : Time (s): cpu = 00:00:08 ; elapsed = 00:00:12 . Memory (MB): peak = 1956.875 ; gain = 138.383 ; free physical = 5802 ; free virtual = 25803
Synthesis Optimization Complete : Time (s): cpu = 00:00:11 ; elapsed = 00:00:17 . Memory (MB): peak = 1956.875 ; gain = 497.406 ; free physical = 5813 ; free virtual = 25815
INFO: [Project 1-571] Translating synthesized netlist
INFO: [Netlist 29-17] Analyzing 32 Unisim elements for replacement
INFO: [Netlist 29-28] Unisim Transformation completed in 0 CPU seconds
INFO: [Project 1-570] Preparing netlist for logic optimization
INFO: [Opt 31-138] Pushed 0 inverter(s) to 0 load pin(s).
Netlist sorting complete. Time (s): cpu = 00:00:00 ; elapsed = 00:00:00 . Memory (MB): peak = 1964.883 ; gain = 0.000 ; free physical = 5734 ; free virtual = 25742
INFO: [Project 1-111] Unisim Transformation Summary:
No Unisim elements were transformed.

INFO: [Common 17-83] Releasing license: Synthesis
27 Infos, 56 Warnings, 0 Critical Warnings and 0 Errors encountered.
synth_design completed successfully
synth_design: Time (s): cpu = 00:00:12 ; elapsed = 00:00:18 . Memory (MB): peak = 1964.883 ; gain = 505.797 ; free physical = 5789 ; free virtual = 25798
Netlist sorting complete. Time (s): cpu = 00:00:00 ; elapsed = 00:00:00 . Memory (MB): peak = 1964.883 ; gain = 0.000 ; free physical = 5789 ; free virtual = 25798
WARNING: [Constraints 18-5210] No constraints selected for write.
Resolution: This message can indicate that there are no constraints for the design, or it can indicate that the used_in flags are set such that the constraints are ignored. This later case is used when running synth_design to not write synthesis constraints to the resulting checkpoint. Instead, project constraints are read when the synthesized design is opened.
INFO: [Common 17-1381] The checkpoint '/nfs/nfs7/home/ejapundz/sp20-e315/E315/project_4/project_4.runs/bitcounter_AXI_bitcount_0_0_synth_1/bitcounter_AXI_bitcount_0_0.dcp' has been generated.
INFO: [Coretcl 2-1174] Renamed 3 cell refs.
Netlist sorting complete. Time (s): cpu = 00:00:00 ; elapsed = 00:00:00 . Memory (MB): peak = 1988.902 ; gain = 0.000 ; free physical = 5789 ; free virtual = 25800
WARNING: [Constraints 18-5210] No constraints selected for write.
Resolution: This message can indicate that there are no constraints for the design, or it can indicate that the used_in flags are set such that the constraints are ignored. This later case is used when running synth_design to not write synthesis constraints to the resulting checkpoint. Instead, project constraints are read when the synthesized design is opened.
INFO: [Common 17-1381] The checkpoint '/nfs/nfs7/home/ejapundz/sp20-e315/E315/project_4/project_4.runs/bitcounter_AXI_bitcount_0_0_synth_1/bitcounter_AXI_bitcount_0_0.dcp' has been generated.
INFO: [runtcl-4] Executing : report_utilization -file bitcounter_AXI_bitcount_0_0_utilization_synth.rpt -pb bitcounter_AXI_bitcount_0_0_utilization_synth.pb
INFO: [Common 17-206] Exiting Vivado at Wed Mar  4 17:12:39 2020...
