15:25:57 INFO  : Registering command handlers for SDK TCF services
15:25:58 INFO  : Launching XSCT server: xsct -n -interactive /home/ejapundz/fa19-research/led_blink/led_blink.sdk/temp_xsdb_launch_script.tcl
15:26:01 INFO  : XSCT server has started successfully.
15:26:01 INFO  : Successfully done setting XSCT server connection channel  
15:26:01 INFO  : Successfully done setting SDK workspace  
15:26:01 INFO  : Processing command line option -hwspec /home/ejapundz/fa19-research/led_blink/led_blink.sdk/led_blink_wrapper.hdf.
15:28:25 INFO  : Connected to target on host '127.0.0.1' and port '3121'.
15:28:25 INFO  : Jtag cable 'Xilinx PYNQ-Z1 003017A4D228A' is selected.
15:28:25 INFO  : 'jtag frequency' command is executed.
15:28:25 INFO  : Sourcing of '/home/ejapundz/fa19-research/led_blink/led_blink.sdk/led_blink_wrapper_hw_platform_0/ps7_init.tcl' is done.
15:28:25 INFO  : Context for 'APU' is selected.
15:28:25 INFO  : System reset is completed.
15:28:28 INFO  : 'after 3000' command is executed.
15:28:28 INFO  : 'targets -set -filter {jtag_cable_name =~ "Xilinx PYNQ-Z1 003017A4D228A" && level==0} -index 1' command is executed.
15:28:31 INFO  : FPGA configured successfully with bitstream "/home/ejapundz/fa19-research/led_blink/led_blink.sdk/led_blink_wrapper_hw_platform_0/led_blink_wrapper.bit"
15:28:31 INFO  : Context for 'APU' is selected.
15:28:31 INFO  : Hardware design information is loaded from '/home/ejapundz/fa19-research/led_blink/led_blink.sdk/led_blink_wrapper_hw_platform_0/system.hdf'.
15:28:31 INFO  : 'configparams force-mem-access 1' command is executed.
15:28:31 INFO  : Context for 'APU' is selected.
15:28:31 INFO  : 'ps7_init' command is executed.
15:28:31 INFO  : 'ps7_post_config' command is executed.
15:28:31 INFO  : 'configparams force-mem-access 0' command is executed.
15:28:31 INFO  : ----------------XSDB Script----------------
connect -url tcp:127.0.0.1:3121
source /home/ejapundz/fa19-research/led_blink/led_blink.sdk/led_blink_wrapper_hw_platform_0/ps7_init.tcl
targets -set -nocase -filter {name =~"APU*" && jtag_cable_name =~ "Xilinx PYNQ-Z1 003017A4D228A"} -index 0
rst -system
after 3000
targets -set -filter {jtag_cable_name =~ "Xilinx PYNQ-Z1 003017A4D228A" && level==0} -index 1
fpga -file /home/ejapundz/fa19-research/led_blink/led_blink.sdk/led_blink_wrapper_hw_platform_0/led_blink_wrapper.bit
targets -set -nocase -filter {name =~"APU*" && jtag_cable_name =~ "Xilinx PYNQ-Z1 003017A4D228A"} -index 0
loadhw -hw /home/ejapundz/fa19-research/led_blink/led_blink.sdk/led_blink_wrapper_hw_platform_0/system.hdf -mem-ranges [list {0x40000000 0xbfffffff}]
configparams force-mem-access 1
targets -set -nocase -filter {name =~"APU*" && jtag_cable_name =~ "Xilinx PYNQ-Z1 003017A4D228A"} -index 0
ps7_init
ps7_post_config
configparams force-mem-access 0
----------------End of Script----------------

15:28:31 INFO  : Disconnected from the channel tcfchan#1.
15:29:07 INFO  : Connected to target on host '127.0.0.1' and port '3121'.
15:29:07 INFO  : Jtag cable 'Xilinx PYNQ-Z1 003017A4D228A' is selected.
15:29:07 INFO  : 'jtag frequency' command is executed.
15:29:07 INFO  : Sourcing of '/home/ejapundz/fa19-research/led_blink/led_blink.sdk/led_blink_wrapper_hw_platform_0/ps7_init.tcl' is done.
15:29:07 INFO  : Context for 'APU' is selected.
15:29:08 INFO  : System reset is completed.
15:29:11 INFO  : 'after 3000' command is executed.
15:29:11 INFO  : 'targets -set -filter {jtag_cable_name =~ "Xilinx PYNQ-Z1 003017A4D228A" && level==0} -index 1' command is executed.
15:29:13 INFO  : FPGA configured successfully with bitstream "/home/ejapundz/fa19-research/led_blink/led_blink.sdk/led_blink_wrapper_hw_platform_0/led_blink_wrapper.bit"
15:29:13 INFO  : Context for 'APU' is selected.
15:29:15 INFO  : Hardware design information is loaded from '/home/ejapundz/fa19-research/led_blink/led_blink.sdk/led_blink_wrapper_hw_platform_0/system.hdf'.
15:29:15 INFO  : 'configparams force-mem-access 1' command is executed.
15:29:15 INFO  : Context for 'APU' is selected.
15:29:15 INFO  : 'ps7_init' command is executed.
15:29:15 INFO  : 'ps7_post_config' command is executed.
15:29:15 INFO  : 'configparams force-mem-access 0' command is executed.
15:29:15 INFO  : ----------------XSDB Script----------------
connect -url tcp:127.0.0.1:3121
source /home/ejapundz/fa19-research/led_blink/led_blink.sdk/led_blink_wrapper_hw_platform_0/ps7_init.tcl
targets -set -nocase -filter {name =~"APU*" && jtag_cable_name =~ "Xilinx PYNQ-Z1 003017A4D228A"} -index 0
rst -system
after 3000
targets -set -filter {jtag_cable_name =~ "Xilinx PYNQ-Z1 003017A4D228A" && level==0} -index 1
fpga -file /home/ejapundz/fa19-research/led_blink/led_blink.sdk/led_blink_wrapper_hw_platform_0/led_blink_wrapper.bit
targets -set -nocase -filter {name =~"APU*" && jtag_cable_name =~ "Xilinx PYNQ-Z1 003017A4D228A"} -index 0
loadhw -hw /home/ejapundz/fa19-research/led_blink/led_blink.sdk/led_blink_wrapper_hw_platform_0/system.hdf -mem-ranges [list {0x40000000 0xbfffffff}]
configparams force-mem-access 1
targets -set -nocase -filter {name =~"APU*" && jtag_cable_name =~ "Xilinx PYNQ-Z1 003017A4D228A"} -index 0
ps7_init
ps7_post_config
configparams force-mem-access 0
----------------End of Script----------------

15:29:15 INFO  : Disconnected from the channel tcfchan#2.
15:30:04 INFO  : Connected to target on host '127.0.0.1' and port '3121'.
15:30:04 INFO  : Jtag cable 'Xilinx PYNQ-Z1 003017A4D228A' is selected.
15:30:04 INFO  : 'jtag frequency' command is executed.
15:30:04 INFO  : Sourcing of '/home/ejapundz/fa19-research/led_blink/led_blink.sdk/led_blink_wrapper_hw_platform_0/ps7_init.tcl' is done.
15:30:04 INFO  : Context for 'APU' is selected.
15:30:05 INFO  : System reset is completed.
15:30:08 INFO  : 'after 3000' command is executed.
15:30:08 INFO  : 'targets -set -filter {jtag_cable_name =~ "Xilinx PYNQ-Z1 003017A4D228A" && level==0} -index 1' command is executed.
15:30:10 INFO  : FPGA configured successfully with bitstream "/home/ejapundz/fa19-research/led_blink/led_blink.sdk/led_blink_wrapper_hw_platform_0/led_blink_wrapper.bit"
15:30:10 INFO  : Context for 'APU' is selected.
15:30:12 INFO  : Hardware design information is loaded from '/home/ejapundz/fa19-research/led_blink/led_blink.sdk/led_blink_wrapper_hw_platform_0/system.hdf'.
15:30:12 INFO  : 'configparams force-mem-access 1' command is executed.
15:30:12 INFO  : Context for 'APU' is selected.
15:30:12 INFO  : 'ps7_init' command is executed.
15:30:12 INFO  : 'ps7_post_config' command is executed.
15:30:12 INFO  : 'configparams force-mem-access 0' command is executed.
15:30:12 INFO  : ----------------XSDB Script----------------
connect -url tcp:127.0.0.1:3121
source /home/ejapundz/fa19-research/led_blink/led_blink.sdk/led_blink_wrapper_hw_platform_0/ps7_init.tcl
targets -set -nocase -filter {name =~"APU*" && jtag_cable_name =~ "Xilinx PYNQ-Z1 003017A4D228A"} -index 0
rst -system
after 3000
targets -set -filter {jtag_cable_name =~ "Xilinx PYNQ-Z1 003017A4D228A" && level==0} -index 1
fpga -file /home/ejapundz/fa19-research/led_blink/led_blink.sdk/led_blink_wrapper_hw_platform_0/led_blink_wrapper.bit
targets -set -nocase -filter {name =~"APU*" && jtag_cable_name =~ "Xilinx PYNQ-Z1 003017A4D228A"} -index 0
loadhw -hw /home/ejapundz/fa19-research/led_blink/led_blink.sdk/led_blink_wrapper_hw_platform_0/system.hdf -mem-ranges [list {0x40000000 0xbfffffff}]
configparams force-mem-access 1
targets -set -nocase -filter {name =~"APU*" && jtag_cable_name =~ "Xilinx PYNQ-Z1 003017A4D228A"} -index 0
ps7_init
ps7_post_config
configparams force-mem-access 0
----------------End of Script----------------

15:30:12 INFO  : Disconnected from the channel tcfchan#3.
15:30:21 INFO  : 'targets -set -filter {jtag_cable_name =~ "Xilinx PYNQ-Z1 003017A4D228A" && level==0} -index 1' command is executed.
15:30:21 INFO  : 'fpga -state' command is executed.
15:30:21 INFO  : Connected to target on host '127.0.0.1' and port '3121'.
15:30:21 INFO  : Jtag cable 'Xilinx PYNQ-Z1 003017A4D228A' is selected.
15:30:21 INFO  : 'jtag frequency' command is executed.
15:30:21 INFO  : Sourcing of '/home/ejapundz/fa19-research/led_blink/led_blink.sdk/led_blink_wrapper_hw_platform_0/ps7_init.tcl' is done.
15:30:21 INFO  : Context for 'APU' is selected.
15:30:23 INFO  : Hardware design information is loaded from '/home/ejapundz/fa19-research/led_blink/led_blink.sdk/led_blink_wrapper_hw_platform_0/system.hdf'.
15:30:23 INFO  : 'configparams force-mem-access 1' command is executed.
15:30:23 INFO  : Context for 'APU' is selected.
15:30:23 INFO  : 'stop' command is executed.
15:30:24 INFO  : 'ps7_init' command is executed.
15:30:24 INFO  : 'ps7_post_config' command is executed.
15:30:24 INFO  : Context for processor 'ps7_cortexa9_0' is selected.
15:30:24 INFO  : Processor reset is completed for 'ps7_cortexa9_0'.
15:30:24 INFO  : Context for processor 'ps7_cortexa9_0' is selected.
15:30:24 INFO  : The application '/home/ejapundz/fa19-research/led_blink/led_blink.sdk/led_blink/Debug/led_blink.elf' is downloaded to processor 'ps7_cortexa9_0'.
15:30:24 INFO  : 'configparams force-mem-access 0' command is executed.
15:30:24 INFO  : ----------------XSDB Script----------------
connect -url tcp:127.0.0.1:3121
source /home/ejapundz/fa19-research/led_blink/led_blink.sdk/led_blink_wrapper_hw_platform_0/ps7_init.tcl
targets -set -nocase -filter {name =~"APU*" && jtag_cable_name =~ "Xilinx PYNQ-Z1 003017A4D228A"} -index 0
loadhw -hw /home/ejapundz/fa19-research/led_blink/led_blink.sdk/led_blink_wrapper_hw_platform_0/system.hdf -mem-ranges [list {0x40000000 0xbfffffff}]
configparams force-mem-access 1
targets -set -nocase -filter {name =~"APU*" && jtag_cable_name =~ "Xilinx PYNQ-Z1 003017A4D228A"} -index 0
stop
ps7_init
ps7_post_config
targets -set -nocase -filter {name =~ "ARM*#0" && jtag_cable_name =~ "Xilinx PYNQ-Z1 003017A4D228A"} -index 0
rst -processor
targets -set -nocase -filter {name =~ "ARM*#0" && jtag_cable_name =~ "Xilinx PYNQ-Z1 003017A4D228A"} -index 0
dow /home/ejapundz/fa19-research/led_blink/led_blink.sdk/led_blink/Debug/led_blink.elf
configparams force-mem-access 0
----------------End of Script----------------

15:30:24 INFO  : Context for processor 'ps7_cortexa9_0' is selected.
15:30:24 INFO  : 'con' command is executed.
15:30:24 INFO  : ----------------XSDB Script (After Launch)----------------
targets -set -nocase -filter {name =~ "ARM*#0" && jtag_cable_name =~ "Xilinx PYNQ-Z1 003017A4D228A"} -index 0
con
----------------End of Script----------------

15:30:24 INFO  : Disconnected from the channel tcfchan#4.
15:34:04 INFO  : Connected to target on host '127.0.0.1' and port '3121'.
15:34:04 INFO  : Jtag cable 'Xilinx PYNQ-Z1 003017A4D228A' is selected.
15:34:04 INFO  : 'jtag frequency' command is executed.
15:34:04 INFO  : Sourcing of '/home/ejapundz/fa19-research/led_blink/led_blink.sdk/led_blink_wrapper_hw_platform_0/ps7_init.tcl' is done.
15:34:04 INFO  : Context for 'APU' is selected.
15:34:05 INFO  : System reset is completed.
15:34:08 INFO  : 'after 3000' command is executed.
15:34:08 INFO  : 'targets -set -filter {jtag_cable_name =~ "Xilinx PYNQ-Z1 003017A4D228A" && level==0} -index 1' command is executed.
15:34:10 INFO  : FPGA configured successfully with bitstream "/home/ejapundz/fa19-research/led_blink/led_blink.sdk/led_blink_wrapper_hw_platform_0/led_blink_wrapper.bit"
15:34:10 INFO  : Context for 'APU' is selected.
15:34:11 INFO  : Hardware design information is loaded from '/home/ejapundz/fa19-research/led_blink/led_blink.sdk/led_blink_wrapper_hw_platform_0/system.hdf'.
15:34:11 INFO  : 'configparams force-mem-access 1' command is executed.
15:34:12 INFO  : Context for 'APU' is selected.
15:34:12 INFO  : 'ps7_init' command is executed.
15:34:12 INFO  : 'ps7_post_config' command is executed.
15:34:12 INFO  : Context for processor 'ps7_cortexa9_0' is selected.
15:34:12 INFO  : The application '/home/ejapundz/fa19-research/led_blink/led_blink.sdk/led_blink/Debug/led_blink.elf' is downloaded to processor 'ps7_cortexa9_0'.
15:34:12 INFO  : 'configparams force-mem-access 0' command is executed.
15:34:12 INFO  : ----------------XSDB Script----------------
connect -url tcp:127.0.0.1:3121
source /home/ejapundz/fa19-research/led_blink/led_blink.sdk/led_blink_wrapper_hw_platform_0/ps7_init.tcl
targets -set -nocase -filter {name =~"APU*" && jtag_cable_name =~ "Xilinx PYNQ-Z1 003017A4D228A"} -index 0
rst -system
after 3000
targets -set -filter {jtag_cable_name =~ "Xilinx PYNQ-Z1 003017A4D228A" && level==0} -index 1
fpga -file /home/ejapundz/fa19-research/led_blink/led_blink.sdk/led_blink_wrapper_hw_platform_0/led_blink_wrapper.bit
targets -set -nocase -filter {name =~"APU*" && jtag_cable_name =~ "Xilinx PYNQ-Z1 003017A4D228A"} -index 0
loadhw -hw /home/ejapundz/fa19-research/led_blink/led_blink.sdk/led_blink_wrapper_hw_platform_0/system.hdf -mem-ranges [list {0x40000000 0xbfffffff}]
configparams force-mem-access 1
targets -set -nocase -filter {name =~"APU*" && jtag_cable_name =~ "Xilinx PYNQ-Z1 003017A4D228A"} -index 0
ps7_init
ps7_post_config
targets -set -nocase -filter {name =~ "ARM*#0" && jtag_cable_name =~ "Xilinx PYNQ-Z1 003017A4D228A"} -index 0
dow /home/ejapundz/fa19-research/led_blink/led_blink.sdk/led_blink/Debug/led_blink.elf
configparams force-mem-access 0
----------------End of Script----------------

15:34:12 INFO  : Context for processor 'ps7_cortexa9_0' is selected.
15:34:12 INFO  : 'con' command is executed.
15:34:12 INFO  : ----------------XSDB Script (After Launch)----------------
targets -set -nocase -filter {name =~ "ARM*#0" && jtag_cable_name =~ "Xilinx PYNQ-Z1 003017A4D228A"} -index 0
con
----------------End of Script----------------

15:34:12 INFO  : Disconnected from the channel tcfchan#5.
13:44:45 INFO  : Launching XSCT server: xsct -n -interactive /home/ejapundz/fa19-research/led_blink/led_blink.sdk/temp_xsdb_launch_script.tcl
13:44:45 INFO  : Registering command handlers for SDK TCF services
13:44:48 INFO  : XSCT server has started successfully.
13:44:48 INFO  : Successfully done setting XSCT server connection channel  
13:44:48 INFO  : Successfully done setting SDK workspace  
13:44:50 INFO  : Processing command line option -hwspec /home/ejapundz/fa19-research/led_blink/led_blink.sdk/led_blink_wrapper.hdf.
13:44:50 INFO  : Checking for hwspec changes in the project led_blink_wrapper_hw_platform_0.
13:54:49 INFO  : Connected to target on host '127.0.0.1' and port '3121'.
13:54:50 INFO  : Jtag cable 'Xilinx PYNQ-Z1 003017A4D228A' is selected.
13:54:50 INFO  : 'jtag frequency' command is executed.
13:54:50 INFO  : Sourcing of '/home/ejapundz/fa19-research/led_blink/led_blink.sdk/led_blink_wrapper_hw_platform_0/ps7_init.tcl' is done.
13:54:50 INFO  : Context for 'APU' is selected.
13:54:50 INFO  : System reset is completed.
13:54:53 INFO  : 'after 3000' command is executed.
13:54:53 INFO  : 'targets -set -filter {jtag_cable_name =~ "Xilinx PYNQ-Z1 003017A4D228A" && level==0} -index 1' command is executed.
13:54:55 INFO  : FPGA configured successfully with bitstream "/home/ejapundz/fa19-research/led_blink/led_blink.sdk/led_blink_wrapper_hw_platform_0/led_blink_wrapper.bit"
13:54:55 INFO  : Context for 'APU' is selected.
13:54:56 INFO  : Hardware design information is loaded from '/home/ejapundz/fa19-research/led_blink/led_blink.sdk/led_blink_wrapper_hw_platform_0/system.hdf'.
13:54:56 INFO  : 'configparams force-mem-access 1' command is executed.
13:54:56 INFO  : Context for 'APU' is selected.
13:54:56 INFO  : 'ps7_init' command is executed.
13:54:56 INFO  : 'ps7_post_config' command is executed.
13:54:56 INFO  : Context for processor 'ps7_cortexa9_0' is selected.
13:54:56 INFO  : The application '/home/ejapundz/fa19-research/led_blink/led_blink.sdk/led_blink/Debug/led_blink.elf' is downloaded to processor 'ps7_cortexa9_0'.
13:54:56 INFO  : 'configparams force-mem-access 0' command is executed.
13:54:56 INFO  : ----------------XSDB Script----------------
connect -url tcp:127.0.0.1:3121
source /home/ejapundz/fa19-research/led_blink/led_blink.sdk/led_blink_wrapper_hw_platform_0/ps7_init.tcl
targets -set -nocase -filter {name =~"APU*" && jtag_cable_name =~ "Xilinx PYNQ-Z1 003017A4D228A"} -index 0
rst -system
after 3000
targets -set -filter {jtag_cable_name =~ "Xilinx PYNQ-Z1 003017A4D228A" && level==0} -index 1
fpga -file /home/ejapundz/fa19-research/led_blink/led_blink.sdk/led_blink_wrapper_hw_platform_0/led_blink_wrapper.bit
targets -set -nocase -filter {name =~"APU*" && jtag_cable_name =~ "Xilinx PYNQ-Z1 003017A4D228A"} -index 0
loadhw -hw /home/ejapundz/fa19-research/led_blink/led_blink.sdk/led_blink_wrapper_hw_platform_0/system.hdf -mem-ranges [list {0x40000000 0xbfffffff}]
configparams force-mem-access 1
targets -set -nocase -filter {name =~"APU*" && jtag_cable_name =~ "Xilinx PYNQ-Z1 003017A4D228A"} -index 0
ps7_init
ps7_post_config
targets -set -nocase -filter {name =~ "ARM*#0" && jtag_cable_name =~ "Xilinx PYNQ-Z1 003017A4D228A"} -index 0
dow /home/ejapundz/fa19-research/led_blink/led_blink.sdk/led_blink/Debug/led_blink.elf
configparams force-mem-access 0
----------------End of Script----------------

13:54:56 INFO  : Context for processor 'ps7_cortexa9_0' is selected.
13:54:56 INFO  : 'con' command is executed.
13:54:56 INFO  : ----------------XSDB Script (After Launch)----------------
targets -set -nocase -filter {name =~ "ARM*#0" && jtag_cable_name =~ "Xilinx PYNQ-Z1 003017A4D228A"} -index 0
con
----------------End of Script----------------

13:54:56 INFO  : Disconnected from the channel tcfchan#1.
13:56:31 INFO  : Connected to target on host '127.0.0.1' and port '3121'.
13:56:32 INFO  : Jtag cable 'Xilinx PYNQ-Z1 003017A4D228A' is selected.
13:56:32 INFO  : 'jtag frequency' command is executed.
13:56:32 INFO  : Sourcing of '/home/ejapundz/fa19-research/led_blink/led_blink.sdk/led_blink_wrapper_hw_platform_0/ps7_init.tcl' is done.
13:56:32 INFO  : Context for 'APU' is selected.
13:56:32 INFO  : System reset is completed.
13:56:35 INFO  : 'after 3000' command is executed.
13:56:35 INFO  : 'targets -set -filter {jtag_cable_name =~ "Xilinx PYNQ-Z1 003017A4D228A" && level==0} -index 1' command is executed.
13:56:37 INFO  : FPGA configured successfully with bitstream "/home/ejapundz/fa19-research/led_blink/led_blink.sdk/led_blink_wrapper_hw_platform_0/led_blink_wrapper.bit"
13:56:37 INFO  : Context for 'APU' is selected.
13:56:39 INFO  : Hardware design information is loaded from '/home/ejapundz/fa19-research/led_blink/led_blink.sdk/led_blink_wrapper_hw_platform_0/system.hdf'.
13:56:39 INFO  : 'configparams force-mem-access 1' command is executed.
13:56:39 INFO  : Context for 'APU' is selected.
13:56:40 INFO  : 'ps7_init' command is executed.
13:56:40 INFO  : 'ps7_post_config' command is executed.
13:56:40 INFO  : Context for processor 'ps7_cortexa9_0' is selected.
13:56:40 INFO  : The application '/home/ejapundz/fa19-research/led_blink/led_blink.sdk/led_blink/Debug/led_blink.elf' is downloaded to processor 'ps7_cortexa9_0'.
13:56:40 INFO  : 'configparams force-mem-access 0' command is executed.
13:56:40 INFO  : ----------------XSDB Script----------------
connect -url tcp:127.0.0.1:3121
source /home/ejapundz/fa19-research/led_blink/led_blink.sdk/led_blink_wrapper_hw_platform_0/ps7_init.tcl
targets -set -nocase -filter {name =~"APU*" && jtag_cable_name =~ "Xilinx PYNQ-Z1 003017A4D228A"} -index 0
rst -system
after 3000
targets -set -filter {jtag_cable_name =~ "Xilinx PYNQ-Z1 003017A4D228A" && level==0} -index 1
fpga -file /home/ejapundz/fa19-research/led_blink/led_blink.sdk/led_blink_wrapper_hw_platform_0/led_blink_wrapper.bit
targets -set -nocase -filter {name =~"APU*" && jtag_cable_name =~ "Xilinx PYNQ-Z1 003017A4D228A"} -index 0
loadhw -hw /home/ejapundz/fa19-research/led_blink/led_blink.sdk/led_blink_wrapper_hw_platform_0/system.hdf -mem-ranges [list {0x40000000 0xbfffffff}]
configparams force-mem-access 1
targets -set -nocase -filter {name =~"APU*" && jtag_cable_name =~ "Xilinx PYNQ-Z1 003017A4D228A"} -index 0
ps7_init
ps7_post_config
targets -set -nocase -filter {name =~ "ARM*#0" && jtag_cable_name =~ "Xilinx PYNQ-Z1 003017A4D228A"} -index 0
dow /home/ejapundz/fa19-research/led_blink/led_blink.sdk/led_blink/Debug/led_blink.elf
configparams force-mem-access 0
----------------End of Script----------------

13:56:40 INFO  : Context for processor 'ps7_cortexa9_0' is selected.
13:56:40 INFO  : 'con' command is executed.
13:56:40 INFO  : ----------------XSDB Script (After Launch)----------------
targets -set -nocase -filter {name =~ "ARM*#0" && jtag_cable_name =~ "Xilinx PYNQ-Z1 003017A4D228A"} -index 0
con
----------------End of Script----------------

13:56:40 INFO  : Disconnected from the channel tcfchan#2.
13:57:38 INFO  : Connected to target on host '127.0.0.1' and port '3121'.
13:57:38 INFO  : Jtag cable 'Xilinx PYNQ-Z1 003017A4D228A' is selected.
13:57:38 INFO  : 'jtag frequency' command is executed.
13:57:38 INFO  : Sourcing of '/home/ejapundz/fa19-research/led_blink/led_blink.sdk/led_blink_wrapper_hw_platform_0/ps7_init.tcl' is done.
13:57:38 INFO  : Context for 'APU' is selected.
13:57:38 INFO  : System reset is completed.
13:57:41 INFO  : 'after 3000' command is executed.
13:57:41 INFO  : 'targets -set -filter {jtag_cable_name =~ "Xilinx PYNQ-Z1 003017A4D228A" && level==0} -index 1' command is executed.
13:57:44 INFO  : FPGA configured successfully with bitstream "/home/ejapundz/fa19-research/led_blink/led_blink.sdk/led_blink_wrapper_hw_platform_0/led_blink_wrapper.bit"
13:57:44 INFO  : Context for 'APU' is selected.
13:57:45 INFO  : Hardware design information is loaded from '/home/ejapundz/fa19-research/led_blink/led_blink.sdk/led_blink_wrapper_hw_platform_0/system.hdf'.
13:57:45 INFO  : 'configparams force-mem-access 1' command is executed.
13:57:45 INFO  : Context for 'APU' is selected.
13:57:46 INFO  : 'ps7_init' command is executed.
13:57:46 INFO  : 'ps7_post_config' command is executed.
13:57:46 INFO  : Context for processor 'ps7_cortexa9_0' is selected.
13:57:46 INFO  : The application '/home/ejapundz/fa19-research/led_blink/led_blink.sdk/led_blink/Debug/led_blink.elf' is downloaded to processor 'ps7_cortexa9_0'.
13:57:46 INFO  : 'configparams force-mem-access 0' command is executed.
13:57:46 INFO  : ----------------XSDB Script----------------
connect -url tcp:127.0.0.1:3121
source /home/ejapundz/fa19-research/led_blink/led_blink.sdk/led_blink_wrapper_hw_platform_0/ps7_init.tcl
targets -set -nocase -filter {name =~"APU*" && jtag_cable_name =~ "Xilinx PYNQ-Z1 003017A4D228A"} -index 0
rst -system
after 3000
targets -set -filter {jtag_cable_name =~ "Xilinx PYNQ-Z1 003017A4D228A" && level==0} -index 1
fpga -file /home/ejapundz/fa19-research/led_blink/led_blink.sdk/led_blink_wrapper_hw_platform_0/led_blink_wrapper.bit
targets -set -nocase -filter {name =~"APU*" && jtag_cable_name =~ "Xilinx PYNQ-Z1 003017A4D228A"} -index 0
loadhw -hw /home/ejapundz/fa19-research/led_blink/led_blink.sdk/led_blink_wrapper_hw_platform_0/system.hdf -mem-ranges [list {0x40000000 0xbfffffff}]
configparams force-mem-access 1
targets -set -nocase -filter {name =~"APU*" && jtag_cable_name =~ "Xilinx PYNQ-Z1 003017A4D228A"} -index 0
ps7_init
ps7_post_config
targets -set -nocase -filter {name =~ "ARM*#0" && jtag_cable_name =~ "Xilinx PYNQ-Z1 003017A4D228A"} -index 0
dow /home/ejapundz/fa19-research/led_blink/led_blink.sdk/led_blink/Debug/led_blink.elf
configparams force-mem-access 0
----------------End of Script----------------

13:57:46 INFO  : Context for processor 'ps7_cortexa9_0' is selected.
13:57:46 INFO  : 'con' command is executed.
13:57:46 INFO  : ----------------XSDB Script (After Launch)----------------
targets -set -nocase -filter {name =~ "ARM*#0" && jtag_cable_name =~ "Xilinx PYNQ-Z1 003017A4D228A"} -index 0
con
----------------End of Script----------------

13:57:46 INFO  : Disconnected from the channel tcfchan#3.
13:59:51 INFO  : Connected to target on host '127.0.0.1' and port '3121'.
13:59:51 INFO  : Jtag cable 'Xilinx PYNQ-Z1 003017A4D228A' is selected.
13:59:51 INFO  : 'jtag frequency' command is executed.
13:59:51 INFO  : Sourcing of '/home/ejapundz/fa19-research/led_blink/led_blink.sdk/led_blink_wrapper_hw_platform_0/ps7_init.tcl' is done.
13:59:51 INFO  : Context for 'APU' is selected.
13:59:51 INFO  : System reset is completed.
13:59:54 INFO  : 'after 3000' command is executed.
13:59:54 INFO  : 'targets -set -filter {jtag_cable_name =~ "Xilinx PYNQ-Z1 003017A4D228A" && level==0} -index 1' command is executed.
13:59:57 INFO  : FPGA configured successfully with bitstream "/home/ejapundz/fa19-research/led_blink/led_blink.sdk/led_blink_wrapper_hw_platform_0/led_blink_wrapper.bit"
13:59:57 INFO  : Context for 'APU' is selected.
13:59:58 INFO  : Hardware design information is loaded from '/home/ejapundz/fa19-research/led_blink/led_blink.sdk/led_blink_wrapper_hw_platform_0/system.hdf'.
13:59:58 INFO  : 'configparams force-mem-access 1' command is executed.
13:59:58 INFO  : Context for 'APU' is selected.
13:59:59 INFO  : 'ps7_init' command is executed.
13:59:59 INFO  : 'ps7_post_config' command is executed.
13:59:59 INFO  : Context for processor 'ps7_cortexa9_0' is selected.
13:59:59 INFO  : The application '/home/ejapundz/fa19-research/led_blink/led_blink.sdk/led_blink/Debug/led_blink.elf' is downloaded to processor 'ps7_cortexa9_0'.
13:59:59 INFO  : 'configparams force-mem-access 0' command is executed.
13:59:59 INFO  : ----------------XSDB Script----------------
connect -url tcp:127.0.0.1:3121
source /home/ejapundz/fa19-research/led_blink/led_blink.sdk/led_blink_wrapper_hw_platform_0/ps7_init.tcl
targets -set -nocase -filter {name =~"APU*" && jtag_cable_name =~ "Xilinx PYNQ-Z1 003017A4D228A"} -index 0
rst -system
after 3000
targets -set -filter {jtag_cable_name =~ "Xilinx PYNQ-Z1 003017A4D228A" && level==0} -index 1
fpga -file /home/ejapundz/fa19-research/led_blink/led_blink.sdk/led_blink_wrapper_hw_platform_0/led_blink_wrapper.bit
targets -set -nocase -filter {name =~"APU*" && jtag_cable_name =~ "Xilinx PYNQ-Z1 003017A4D228A"} -index 0
loadhw -hw /home/ejapundz/fa19-research/led_blink/led_blink.sdk/led_blink_wrapper_hw_platform_0/system.hdf -mem-ranges [list {0x40000000 0xbfffffff}]
configparams force-mem-access 1
targets -set -nocase -filter {name =~"APU*" && jtag_cable_name =~ "Xilinx PYNQ-Z1 003017A4D228A"} -index 0
ps7_init
ps7_post_config
targets -set -nocase -filter {name =~ "ARM*#0" && jtag_cable_name =~ "Xilinx PYNQ-Z1 003017A4D228A"} -index 0
dow /home/ejapundz/fa19-research/led_blink/led_blink.sdk/led_blink/Debug/led_blink.elf
configparams force-mem-access 0
----------------End of Script----------------

13:59:59 INFO  : Context for processor 'ps7_cortexa9_0' is selected.
13:59:59 INFO  : 'con' command is executed.
13:59:59 INFO  : ----------------XSDB Script (After Launch)----------------
targets -set -nocase -filter {name =~ "ARM*#0" && jtag_cable_name =~ "Xilinx PYNQ-Z1 003017A4D228A"} -index 0
con
----------------End of Script----------------

13:59:59 INFO  : Disconnected from the channel tcfchan#4.
14:03:19 INFO  : Connected to target on host '127.0.0.1' and port '3121'.
14:03:20 INFO  : Jtag cable 'Xilinx PYNQ-Z1 003017A4D228A' is selected.
14:03:20 INFO  : 'jtag frequency' command is executed.
14:03:20 INFO  : Sourcing of '/home/ejapundz/fa19-research/led_blink/led_blink.sdk/led_blink_wrapper_hw_platform_0/ps7_init.tcl' is done.
14:03:20 INFO  : Context for 'APU' is selected.
14:03:20 INFO  : System reset is completed.
14:03:23 INFO  : 'after 3000' command is executed.
14:03:23 INFO  : 'targets -set -filter {jtag_cable_name =~ "Xilinx PYNQ-Z1 003017A4D228A" && level==0} -index 1' command is executed.
14:03:26 INFO  : FPGA configured successfully with bitstream "/home/ejapundz/fa19-research/led_blink/led_blink.sdk/led_blink_wrapper_hw_platform_0/led_blink_wrapper.bit"
14:03:26 INFO  : Context for 'APU' is selected.
14:03:27 INFO  : Hardware design information is loaded from '/home/ejapundz/fa19-research/led_blink/led_blink.sdk/led_blink_wrapper_hw_platform_0/system.hdf'.
14:03:27 INFO  : 'configparams force-mem-access 1' command is executed.
14:03:27 INFO  : Context for 'APU' is selected.
14:03:28 INFO  : 'ps7_init' command is executed.
14:03:28 INFO  : 'ps7_post_config' command is executed.
14:03:28 INFO  : Context for processor 'ps7_cortexa9_0' is selected.
14:03:28 INFO  : The application '/home/ejapundz/fa19-research/led_blink/led_blink.sdk/led_blink/Debug/led_blink.elf' is downloaded to processor 'ps7_cortexa9_0'.
14:03:28 INFO  : 'configparams force-mem-access 0' command is executed.
14:03:28 INFO  : ----------------XSDB Script----------------
connect -url tcp:127.0.0.1:3121
source /home/ejapundz/fa19-research/led_blink/led_blink.sdk/led_blink_wrapper_hw_platform_0/ps7_init.tcl
targets -set -nocase -filter {name =~"APU*" && jtag_cable_name =~ "Xilinx PYNQ-Z1 003017A4D228A"} -index 0
rst -system
after 3000
targets -set -filter {jtag_cable_name =~ "Xilinx PYNQ-Z1 003017A4D228A" && level==0} -index 1
fpga -file /home/ejapundz/fa19-research/led_blink/led_blink.sdk/led_blink_wrapper_hw_platform_0/led_blink_wrapper.bit
targets -set -nocase -filter {name =~"APU*" && jtag_cable_name =~ "Xilinx PYNQ-Z1 003017A4D228A"} -index 0
loadhw -hw /home/ejapundz/fa19-research/led_blink/led_blink.sdk/led_blink_wrapper_hw_platform_0/system.hdf -mem-ranges [list {0x40000000 0xbfffffff}]
configparams force-mem-access 1
targets -set -nocase -filter {name =~"APU*" && jtag_cable_name =~ "Xilinx PYNQ-Z1 003017A4D228A"} -index 0
ps7_init
ps7_post_config
targets -set -nocase -filter {name =~ "ARM*#0" && jtag_cable_name =~ "Xilinx PYNQ-Z1 003017A4D228A"} -index 0
dow /home/ejapundz/fa19-research/led_blink/led_blink.sdk/led_blink/Debug/led_blink.elf
configparams force-mem-access 0
----------------End of Script----------------

14:03:28 INFO  : Context for processor 'ps7_cortexa9_0' is selected.
14:03:28 INFO  : 'con' command is executed.
14:03:28 INFO  : ----------------XSDB Script (After Launch)----------------
targets -set -nocase -filter {name =~ "ARM*#0" && jtag_cable_name =~ "Xilinx PYNQ-Z1 003017A4D228A"} -index 0
con
----------------End of Script----------------

14:03:28 INFO  : Disconnected from the channel tcfchan#5.
14:03:56 INFO  : Connected to target on host '127.0.0.1' and port '3121'.
14:03:56 INFO  : Jtag cable 'Xilinx PYNQ-Z1 003017A4D228A' is selected.
14:03:56 INFO  : 'jtag frequency' command is executed.
14:03:56 INFO  : Sourcing of '/home/ejapundz/fa19-research/led_blink/led_blink.sdk/led_blink_wrapper_hw_platform_0/ps7_init.tcl' is done.
14:03:56 INFO  : Context for 'APU' is selected.
14:03:57 INFO  : System reset is completed.
14:04:00 INFO  : 'after 3000' command is executed.
14:04:00 INFO  : 'targets -set -filter {jtag_cable_name =~ "Xilinx PYNQ-Z1 003017A4D228A" && level==0} -index 1' command is executed.
14:04:02 INFO  : FPGA configured successfully with bitstream "/home/ejapundz/fa19-research/led_blink/led_blink.sdk/led_blink_wrapper_hw_platform_0/led_blink_wrapper.bit"
14:04:02 INFO  : Context for 'APU' is selected.
14:04:04 INFO  : Hardware design information is loaded from '/home/ejapundz/fa19-research/led_blink/led_blink.sdk/led_blink_wrapper_hw_platform_0/system.hdf'.
14:04:04 INFO  : 'configparams force-mem-access 1' command is executed.
14:04:04 INFO  : Context for 'APU' is selected.
14:04:04 INFO  : 'ps7_init' command is executed.
14:04:04 INFO  : 'ps7_post_config' command is executed.
14:04:04 INFO  : Context for processor 'ps7_cortexa9_0' is selected.
14:04:04 INFO  : The application '/home/ejapundz/fa19-research/led_blink/led_blink.sdk/led_blink/Debug/led_blink.elf' is downloaded to processor 'ps7_cortexa9_0'.
14:04:04 INFO  : 'configparams force-mem-access 0' command is executed.
14:04:04 INFO  : ----------------XSDB Script----------------
connect -url tcp:127.0.0.1:3121
source /home/ejapundz/fa19-research/led_blink/led_blink.sdk/led_blink_wrapper_hw_platform_0/ps7_init.tcl
targets -set -nocase -filter {name =~"APU*" && jtag_cable_name =~ "Xilinx PYNQ-Z1 003017A4D228A"} -index 0
rst -system
after 3000
targets -set -filter {jtag_cable_name =~ "Xilinx PYNQ-Z1 003017A4D228A" && level==0} -index 1
fpga -file /home/ejapundz/fa19-research/led_blink/led_blink.sdk/led_blink_wrapper_hw_platform_0/led_blink_wrapper.bit
targets -set -nocase -filter {name =~"APU*" && jtag_cable_name =~ "Xilinx PYNQ-Z1 003017A4D228A"} -index 0
loadhw -hw /home/ejapundz/fa19-research/led_blink/led_blink.sdk/led_blink_wrapper_hw_platform_0/system.hdf -mem-ranges [list {0x40000000 0xbfffffff}]
configparams force-mem-access 1
targets -set -nocase -filter {name =~"APU*" && jtag_cable_name =~ "Xilinx PYNQ-Z1 003017A4D228A"} -index 0
ps7_init
ps7_post_config
targets -set -nocase -filter {name =~ "ARM*#0" && jtag_cable_name =~ "Xilinx PYNQ-Z1 003017A4D228A"} -index 0
dow /home/ejapundz/fa19-research/led_blink/led_blink.sdk/led_blink/Debug/led_blink.elf
configparams force-mem-access 0
----------------End of Script----------------

14:04:04 INFO  : Context for processor 'ps7_cortexa9_0' is selected.
14:04:04 INFO  : 'con' command is executed.
14:04:04 INFO  : ----------------XSDB Script (After Launch)----------------
targets -set -nocase -filter {name =~ "ARM*#0" && jtag_cable_name =~ "Xilinx PYNQ-Z1 003017A4D228A"} -index 0
con
----------------End of Script----------------

14:04:04 INFO  : Disconnected from the channel tcfchan#6.
14:04:42 INFO  : Connected to target on host '127.0.0.1' and port '3121'.
14:04:42 INFO  : Jtag cable 'Xilinx PYNQ-Z1 003017A4D228A' is selected.
14:04:42 INFO  : 'jtag frequency' command is executed.
14:04:42 INFO  : Sourcing of '/home/ejapundz/fa19-research/led_blink/led_blink.sdk/led_blink_wrapper_hw_platform_0/ps7_init.tcl' is done.
14:04:42 INFO  : Context for 'APU' is selected.
14:04:42 INFO  : System reset is completed.
14:04:45 INFO  : 'after 3000' command is executed.
14:04:46 INFO  : 'targets -set -filter {jtag_cable_name =~ "Xilinx PYNQ-Z1 003017A4D228A" && level==0} -index 1' command is executed.
14:04:48 INFO  : FPGA configured successfully with bitstream "/home/ejapundz/fa19-research/led_blink/led_blink.sdk/led_blink_wrapper_hw_platform_0/led_blink_wrapper.bit"
14:04:48 INFO  : Context for 'APU' is selected.
14:04:50 INFO  : Hardware design information is loaded from '/home/ejapundz/fa19-research/led_blink/led_blink.sdk/led_blink_wrapper_hw_platform_0/system.hdf'.
14:04:50 INFO  : 'configparams force-mem-access 1' command is executed.
14:04:50 INFO  : Context for 'APU' is selected.
14:04:50 INFO  : 'ps7_init' command is executed.
14:04:50 INFO  : 'ps7_post_config' command is executed.
14:04:50 INFO  : Context for processor 'ps7_cortexa9_0' is selected.
14:04:50 INFO  : The application '/home/ejapundz/fa19-research/led_blink/led_blink.sdk/led_blink/Debug/led_blink.elf' is downloaded to processor 'ps7_cortexa9_0'.
14:04:50 INFO  : 'configparams force-mem-access 0' command is executed.
14:04:50 INFO  : ----------------XSDB Script----------------
connect -url tcp:127.0.0.1:3121
source /home/ejapundz/fa19-research/led_blink/led_blink.sdk/led_blink_wrapper_hw_platform_0/ps7_init.tcl
targets -set -nocase -filter {name =~"APU*" && jtag_cable_name =~ "Xilinx PYNQ-Z1 003017A4D228A"} -index 0
rst -system
after 3000
targets -set -filter {jtag_cable_name =~ "Xilinx PYNQ-Z1 003017A4D228A" && level==0} -index 1
fpga -file /home/ejapundz/fa19-research/led_blink/led_blink.sdk/led_blink_wrapper_hw_platform_0/led_blink_wrapper.bit
targets -set -nocase -filter {name =~"APU*" && jtag_cable_name =~ "Xilinx PYNQ-Z1 003017A4D228A"} -index 0
loadhw -hw /home/ejapundz/fa19-research/led_blink/led_blink.sdk/led_blink_wrapper_hw_platform_0/system.hdf -mem-ranges [list {0x40000000 0xbfffffff}]
configparams force-mem-access 1
targets -set -nocase -filter {name =~"APU*" && jtag_cable_name =~ "Xilinx PYNQ-Z1 003017A4D228A"} -index 0
ps7_init
ps7_post_config
targets -set -nocase -filter {name =~ "ARM*#0" && jtag_cable_name =~ "Xilinx PYNQ-Z1 003017A4D228A"} -index 0
dow /home/ejapundz/fa19-research/led_blink/led_blink.sdk/led_blink/Debug/led_blink.elf
configparams force-mem-access 0
----------------End of Script----------------

14:04:50 INFO  : Context for processor 'ps7_cortexa9_0' is selected.
14:04:50 INFO  : 'con' command is executed.
14:04:50 INFO  : ----------------XSDB Script (After Launch)----------------
targets -set -nocase -filter {name =~ "ARM*#0" && jtag_cable_name =~ "Xilinx PYNQ-Z1 003017A4D228A"} -index 0
con
----------------End of Script----------------

14:04:51 INFO  : Disconnected from the channel tcfchan#7.
14:06:36 INFO  : Connected to target on host '127.0.0.1' and port '3121'.
14:06:37 INFO  : Jtag cable 'Xilinx PYNQ-Z1 003017A4D228A' is selected.
14:06:37 INFO  : 'jtag frequency' command is executed.
14:06:37 INFO  : Sourcing of '/home/ejapundz/fa19-research/led_blink/led_blink.sdk/led_blink_wrapper_hw_platform_0/ps7_init.tcl' is done.
14:06:37 INFO  : Context for 'APU' is selected.
14:06:37 INFO  : System reset is completed.
14:06:40 INFO  : 'after 3000' command is executed.
14:06:40 INFO  : 'targets -set -filter {jtag_cable_name =~ "Xilinx PYNQ-Z1 003017A4D228A" && level==0} -index 1' command is executed.
14:06:42 INFO  : FPGA configured successfully with bitstream "/home/ejapundz/fa19-research/led_blink/led_blink.sdk/led_blink_wrapper_hw_platform_0/led_blink_wrapper.bit"
14:06:42 INFO  : Context for 'APU' is selected.
14:06:44 INFO  : Hardware design information is loaded from '/home/ejapundz/fa19-research/led_blink/led_blink.sdk/led_blink_wrapper_hw_platform_0/system.hdf'.
14:06:44 INFO  : 'configparams force-mem-access 1' command is executed.
14:06:44 INFO  : Context for 'APU' is selected.
14:06:45 INFO  : 'ps7_init' command is executed.
14:06:45 INFO  : 'ps7_post_config' command is executed.
14:06:45 INFO  : Context for processor 'ps7_cortexa9_0' is selected.
14:06:45 INFO  : The application '/home/ejapundz/fa19-research/led_blink/led_blink.sdk/led_blink/Debug/led_blink.elf' is downloaded to processor 'ps7_cortexa9_0'.
14:06:45 INFO  : 'configparams force-mem-access 0' command is executed.
14:06:45 INFO  : ----------------XSDB Script----------------
connect -url tcp:127.0.0.1:3121
source /home/ejapundz/fa19-research/led_blink/led_blink.sdk/led_blink_wrapper_hw_platform_0/ps7_init.tcl
targets -set -nocase -filter {name =~"APU*" && jtag_cable_name =~ "Xilinx PYNQ-Z1 003017A4D228A"} -index 0
rst -system
after 3000
targets -set -filter {jtag_cable_name =~ "Xilinx PYNQ-Z1 003017A4D228A" && level==0} -index 1
fpga -file /home/ejapundz/fa19-research/led_blink/led_blink.sdk/led_blink_wrapper_hw_platform_0/led_blink_wrapper.bit
targets -set -nocase -filter {name =~"APU*" && jtag_cable_name =~ "Xilinx PYNQ-Z1 003017A4D228A"} -index 0
loadhw -hw /home/ejapundz/fa19-research/led_blink/led_blink.sdk/led_blink_wrapper_hw_platform_0/system.hdf -mem-ranges [list {0x40000000 0xbfffffff}]
configparams force-mem-access 1
targets -set -nocase -filter {name =~"APU*" && jtag_cable_name =~ "Xilinx PYNQ-Z1 003017A4D228A"} -index 0
ps7_init
ps7_post_config
targets -set -nocase -filter {name =~ "ARM*#0" && jtag_cable_name =~ "Xilinx PYNQ-Z1 003017A4D228A"} -index 0
dow /home/ejapundz/fa19-research/led_blink/led_blink.sdk/led_blink/Debug/led_blink.elf
configparams force-mem-access 0
----------------End of Script----------------

14:06:45 INFO  : Context for processor 'ps7_cortexa9_0' is selected.
14:06:45 INFO  : 'con' command is executed.
14:06:45 INFO  : ----------------XSDB Script (After Launch)----------------
targets -set -nocase -filter {name =~ "ARM*#0" && jtag_cable_name =~ "Xilinx PYNQ-Z1 003017A4D228A"} -index 0
con
----------------End of Script----------------

14:06:45 INFO  : Disconnected from the channel tcfchan#8.
14:06:59 INFO  : Connected to target on host '127.0.0.1' and port '3121'.
14:06:59 INFO  : Jtag cable 'Xilinx PYNQ-Z1 003017A4D228A' is selected.
14:06:59 INFO  : 'jtag frequency' command is executed.
14:06:59 INFO  : Sourcing of '/home/ejapundz/fa19-research/led_blink/led_blink.sdk/led_blink_wrapper_hw_platform_0/ps7_init.tcl' is done.
14:06:59 INFO  : Context for 'APU' is selected.
14:06:59 INFO  : System reset is completed.
14:07:02 INFO  : 'after 3000' command is executed.
14:07:03 INFO  : 'targets -set -filter {jtag_cable_name =~ "Xilinx PYNQ-Z1 003017A4D228A" && level==0} -index 1' command is executed.
14:07:05 INFO  : FPGA configured successfully with bitstream "/home/ejapundz/fa19-research/led_blink/led_blink.sdk/led_blink_wrapper_hw_platform_0/led_blink_wrapper.bit"
14:07:05 INFO  : Context for 'APU' is selected.
14:07:07 INFO  : Hardware design information is loaded from '/home/ejapundz/fa19-research/led_blink/led_blink.sdk/led_blink_wrapper_hw_platform_0/system.hdf'.
14:07:07 INFO  : 'configparams force-mem-access 1' command is executed.
14:07:07 INFO  : Context for 'APU' is selected.
14:07:07 INFO  : 'ps7_init' command is executed.
14:07:07 INFO  : 'ps7_post_config' command is executed.
14:07:07 INFO  : Context for processor 'ps7_cortexa9_0' is selected.
14:07:07 INFO  : The application '/home/ejapundz/fa19-research/led_blink/led_blink.sdk/led_blink/Debug/led_blink.elf' is downloaded to processor 'ps7_cortexa9_0'.
14:07:07 INFO  : 'configparams force-mem-access 0' command is executed.
14:07:07 INFO  : ----------------XSDB Script----------------
connect -url tcp:127.0.0.1:3121
source /home/ejapundz/fa19-research/led_blink/led_blink.sdk/led_blink_wrapper_hw_platform_0/ps7_init.tcl
targets -set -nocase -filter {name =~"APU*" && jtag_cable_name =~ "Xilinx PYNQ-Z1 003017A4D228A"} -index 0
rst -system
after 3000
targets -set -filter {jtag_cable_name =~ "Xilinx PYNQ-Z1 003017A4D228A" && level==0} -index 1
fpga -file /home/ejapundz/fa19-research/led_blink/led_blink.sdk/led_blink_wrapper_hw_platform_0/led_blink_wrapper.bit
targets -set -nocase -filter {name =~"APU*" && jtag_cable_name =~ "Xilinx PYNQ-Z1 003017A4D228A"} -index 0
loadhw -hw /home/ejapundz/fa19-research/led_blink/led_blink.sdk/led_blink_wrapper_hw_platform_0/system.hdf -mem-ranges [list {0x40000000 0xbfffffff}]
configparams force-mem-access 1
targets -set -nocase -filter {name =~"APU*" && jtag_cable_name =~ "Xilinx PYNQ-Z1 003017A4D228A"} -index 0
ps7_init
ps7_post_config
targets -set -nocase -filter {name =~ "ARM*#0" && jtag_cable_name =~ "Xilinx PYNQ-Z1 003017A4D228A"} -index 0
dow /home/ejapundz/fa19-research/led_blink/led_blink.sdk/led_blink/Debug/led_blink.elf
configparams force-mem-access 0
----------------End of Script----------------

14:07:08 INFO  : Context for processor 'ps7_cortexa9_0' is selected.
14:07:08 INFO  : 'con' command is executed.
14:07:08 INFO  : ----------------XSDB Script (After Launch)----------------
targets -set -nocase -filter {name =~ "ARM*#0" && jtag_cable_name =~ "Xilinx PYNQ-Z1 003017A4D228A"} -index 0
con
----------------End of Script----------------

14:07:08 INFO  : Disconnected from the channel tcfchan#9.
14:07:27 INFO  : Connected to target on host '127.0.0.1' and port '3121'.
14:07:27 INFO  : Jtag cable 'Xilinx PYNQ-Z1 003017A4D228A' is selected.
14:07:27 INFO  : 'jtag frequency' command is executed.
14:07:27 INFO  : Sourcing of '/home/ejapundz/fa19-research/led_blink/led_blink.sdk/led_blink_wrapper_hw_platform_0/ps7_init.tcl' is done.
14:07:27 INFO  : Context for 'APU' is selected.
14:07:28 INFO  : System reset is completed.
14:07:31 INFO  : 'after 3000' command is executed.
14:07:31 INFO  : 'targets -set -filter {jtag_cable_name =~ "Xilinx PYNQ-Z1 003017A4D228A" && level==0} -index 1' command is executed.
14:07:33 INFO  : FPGA configured successfully with bitstream "/home/ejapundz/fa19-research/led_blink/led_blink.sdk/led_blink_wrapper_hw_platform_0/led_blink_wrapper.bit"
14:07:33 INFO  : Context for 'APU' is selected.
14:07:35 INFO  : Hardware design information is loaded from '/home/ejapundz/fa19-research/led_blink/led_blink.sdk/led_blink_wrapper_hw_platform_0/system.hdf'.
14:07:35 INFO  : 'configparams force-mem-access 1' command is executed.
14:07:35 INFO  : Context for 'APU' is selected.
14:07:35 INFO  : 'ps7_init' command is executed.
14:07:35 INFO  : 'ps7_post_config' command is executed.
14:07:35 INFO  : Context for processor 'ps7_cortexa9_0' is selected.
14:07:36 INFO  : The application '/home/ejapundz/fa19-research/led_blink/led_blink.sdk/led_blink/Debug/led_blink.elf' is downloaded to processor 'ps7_cortexa9_0'.
14:07:36 INFO  : 'configparams force-mem-access 0' command is executed.
14:07:36 INFO  : ----------------XSDB Script----------------
connect -url tcp:127.0.0.1:3121
source /home/ejapundz/fa19-research/led_blink/led_blink.sdk/led_blink_wrapper_hw_platform_0/ps7_init.tcl
targets -set -nocase -filter {name =~"APU*" && jtag_cable_name =~ "Xilinx PYNQ-Z1 003017A4D228A"} -index 0
rst -system
after 3000
targets -set -filter {jtag_cable_name =~ "Xilinx PYNQ-Z1 003017A4D228A" && level==0} -index 1
fpga -file /home/ejapundz/fa19-research/led_blink/led_blink.sdk/led_blink_wrapper_hw_platform_0/led_blink_wrapper.bit
targets -set -nocase -filter {name =~"APU*" && jtag_cable_name =~ "Xilinx PYNQ-Z1 003017A4D228A"} -index 0
loadhw -hw /home/ejapundz/fa19-research/led_blink/led_blink.sdk/led_blink_wrapper_hw_platform_0/system.hdf -mem-ranges [list {0x40000000 0xbfffffff}]
configparams force-mem-access 1
targets -set -nocase -filter {name =~"APU*" && jtag_cable_name =~ "Xilinx PYNQ-Z1 003017A4D228A"} -index 0
ps7_init
ps7_post_config
targets -set -nocase -filter {name =~ "ARM*#0" && jtag_cable_name =~ "Xilinx PYNQ-Z1 003017A4D228A"} -index 0
dow /home/ejapundz/fa19-research/led_blink/led_blink.sdk/led_blink/Debug/led_blink.elf
configparams force-mem-access 0
----------------End of Script----------------

14:07:36 INFO  : Context for processor 'ps7_cortexa9_0' is selected.
14:07:36 INFO  : 'con' command is executed.
14:07:36 INFO  : ----------------XSDB Script (After Launch)----------------
targets -set -nocase -filter {name =~ "ARM*#0" && jtag_cable_name =~ "Xilinx PYNQ-Z1 003017A4D228A"} -index 0
con
----------------End of Script----------------

14:07:36 INFO  : Disconnected from the channel tcfchan#10.
14:10:04 INFO  : Connected to target on host '127.0.0.1' and port '3121'.
14:10:05 INFO  : Jtag cable 'Xilinx PYNQ-Z1 003017A4D228A' is selected.
14:10:05 INFO  : 'jtag frequency' command is executed.
14:10:05 INFO  : Sourcing of '/home/ejapundz/fa19-research/led_blink/led_blink.sdk/led_blink_wrapper_hw_platform_0/ps7_init.tcl' is done.
14:10:05 INFO  : Context for 'APU' is selected.
14:10:05 INFO  : System reset is completed.
14:10:08 INFO  : 'after 3000' command is executed.
14:10:08 INFO  : 'targets -set -filter {jtag_cable_name =~ "Xilinx PYNQ-Z1 003017A4D228A" && level==0} -index 1' command is executed.
14:10:10 INFO  : FPGA configured successfully with bitstream "/home/ejapundz/fa19-research/led_blink/led_blink.sdk/led_blink_wrapper_hw_platform_0/led_blink_wrapper.bit"
14:10:11 INFO  : Context for 'APU' is selected.
14:10:12 INFO  : Hardware design information is loaded from '/home/ejapundz/fa19-research/led_blink/led_blink.sdk/led_blink_wrapper_hw_platform_0/system.hdf'.
14:10:12 INFO  : 'configparams force-mem-access 1' command is executed.
14:10:12 INFO  : Context for 'APU' is selected.
14:10:13 INFO  : 'ps7_init' command is executed.
14:10:13 INFO  : 'ps7_post_config' command is executed.
14:10:13 INFO  : Context for processor 'ps7_cortexa9_0' is selected.
14:10:13 INFO  : The application '/home/ejapundz/fa19-research/led_blink/led_blink.sdk/led_blink/Debug/led_blink.elf' is downloaded to processor 'ps7_cortexa9_0'.
14:10:13 INFO  : 'configparams force-mem-access 0' command is executed.
14:10:13 INFO  : ----------------XSDB Script----------------
connect -url tcp:127.0.0.1:3121
source /home/ejapundz/fa19-research/led_blink/led_blink.sdk/led_blink_wrapper_hw_platform_0/ps7_init.tcl
targets -set -nocase -filter {name =~"APU*" && jtag_cable_name =~ "Xilinx PYNQ-Z1 003017A4D228A"} -index 0
rst -system
after 3000
targets -set -filter {jtag_cable_name =~ "Xilinx PYNQ-Z1 003017A4D228A" && level==0} -index 1
fpga -file /home/ejapundz/fa19-research/led_blink/led_blink.sdk/led_blink_wrapper_hw_platform_0/led_blink_wrapper.bit
targets -set -nocase -filter {name =~"APU*" && jtag_cable_name =~ "Xilinx PYNQ-Z1 003017A4D228A"} -index 0
loadhw -hw /home/ejapundz/fa19-research/led_blink/led_blink.sdk/led_blink_wrapper_hw_platform_0/system.hdf -mem-ranges [list {0x40000000 0xbfffffff}]
configparams force-mem-access 1
targets -set -nocase -filter {name =~"APU*" && jtag_cable_name =~ "Xilinx PYNQ-Z1 003017A4D228A"} -index 0
ps7_init
ps7_post_config
targets -set -nocase -filter {name =~ "ARM*#0" && jtag_cable_name =~ "Xilinx PYNQ-Z1 003017A4D228A"} -index 0
dow /home/ejapundz/fa19-research/led_blink/led_blink.sdk/led_blink/Debug/led_blink.elf
configparams force-mem-access 0
----------------End of Script----------------

14:10:13 INFO  : Context for processor 'ps7_cortexa9_0' is selected.
14:10:13 INFO  : 'con' command is executed.
14:10:13 INFO  : ----------------XSDB Script (After Launch)----------------
targets -set -nocase -filter {name =~ "ARM*#0" && jtag_cable_name =~ "Xilinx PYNQ-Z1 003017A4D228A"} -index 0
con
----------------End of Script----------------

14:10:13 INFO  : Disconnected from the channel tcfchan#11.
14:48:35 INFO  : Registering command handlers for SDK TCF services
14:48:35 INFO  : Launching XSCT server: xsct -n -interactive /home/ejapundz/fa19-research/led_blink/led_blink.sdk/temp_xsdb_launch_script.tcl
14:48:37 INFO  : XSCT server has started successfully.
14:48:37 INFO  : Processing command line option -hwspec /home/ejapundz/fa19-research/led_blink/led_blink.sdk/led_blink_wrapper.hdf.
14:48:37 INFO  : Successfully done setting XSCT server connection channel  
14:48:37 INFO  : Successfully done setting SDK workspace  
14:48:37 INFO  : Checking for hwspec changes in the project led_blink_wrapper_hw_platform_0.
14:57:50 INFO  : Connected to target on host '127.0.0.1' and port '3121'.
14:57:51 INFO  : Jtag cable 'Xilinx PYNQ-Z1 003017A4D228A' is selected.
14:57:51 INFO  : 'jtag frequency' command is executed.
14:57:51 INFO  : Sourcing of '/home/ejapundz/fa19-research/led_blink/led_blink.sdk/led_blink_wrapper_hw_platform_0/ps7_init.tcl' is done.
14:57:51 INFO  : Context for 'APU' is selected.
14:57:51 INFO  : System reset is completed.
14:57:54 INFO  : 'after 3000' command is executed.
14:57:54 INFO  : 'targets -set -filter {jtag_cable_name =~ "Xilinx PYNQ-Z1 003017A4D228A" && level==0} -index 1' command is executed.
14:57:56 INFO  : FPGA configured successfully with bitstream "/home/ejapundz/fa19-research/led_blink/led_blink.sdk/led_blink_wrapper_hw_platform_0/led_blink_wrapper.bit"
14:57:56 INFO  : Context for 'APU' is selected.
14:57:56 INFO  : Hardware design information is loaded from '/home/ejapundz/fa19-research/led_blink/led_blink.sdk/led_blink_wrapper_hw_platform_0/system.hdf'.
14:57:56 INFO  : 'configparams force-mem-access 1' command is executed.
14:57:56 INFO  : Context for 'APU' is selected.
14:57:57 INFO  : 'ps7_init' command is executed.
14:57:57 INFO  : 'ps7_post_config' command is executed.
14:57:57 INFO  : Context for processor 'ps7_cortexa9_0' is selected.
14:57:57 INFO  : The application '/home/ejapundz/fa19-research/led_blink/led_blink.sdk/led_blink/Debug/led_blink.elf' is downloaded to processor 'ps7_cortexa9_0'.
14:57:57 INFO  : 'configparams force-mem-access 0' command is executed.
14:57:57 INFO  : ----------------XSDB Script----------------
connect -url tcp:127.0.0.1:3121
source /home/ejapundz/fa19-research/led_blink/led_blink.sdk/led_blink_wrapper_hw_platform_0/ps7_init.tcl
targets -set -nocase -filter {name =~"APU*" && jtag_cable_name =~ "Xilinx PYNQ-Z1 003017A4D228A"} -index 0
rst -system
after 3000
targets -set -filter {jtag_cable_name =~ "Xilinx PYNQ-Z1 003017A4D228A" && level==0} -index 1
fpga -file /home/ejapundz/fa19-research/led_blink/led_blink.sdk/led_blink_wrapper_hw_platform_0/led_blink_wrapper.bit
targets -set -nocase -filter {name =~"APU*" && jtag_cable_name =~ "Xilinx PYNQ-Z1 003017A4D228A"} -index 0
loadhw -hw /home/ejapundz/fa19-research/led_blink/led_blink.sdk/led_blink_wrapper_hw_platform_0/system.hdf -mem-ranges [list {0x40000000 0xbfffffff}]
configparams force-mem-access 1
targets -set -nocase -filter {name =~"APU*" && jtag_cable_name =~ "Xilinx PYNQ-Z1 003017A4D228A"} -index 0
ps7_init
ps7_post_config
targets -set -nocase -filter {name =~ "ARM*#0" && jtag_cable_name =~ "Xilinx PYNQ-Z1 003017A4D228A"} -index 0
dow /home/ejapundz/fa19-research/led_blink/led_blink.sdk/led_blink/Debug/led_blink.elf
configparams force-mem-access 0
----------------End of Script----------------

14:57:57 INFO  : Context for processor 'ps7_cortexa9_0' is selected.
14:57:57 INFO  : 'con' command is executed.
14:57:57 INFO  : ----------------XSDB Script (After Launch)----------------
targets -set -nocase -filter {name =~ "ARM*#0" && jtag_cable_name =~ "Xilinx PYNQ-Z1 003017A4D228A"} -index 0
con
----------------End of Script----------------

14:57:57 INFO  : Disconnected from the channel tcfchan#1.
15:35:32 INFO  : Launching XSCT server: xsct -n -interactive /home/ejapundz/fa19-research/E315/led_blink/led_blink.sdk/temp_xsdb_launch_script.tcl
15:35:32 INFO  : Registering command handlers for SDK TCF services
15:35:37 INFO  : XSCT server has started successfully.
15:35:39 INFO  : Successfully done setting XSCT server connection channel  
15:35:39 INFO  : Successfully done setting SDK workspace  
15:35:39 INFO  : Processing command line option -hwspec /home/ejapundz/fa19-research/E315/led_blink/led_blink.sdk/led_blink_wrapper.hdf.
22:09:11 INFO  : Registering command handlers for SDK TCF services
22:09:11 INFO  : Launching XSCT server: xsct.bat -interactive E:\sp20work\E315\led_blink\led_blink.sdk\temp_xsdb_launch_script.tcl
22:09:16 INFO  : XSCT server has started successfully.
22:09:29 INFO  : Successfully done setting XSCT server connection channel  
22:09:29 INFO  : Processing command line option -hwspec E:/sp20work/E315/led_blink/led_blink.sdk/led_blink_wrapper.hdf.
22:09:29 INFO  : Successfully done setting SDK workspace  
