Copyright 1986-2018 Xilinx, Inc. All Rights Reserved.
-------------------------------------------------------------------------------------------
| Tool Version : Vivado v.2018.3 (lin64) Build 2405991 Thu Dec  6 23:36:41 MST 2018
| Date         : Thu Oct  3 13:07:15 2019
| Host         : baboon running 64-bit Ubuntu 18.04.2 LTS
| Command      : report_control_sets -verbose -file ema_bd_wrapper_control_sets_placed.rpt
| Design       : ema_bd_wrapper
| Device       : xc7z020
-------------------------------------------------------------------------------------------

Control Set Information

Table of Contents
-----------------
1. Summary
2. Histogram
3. Flip-Flop Distribution
4. Detailed Control Set Information

1. Summary
----------

+----------------------------------------------------------+-------+
|                          Status                          | Count |
+----------------------------------------------------------+-------+
| Number of unique control sets                            |    44 |
| Unused register locations in slices containing registers |   102 |
+----------------------------------------------------------+-------+


2. Histogram
------------

+--------+--------------+
| Fanout | Control Sets |
+--------+--------------+
|      1 |            1 |
|      2 |            1 |
|      4 |            7 |
|      5 |            3 |
|      6 |            1 |
|      8 |           13 |
|     10 |            2 |
|     13 |            2 |
|     14 |            2 |
|    16+ |           12 |
+--------+--------------+


3. Flip-Flop Distribution
-------------------------

+--------------+-----------------------+------------------------+-----------------+--------------+
| Clock Enable | Synchronous Set/Reset | Asynchronous Set/Reset | Total Registers | Total Slices |
+--------------+-----------------------+------------------------+-----------------+--------------+
| No           | No                    | No                     |             109 |           32 |
| No           | No                    | Yes                    |               0 |            0 |
| No           | Yes                   | No                     |              32 |           14 |
| Yes          | No                    | No                     |             272 |           58 |
| Yes          | No                    | Yes                    |               0 |            0 |
| Yes          | Yes                   | No                     |             189 |           39 |
+--------------+-----------------------+------------------------+-----------------+--------------+


4. Detailed Control Set Information
-----------------------------------

+-----------------------------------------------+--------------------------------------------------------------------------------------------------------------------------------------------------------------+-----------------------------------------------------------------------------------------------------------------------------------------------------+------------------+----------------+
|                  Clock Signal                 |                                                                         Enable Signal                                                                        |                                                                   Set/Reset Signal                                                                  | Slice Load Count | Bel Load Count |
+-----------------------------------------------+--------------------------------------------------------------------------------------------------------------------------------------------------------------+-----------------------------------------------------------------------------------------------------------------------------------------------------+------------------+----------------+
|  ema_bd_i/processing_system7_0/inst/FCLK_CLK0 | ema_bd_i/ps7_0_axi_periph/s00_couplers/auto_pc/inst/gen_axilite.gen_b2s_conv.axilite_b2s/WR.aw_channel_0/aw_cmd_fsm_0/m_axi_awready_1                        | ema_bd_i/ps7_0_axi_periph/s00_couplers/auto_pc/inst/gen_axilite.gen_b2s_conv.axilite_b2s/WR.aw_channel_0/aw_cmd_fsm_0/m_axi_awready_0               |                1 |              1 |
|  ema_bd_i/processing_system7_0/inst/FCLK_CLK0 | ema_bd_i/ps7_0_axi_periph/s00_couplers/auto_pc/inst/gen_axilite.gen_b2s_conv.axilite_b2s/WR.b_channel_0/bid_fifo_0/sel                                       |                                                                                                                                                     |                1 |              2 |
|  ema_bd_i/processing_system7_0/inst/FCLK_CLK0 |                                                                                                                                                              | ema_bd_i/ps7_0_axi_periph/s00_couplers/auto_pc/inst/gen_axilite.gen_b2s_conv.axilite_b2s/SI_REG/ar.ar_pipe/aresetn_d_reg[1]_inv_0                   |                1 |              4 |
|  ema_bd_i/processing_system7_0/inst/FCLK_CLK0 | ema_bd_i/ps7_0_axi_periph/s00_couplers/auto_pc/inst/gen_axilite.gen_b2s_conv.axilite_b2s/WR.aw_channel_0/cmd_translator_0/incr_cmd_0/axaddr_incr[11]_i_1_n_0 |                                                                                                                                                     |                1 |              4 |
|  ema_bd_i/processing_system7_0/inst/FCLK_CLK0 | ema_bd_i/ps7_0_axi_periph/s00_couplers/auto_pc/inst/gen_axilite.gen_b2s_conv.axilite_b2s/WR.aw_channel_0/aw_cmd_fsm_0/E[0]                                   |                                                                                                                                                     |                2 |              4 |
|  ema_bd_i/processing_system7_0/inst/FCLK_CLK0 | ema_bd_i/ps7_0_axi_periph/s00_couplers/auto_pc/inst/gen_axilite.gen_b2s_conv.axilite_b2s/RD.ar_channel_0/ar_cmd_fsm_0/E[0]                                   |                                                                                                                                                     |                1 |              4 |
|  ema_bd_i/processing_system7_0/inst/FCLK_CLK0 | ema_bd_i/ps7_0_axi_periph/s00_couplers/auto_pc/inst/gen_axilite.gen_b2s_conv.axilite_b2s/RD.ar_channel_0/ar_cmd_fsm_0/sel_first_reg[0]                       |                                                                                                                                                     |                1 |              4 |
|  ema_bd_i/processing_system7_0/inst/FCLK_CLK0 |                                                                                                                                                              | ema_bd_i/ps7_0_axi_periph/s00_couplers/auto_pc/inst/gen_axilite.gen_b2s_conv.axilite_b2s/SI_REG/aw.aw_pipe/aresetn_d_reg[0]_0                       |                1 |              4 |
|  ema_bd_i/processing_system7_0/inst/FCLK_CLK0 |                                                                                                                                                              | ema_bd_i/rst_ps7_0_100M/U0/EXT_LPF/lpf_int                                                                                                          |                3 |              4 |
|  ema_bd_i/processing_system7_0/inst/FCLK_CLK0 | ema_bd_i/ps7_0_axi_periph/s00_couplers/auto_pc/inst/gen_axilite.gen_b2s_conv.axilite_b2s/RD.ar_channel_0/ar_cmd_fsm_0/m_valid_i_reg                          | ema_bd_i/ps7_0_axi_periph/s00_couplers/auto_pc/inst/gen_axilite.gen_b2s_conv.axilite_b2s/RD.ar_channel_0/ar_cmd_fsm_0/FSM_sequential_state_reg[0]_0 |                2 |              5 |
|  ema_bd_i/processing_system7_0/inst/FCLK_CLK0 | ema_bd_i/ps7_0_axi_periph/s00_couplers/auto_pc/inst/gen_axilite.gen_b2s_conv.axilite_b2s/RD.r_channel_0/rd_data_fifo_0/E[0]                                  | ema_bd_i/ps7_0_axi_periph/s00_couplers/auto_pc/inst/gen_axilite.gen_b2s_conv.axilite_b2s/areset_d1                                                  |                2 |              5 |
|  ema_bd_i/processing_system7_0/inst/FCLK_CLK0 | ema_bd_i/ps7_0_axi_periph/s00_couplers/auto_pc/inst/gen_axilite.gen_b2s_conv.axilite_b2s/RD.r_channel_0/rd_data_fifo_0/cnt_read[4]_i_1_n_0                   | ema_bd_i/ps7_0_axi_periph/s00_couplers/auto_pc/inst/gen_axilite.gen_b2s_conv.axilite_b2s/areset_d1                                                  |                2 |              5 |
|  ema_bd_i/processing_system7_0/inst/FCLK_CLK0 | ema_bd_i/rst_ps7_0_100M/U0/SEQ/seq_cnt_en                                                                                                                    | ema_bd_i/rst_ps7_0_100M/U0/SEQ/SEQ_COUNTER/clear                                                                                                    |                1 |              6 |
|  ema_bd_i/processing_system7_0/inst/FCLK_CLK0 | ema_bd_i/ema_ip_0/inst/ema_ip_v1_0_S00_AXI_inst/slv_reg0[23]_i_1_n_0                                                                                         | ema_bd_i/ema_ip_0/inst/ema_ip_v1_0_S00_AXI_inst/axi_awready_i_1_n_0                                                                                 |                1 |              8 |
|  ema_bd_i/processing_system7_0/inst/FCLK_CLK0 | ema_bd_i/ps7_0_axi_periph/s00_couplers/auto_pc/inst/gen_axilite.gen_b2s_conv.axilite_b2s/WR.b_channel_0/mhandshake_r                                         | ema_bd_i/ps7_0_axi_periph/s00_couplers/auto_pc/inst/gen_axilite.gen_b2s_conv.axilite_b2s/WR.b_channel_0/bid_fifo_0/SR[0]                            |                3 |              8 |
|  ema_bd_i/processing_system7_0/inst/FCLK_CLK0 | ema_bd_i/ema_ip_0/inst/ema_ip_v1_0_S00_AXI_inst/slv_reg0[31]_i_1_n_0                                                                                         | ema_bd_i/ema_ip_0/inst/ema_ip_v1_0_S00_AXI_inst/axi_awready_i_1_n_0                                                                                 |                1 |              8 |
|  ema_bd_i/processing_system7_0/inst/FCLK_CLK0 | ema_bd_i/ema_ip_0/inst/ema_ip_v1_0_S00_AXI_inst/p_1_in[7]                                                                                                    | ema_bd_i/ema_ip_0/inst/ema_ip_v1_0_S00_AXI_inst/axi_awready_i_1_n_0                                                                                 |                1 |              8 |
|  ema_bd_i/processing_system7_0/inst/FCLK_CLK0 | ema_bd_i/ema_ip_0/inst/ema_ip_v1_0_S00_AXI_inst/slv_reg0[15]_i_1_n_0                                                                                         | ema_bd_i/ema_ip_0/inst/ema_ip_v1_0_S00_AXI_inst/axi_awready_i_1_n_0                                                                                 |                1 |              8 |
|  ema_bd_i/processing_system7_0/inst/FCLK_CLK0 | ema_bd_i/ema_ip_0/inst/ema_ip_v1_0_S00_AXI_inst/p_1_in[15]                                                                                                   | ema_bd_i/ema_ip_0/inst/ema_ip_v1_0_S00_AXI_inst/axi_awready_i_1_n_0                                                                                 |                1 |              8 |
|  ema_bd_i/processing_system7_0/inst/FCLK_CLK0 | ema_bd_i/ema_ip_0/inst/ema_ip_v1_0_S00_AXI_inst/slv_reg0[7]_i_1_n_0                                                                                          | ema_bd_i/ema_ip_0/inst/ema_ip_v1_0_S00_AXI_inst/axi_awready_i_1_n_0                                                                                 |                1 |              8 |
|  ema_bd_i/processing_system7_0/inst/FCLK_CLK0 | ema_bd_i/ema_ip_0/inst/ema_ip_v1_0_S00_AXI_inst/slv_reg1[23]_i_1_n_0                                                                                         | ema_bd_i/ema_ip_0/inst/ema_ip_v1_0_S00_AXI_inst/axi_awready_i_1_n_0                                                                                 |                1 |              8 |
|  ema_bd_i/processing_system7_0/inst/FCLK_CLK0 | ema_bd_i/ema_ip_0/inst/ema_ip_v1_0_S00_AXI_inst/slv_reg1[7]_i_1_n_0                                                                                          | ema_bd_i/ema_ip_0/inst/ema_ip_v1_0_S00_AXI_inst/axi_awready_i_1_n_0                                                                                 |                1 |              8 |
|  ema_bd_i/processing_system7_0/inst/FCLK_CLK0 | ema_bd_i/ema_ip_0/inst/ema_ip_v1_0_S00_AXI_inst/slv_reg1[15]_i_1_n_0                                                                                         | ema_bd_i/ema_ip_0/inst/ema_ip_v1_0_S00_AXI_inst/axi_awready_i_1_n_0                                                                                 |                1 |              8 |
|  ema_bd_i/processing_system7_0/inst/FCLK_CLK0 | ema_bd_i/ema_ip_0/inst/ema_ip_v1_0_S00_AXI_inst/p_1_in[23]                                                                                                   | ema_bd_i/ema_ip_0/inst/ema_ip_v1_0_S00_AXI_inst/axi_awready_i_1_n_0                                                                                 |                1 |              8 |
|  ema_bd_i/processing_system7_0/inst/FCLK_CLK0 | ema_bd_i/ema_ip_0/inst/ema_ip_v1_0_S00_AXI_inst/slv_reg1[31]_i_1_n_0                                                                                         | ema_bd_i/ema_ip_0/inst/ema_ip_v1_0_S00_AXI_inst/axi_awready_i_1_n_0                                                                                 |                1 |              8 |
|  ema_bd_i/processing_system7_0/inst/FCLK_CLK0 | ema_bd_i/ema_ip_0/inst/ema_ip_v1_0_S00_AXI_inst/p_1_in[31]                                                                                                   | ema_bd_i/ema_ip_0/inst/ema_ip_v1_0_S00_AXI_inst/axi_awready_i_1_n_0                                                                                 |                1 |              8 |
|  ema_bd_i/processing_system7_0/inst/FCLK_CLK0 |                                                                                                                                                              | ema_bd_i/ps7_0_axi_periph/s00_couplers/auto_pc/inst/gen_axilite.gen_b2s_conv.axilite_b2s/areset_d1                                                  |                5 |             10 |
|  ema_bd_i/processing_system7_0/inst/FCLK_CLK0 |                                                                                                                                                              | ema_bd_i/ema_ip_0/inst/ema_ip_v1_0_S00_AXI_inst/axi_awready_i_1_n_0                                                                                 |                4 |             10 |
|  ema_bd_i/processing_system7_0/inst/FCLK_CLK0 | ema_bd_i/ps7_0_axi_periph/s00_couplers/auto_pc/inst/gen_axilite.gen_b2s_conv.axilite_b2s/RD.r_channel_0/r_push_r                                             |                                                                                                                                                     |                4 |             13 |
|  ema_bd_i/processing_system7_0/inst/FCLK_CLK0 | ema_bd_i/ps7_0_axi_periph/s00_couplers/auto_pc/inst/gen_axilite.gen_b2s_conv.axilite_b2s/RD.ar_channel_0/ar_cmd_fsm_0/m_valid_i_reg                          |                                                                                                                                                     |                7 |             13 |
|  ema_bd_i/processing_system7_0/inst/FCLK_CLK0 | ema_bd_i/ps7_0_axi_periph/s00_couplers/auto_pc/inst/gen_axilite.gen_b2s_conv.axilite_b2s/SI_REG/b.b_pipe/p_1_in                                              |                                                                                                                                                     |                2 |             14 |
|  ema_bd_i/processing_system7_0/inst/FCLK_CLK0 | ema_bd_i/ps7_0_axi_periph/s00_couplers/auto_pc/inst/gen_axilite.gen_b2s_conv.axilite_b2s/SI_REG/b.b_pipe/s_ready_i_reg_0                                     |                                                                                                                                                     |                3 |             14 |
|  ema_bd_i/processing_system7_0/inst/FCLK_CLK0 | ema_bd_i/ps7_0_axi_periph/s00_couplers/auto_pc/inst/gen_axilite.gen_b2s_conv.axilite_b2s/WR.aw_channel_0/aw_cmd_fsm_0/b_push                                 |                                                                                                                                                     |                3 |             16 |
|  ema_bd_i/processing_system7_0/inst/FCLK_CLK0 | ema_bd_i/ps7_0_axi_periph/s00_couplers/auto_pc/inst/gen_axilite.gen_b2s_conv.axilite_b2s/WR.aw_channel_0/aw_cmd_fsm_0/m_axi_awready_1                        |                                                                                                                                                     |                7 |             17 |
|  ema_bd_i/processing_system7_0/inst/FCLK_CLK0 | ema_bd_i/ps7_0_axi_periph/s00_couplers/auto_pc/inst/gen_axilite.gen_b2s_conv.axilite_b2s/SI_REG/ar.ar_pipe/s_ready_i_reg_0                                   |                                                                                                                                                     |                4 |             27 |
|  ema_bd_i/processing_system7_0/inst/FCLK_CLK0 | ema_bd_i/ps7_0_axi_periph/s00_couplers/auto_pc/inst/gen_axilite.gen_b2s_conv.axilite_b2s/SI_REG/aw.aw_pipe/s_ready_i_reg_0                                   |                                                                                                                                                     |                5 |             27 |
|  ema_bd_i/processing_system7_0/inst/FCLK_CLK0 | ema_bd_i/ps7_0_axi_periph/s00_couplers/auto_pc/inst/gen_axilite.gen_b2s_conv.axilite_b2s/WR.aw_channel_0/aw_cmd_fsm_0/m_valid_i_reg[0]                       |                                                                                                                                                     |                6 |             27 |
|  ema_bd_i/processing_system7_0/inst/FCLK_CLK0 | ema_bd_i/ps7_0_axi_periph/s00_couplers/auto_pc/inst/gen_axilite.gen_b2s_conv.axilite_b2s/RD.ar_channel_0/ar_cmd_fsm_0/FSM_sequential_state_reg[1]_0[0]       |                                                                                                                                                     |                5 |             27 |
|  ema_bd_i/processing_system7_0/inst/FCLK_CLK0 | ema_bd_i/ema_ip_0/inst/ema_ip_v1_0_S00_AXI_inst/nolabel_line402/en0                                                                                          | ema_bd_i/ema_ip_0/inst/ema_ip_v1_0_S00_AXI_inst/rst                                                                                                 |                8 |             31 |
|  ema_bd_i/processing_system7_0/inst/FCLK_CLK0 | ema_bd_i/ps7_0_axi_periph/s00_couplers/auto_pc/inst/gen_axilite.gen_b2s_conv.axilite_b2s/RD.r_channel_0/rd_data_fifo_0/wr_en0                                |                                                                                                                                                     |                9 |             32 |
|  ema_bd_i/processing_system7_0/inst/FCLK_CLK0 | ema_bd_i/ema_ip_0/inst/ema_ip_v1_0_S00_AXI_inst/slv_reg_rden__0                                                                                              | ema_bd_i/ema_ip_0/inst/ema_ip_v1_0_S00_AXI_inst/axi_awready_i_1_n_0                                                                                 |                8 |             32 |
|  ema_bd_i/processing_system7_0/inst/FCLK_CLK0 | ema_bd_i/ps7_0_axi_periph/s00_couplers/auto_pc/inst/gen_axilite.gen_b2s_conv.axilite_b2s/SI_REG/r.r_pipe/s_ready_i_reg_0                                     |                                                                                                                                                     |                7 |             45 |
|  ema_bd_i/processing_system7_0/inst/FCLK_CLK0 | ema_bd_i/ps7_0_axi_periph/s00_couplers/auto_pc/inst/gen_axilite.gen_b2s_conv.axilite_b2s/SI_REG/r.r_pipe/p_1_in                                              |                                                                                                                                                     |                7 |             45 |
|  ema_bd_i/processing_system7_0/inst/FCLK_CLK0 |                                                                                                                                                              |                                                                                                                                                     |               33 |            110 |
+-----------------------------------------------+--------------------------------------------------------------------------------------------------------------------------------------------------------------+-----------------------------------------------------------------------------------------------------------------------------------------------------+------------------+----------------+


