
*** Running vivado
    with args -log ema_bd_wrapper.vdi -applog -m64 -product Vivado -messageDb vivado.pb -mode batch -source ema_bd_wrapper.tcl -notrace


****** Vivado v2018.3 (64-bit)
  **** SW Build 2405991 on Thu Dec  6 23:36:41 MST 2018
  **** IP Build 2404404 on Fri Dec  7 01:43:56 MST 2018
    ** Copyright 1986-2018 Xilinx, Inc. All Rights Reserved.

source ema_bd_wrapper.tcl -notrace
INFO: [IP_Flow 19-234] Refreshing IP repositories
INFO: [IP_Flow 19-1700] Loaded user IP repository '/home/ejapundz/fa19-research/ip_repo/ema_ip_1.0'.
WARNING: [IP_Flow 19-2248] Failed to load user IP repository '/home/ejapundz/fa19-research/ip_repo/ema_1.0'; Can't find the specified path.
If this directory should no longer be in your list of user repositories, go to the IP Settings dialog and remove it.
INFO: [IP_Flow 19-2313] Loaded Vivado IP repository '/home/ejapundz/su19-research/Vivado/2018.3/data/ip'.
Command: link_design -top ema_bd_wrapper -part xc7z020clg400-1
Design is defaulting to srcset: sources_1
Design is defaulting to constrset: constrs_1
INFO: [Project 1-454] Reading design checkpoint '/home/ejapundz/fa19-research/ema/ema.srcs/sources_1/bd/ema_bd/ip/ema_bd_ema_ip_0_0/ema_bd_ema_ip_0_0.dcp' for cell 'ema_bd_i/ema_ip_0'
INFO: [Project 1-454] Reading design checkpoint '/home/ejapundz/fa19-research/ema/ema.srcs/sources_1/bd/ema_bd/ip/ema_bd_processing_system7_0_0/ema_bd_processing_system7_0_0.dcp' for cell 'ema_bd_i/processing_system7_0'
INFO: [Project 1-454] Reading design checkpoint '/home/ejapundz/fa19-research/ema/ema.srcs/sources_1/bd/ema_bd/ip/ema_bd_rst_ps7_0_100M_0/ema_bd_rst_ps7_0_100M_0.dcp' for cell 'ema_bd_i/rst_ps7_0_100M'
INFO: [Project 1-454] Reading design checkpoint '/home/ejapundz/fa19-research/ema/ema.srcs/sources_1/bd/ema_bd/ip/ema_bd_auto_pc_0/ema_bd_auto_pc_0.dcp' for cell 'ema_bd_i/ps7_0_axi_periph/s00_couplers/auto_pc'
INFO: [Netlist 29-17] Analyzing 26 Unisim elements for replacement
INFO: [Netlist 29-28] Unisim Transformation completed in 0 CPU seconds
INFO: [Project 1-479] Netlist was created with Vivado 2018.3
INFO: [Device 21-403] Loading part xc7z020clg400-1
INFO: [Project 1-570] Preparing netlist for logic optimization
Parsing XDC File [/home/ejapundz/fa19-research/ema/ema.srcs/sources_1/bd/ema_bd/ip/ema_bd_processing_system7_0_0/ema_bd_processing_system7_0_0.xdc] for cell 'ema_bd_i/processing_system7_0/inst'
Finished Parsing XDC File [/home/ejapundz/fa19-research/ema/ema.srcs/sources_1/bd/ema_bd/ip/ema_bd_processing_system7_0_0/ema_bd_processing_system7_0_0.xdc] for cell 'ema_bd_i/processing_system7_0/inst'
Parsing XDC File [/home/ejapundz/fa19-research/ema/ema.srcs/sources_1/bd/ema_bd/ip/ema_bd_rst_ps7_0_100M_0/ema_bd_rst_ps7_0_100M_0_board.xdc] for cell 'ema_bd_i/rst_ps7_0_100M/U0'
Finished Parsing XDC File [/home/ejapundz/fa19-research/ema/ema.srcs/sources_1/bd/ema_bd/ip/ema_bd_rst_ps7_0_100M_0/ema_bd_rst_ps7_0_100M_0_board.xdc] for cell 'ema_bd_i/rst_ps7_0_100M/U0'
Parsing XDC File [/home/ejapundz/fa19-research/ema/ema.srcs/sources_1/bd/ema_bd/ip/ema_bd_rst_ps7_0_100M_0/ema_bd_rst_ps7_0_100M_0.xdc] for cell 'ema_bd_i/rst_ps7_0_100M/U0'
Finished Parsing XDC File [/home/ejapundz/fa19-research/ema/ema.srcs/sources_1/bd/ema_bd/ip/ema_bd_rst_ps7_0_100M_0/ema_bd_rst_ps7_0_100M_0.xdc] for cell 'ema_bd_i/rst_ps7_0_100M/U0'
INFO: [Opt 31-138] Pushed 0 inverter(s) to 0 load pin(s).
Netlist sorting complete. Time (s): cpu = 00:00:00 ; elapsed = 00:00:00 . Memory (MB): peak = 1796.270 ; gain = 0.000 ; free physical = 2347 ; free virtual = 7017
INFO: [Project 1-111] Unisim Transformation Summary:
No Unisim elements were transformed.

14 Infos, 1 Warnings, 0 Critical Warnings and 0 Errors encountered.
link_design completed successfully
link_design: Time (s): cpu = 00:00:09 ; elapsed = 00:00:10 . Memory (MB): peak = 1796.270 ; gain = 412.281 ; free physical = 2347 ; free virtual = 7017
Command: opt_design
Attempting to get a license for feature 'Implementation' and/or device 'xc7z020'
INFO: [Common 17-349] Got license for feature 'Implementation' and/or device 'xc7z020'
Running DRC as a precondition to command opt_design

Starting DRC Task
INFO: [DRC 23-27] Running DRC with 4 threads
INFO: [Project 1-461] DRC finished with 0 Errors
INFO: [Project 1-462] Please refer to the DRC report (report_drc) for more information.

Time (s): cpu = 00:00:01 ; elapsed = 00:00:02 . Memory (MB): peak = 1796.270 ; gain = 0.000 ; free physical = 2341 ; free virtual = 7012

Starting Cache Timing Information Task
INFO: [Timing 38-35] Done setting XDC timing constraints.
Ending Cache Timing Information Task | Checksum: 1bb829dfa

Time (s): cpu = 00:00:08 ; elapsed = 00:00:08 . Memory (MB): peak = 2172.797 ; gain = 375.527 ; free physical = 1952 ; free virtual = 6637

Starting Logic Optimization Task

Phase 1 Retarget
INFO: [Opt 31-138] Pushed 0 inverter(s) to 0 load pin(s).
INFO: [Opt 31-49] Retargeted 0 cell(s).
Phase 1 Retarget | Checksum: 17bdff81c

Time (s): cpu = 00:00:00.15 ; elapsed = 00:00:00.12 . Memory (MB): peak = 2251.797 ; gain = 0.000 ; free physical = 1884 ; free virtual = 6569
INFO: [Opt 31-389] Phase Retarget created 4 cells and removed 31 cells

Phase 2 Constant propagation
INFO: [Opt 31-138] Pushed 0 inverter(s) to 0 load pin(s).
Phase 2 Constant propagation | Checksum: e1f66d54

Time (s): cpu = 00:00:00.18 ; elapsed = 00:00:00.15 . Memory (MB): peak = 2251.797 ; gain = 0.000 ; free physical = 1884 ; free virtual = 6569
INFO: [Opt 31-389] Phase Constant propagation created 0 cells and removed 8 cells

Phase 3 Sweep
Phase 3 Sweep | Checksum: 12e13c489

Time (s): cpu = 00:00:00.65 ; elapsed = 00:00:00.62 . Memory (MB): peak = 2251.797 ; gain = 0.000 ; free physical = 1883 ; free virtual = 6569
INFO: [Opt 31-389] Phase Sweep created 0 cells and removed 385 cells

Phase 4 BUFG optimization
Phase 4 BUFG optimization | Checksum: 12e13c489

Time (s): cpu = 00:00:00.68 ; elapsed = 00:00:00.65 . Memory (MB): peak = 2251.797 ; gain = 0.000 ; free physical = 1883 ; free virtual = 6569
INFO: [Opt 31-662] Phase BUFG optimization created 0 cells of which 0 are BUFGs and removed 0 cells.

Phase 5 Shift Register Optimization
Phase 5 Shift Register Optimization | Checksum: 1257b61f6

Time (s): cpu = 00:00:00.88 ; elapsed = 00:00:00.86 . Memory (MB): peak = 2251.797 ; gain = 0.000 ; free physical = 1883 ; free virtual = 6569
INFO: [Opt 31-389] Phase Shift Register Optimization created 0 cells and removed 0 cells

Phase 6 Post Processing Netlist
Phase 6 Post Processing Netlist | Checksum: 1257b61f6

Time (s): cpu = 00:00:00.93 ; elapsed = 00:00:00.90 . Memory (MB): peak = 2251.797 ; gain = 0.000 ; free physical = 1883 ; free virtual = 6569
INFO: [Opt 31-389] Phase Post Processing Netlist created 0 cells and removed 0 cells
Opt_design Change Summary
=========================


-------------------------------------------------------------------------------------------------------------------------
|  Phase                        |  #Cells created  |  #Cells Removed  |  #Constrained objects preventing optimizations  |
-------------------------------------------------------------------------------------------------------------------------
|  Retarget                     |               4  |              31  |                                              0  |
|  Constant propagation         |               0  |               8  |                                              0  |
|  Sweep                        |               0  |             385  |                                              0  |
|  BUFG optimization            |               0  |               0  |                                              0  |
|  Shift Register Optimization  |               0  |               0  |                                              0  |
|  Post Processing Netlist      |               0  |               0  |                                              0  |
-------------------------------------------------------------------------------------------------------------------------



Starting Connectivity Check Task

Time (s): cpu = 00:00:00 ; elapsed = 00:00:00 . Memory (MB): peak = 2251.797 ; gain = 0.000 ; free physical = 1883 ; free virtual = 6569
Ending Logic Optimization Task | Checksum: 1257b61f6

Time (s): cpu = 00:00:00.94 ; elapsed = 00:00:00.91 . Memory (MB): peak = 2251.797 ; gain = 0.000 ; free physical = 1883 ; free virtual = 6569

Starting Power Optimization Task
INFO: [Pwropt 34-132] Skipping clock gating for clocks with a period < 2.00 ns.
Ending Power Optimization Task | Checksum: 1257b61f6

Time (s): cpu = 00:00:00.02 ; elapsed = 00:00:00.04 . Memory (MB): peak = 2251.797 ; gain = 0.000 ; free physical = 1882 ; free virtual = 6568

Starting Final Cleanup Task
Ending Final Cleanup Task | Checksum: 1257b61f6

Time (s): cpu = 00:00:00 ; elapsed = 00:00:00 . Memory (MB): peak = 2251.797 ; gain = 0.000 ; free physical = 1882 ; free virtual = 6568

Starting Netlist Obfuscation Task
Netlist sorting complete. Time (s): cpu = 00:00:00 ; elapsed = 00:00:00.01 . Memory (MB): peak = 2251.797 ; gain = 0.000 ; free physical = 1882 ; free virtual = 6568
Ending Netlist Obfuscation Task | Checksum: 1257b61f6

Time (s): cpu = 00:00:00 ; elapsed = 00:00:00.01 . Memory (MB): peak = 2251.797 ; gain = 0.000 ; free physical = 1882 ; free virtual = 6568
INFO: [Common 17-83] Releasing license: Implementation
30 Infos, 1 Warnings, 0 Critical Warnings and 0 Errors encountered.
opt_design completed successfully
opt_design: Time (s): cpu = 00:00:11 ; elapsed = 00:00:12 . Memory (MB): peak = 2251.797 ; gain = 455.527 ; free physical = 1882 ; free virtual = 6568
Netlist sorting complete. Time (s): cpu = 00:00:00 ; elapsed = 00:00:00 . Memory (MB): peak = 2251.797 ; gain = 0.000 ; free physical = 1882 ; free virtual = 6568
INFO: [Timing 38-480] Writing timing data to binary archive.
Writing placer database...
Writing XDEF routing.
Writing XDEF routing logical nets.
Writing XDEF routing special nets.
Write XDEF Complete: Time (s): cpu = 00:00:00.12 ; elapsed = 00:00:00.04 . Memory (MB): peak = 2283.812 ; gain = 0.000 ; free physical = 1874 ; free virtual = 6562
Netlist sorting complete. Time (s): cpu = 00:00:00 ; elapsed = 00:00:00 . Memory (MB): peak = 2283.812 ; gain = 0.000 ; free physical = 1877 ; free virtual = 6565
INFO: [Common 17-1381] The checkpoint '/home/ejapundz/fa19-research/ema/ema.runs/impl_1/ema_bd_wrapper_opt.dcp' has been generated.
INFO: [runtcl-4] Executing : report_drc -file ema_bd_wrapper_drc_opted.rpt -pb ema_bd_wrapper_drc_opted.pb -rpx ema_bd_wrapper_drc_opted.rpx
Command: report_drc -file ema_bd_wrapper_drc_opted.rpt -pb ema_bd_wrapper_drc_opted.pb -rpx ema_bd_wrapper_drc_opted.rpx
INFO: [IP_Flow 19-1839] IP Catalog is up to date.
INFO: [DRC 23-27] Running DRC with 4 threads
WARNING: [Designutils 20-3303] unexpected site type 'IOPAD' in HDPYFinalizeIO
WARNING: [Designutils 20-3303] unexpected site type 'IOPAD' in HDPYFinalizeIO
WARNING: [Designutils 20-3303] unexpected site type 'IOPAD' in HDPYFinalizeIO
WARNING: [Designutils 20-3303] unexpected site type 'IOPAD' in HDPYFinalizeIO
WARNING: [Designutils 20-3303] unexpected site type 'IOPAD' in HDPYFinalizeIO
WARNING: [Designutils 20-3303] unexpected site type 'IOPAD' in HDPYFinalizeIO
WARNING: [Designutils 20-3303] unexpected site type 'IOPAD' in HDPYFinalizeIO
WARNING: [Designutils 20-3303] unexpected site type 'IOPAD' in HDPYFinalizeIO
WARNING: [Designutils 20-3303] unexpected site type 'IOPAD' in HDPYFinalizeIO
WARNING: [Designutils 20-3303] unexpected site type 'IOPAD' in HDPYFinalizeIO
WARNING: [Designutils 20-3303] unexpected site type 'IOPAD' in HDPYFinalizeIO
WARNING: [Designutils 20-3303] unexpected site type 'IOPAD' in HDPYFinalizeIO
WARNING: [Designutils 20-3303] unexpected site type 'IOPAD' in HDPYFinalizeIO
WARNING: [Designutils 20-3303] unexpected site type 'IOPAD' in HDPYFinalizeIO
WARNING: [Designutils 20-3303] unexpected site type 'IOPAD' in HDPYFinalizeIO
WARNING: [Designutils 20-3303] unexpected site type 'IOPAD' in HDPYFinalizeIO
WARNING: [Designutils 20-3303] unexpected site type 'IOPAD' in HDPYFinalizeIO
WARNING: [Designutils 20-3303] unexpected site type 'IOPAD' in HDPYFinalizeIO
WARNING: [Designutils 20-3303] unexpected site type 'IOPAD' in HDPYFinalizeIO
WARNING: [Designutils 20-3303] unexpected site type 'IOPAD' in HDPYFinalizeIO
WARNING: [Designutils 20-3303] unexpected site type 'IOPAD' in HDPYFinalizeIO
WARNING: [Designutils 20-3303] unexpected site type 'IOPAD' in HDPYFinalizeIO
WARNING: [Designutils 20-3303] unexpected site type 'IOPAD' in HDPYFinalizeIO
WARNING: [Designutils 20-3303] unexpected site type 'IOPAD' in HDPYFinalizeIO
WARNING: [Designutils 20-3303] unexpected site type 'IOPAD' in HDPYFinalizeIO
WARNING: [Designutils 20-3303] unexpected site type 'IOPAD' in HDPYFinalizeIO
WARNING: [Designutils 20-3303] unexpected site type 'IOPAD' in HDPYFinalizeIO
WARNING: [Designutils 20-3303] unexpected site type 'IOPAD' in HDPYFinalizeIO
WARNING: [Designutils 20-3303] unexpected site type 'IOPAD' in HDPYFinalizeIO
WARNING: [Designutils 20-3303] unexpected site type 'IOPAD' in HDPYFinalizeIO
WARNING: [Designutils 20-3303] unexpected site type 'IOPAD' in HDPYFinalizeIO
WARNING: [Designutils 20-3303] unexpected site type 'IOPAD' in HDPYFinalizeIO
WARNING: [Designutils 20-3303] unexpected site type 'IOPAD' in HDPYFinalizeIO
WARNING: [Designutils 20-3303] unexpected site type 'IOPAD' in HDPYFinalizeIO
WARNING: [Designutils 20-3303] unexpected site type 'IOPAD' in HDPYFinalizeIO
WARNING: [Designutils 20-3303] unexpected site type 'IOPAD' in HDPYFinalizeIO
WARNING: [Designutils 20-3303] unexpected site type 'IOPAD' in HDPYFinalizeIO
WARNING: [Designutils 20-3303] unexpected site type 'IOPAD' in HDPYFinalizeIO
WARNING: [Designutils 20-3303] unexpected site type 'IOPAD' in HDPYFinalizeIO
WARNING: [Designutils 20-3303] unexpected site type 'IOPAD' in HDPYFinalizeIO
WARNING: [Designutils 20-3303] unexpected site type 'IOPAD' in HDPYFinalizeIO
WARNING: [Designutils 20-3303] unexpected site type 'IOPAD' in HDPYFinalizeIO
WARNING: [Designutils 20-3303] unexpected site type 'IOPAD' in HDPYFinalizeIO
WARNING: [Designutils 20-3303] unexpected site type 'IOPAD' in HDPYFinalizeIO
WARNING: [Designutils 20-3303] unexpected site type 'IOPAD' in HDPYFinalizeIO
WARNING: [Designutils 20-3303] unexpected site type 'IOPAD' in HDPYFinalizeIO
WARNING: [Designutils 20-3303] unexpected site type 'IOPAD' in HDPYFinalizeIO
WARNING: [Designutils 20-3303] unexpected site type 'IOPAD' in HDPYFinalizeIO
WARNING: [Designutils 20-3303] unexpected site type 'IOPAD' in HDPYFinalizeIO
WARNING: [Designutils 20-3303] unexpected site type 'IOPAD' in HDPYFinalizeIO
WARNING: [Designutils 20-3303] unexpected site type 'IOPAD' in HDPYFinalizeIO
WARNING: [Designutils 20-3303] unexpected site type 'IOPAD' in HDPYFinalizeIO
WARNING: [Designutils 20-3303] unexpected site type 'IOPAD' in HDPYFinalizeIO
WARNING: [Designutils 20-3303] unexpected site type 'IOPAD' in HDPYFinalizeIO
WARNING: [Designutils 20-3303] unexpected site type 'IOPAD' in HDPYFinalizeIO
WARNING: [Designutils 20-3303] unexpected site type 'IOPAD' in HDPYFinalizeIO
WARNING: [Designutils 20-3303] unexpected site type 'IOPAD' in HDPYFinalizeIO
WARNING: [Designutils 20-3303] unexpected site type 'IOPAD' in HDPYFinalizeIO
WARNING: [Designutils 20-3303] unexpected site type 'IOPAD' in HDPYFinalizeIO
WARNING: [Designutils 20-3303] unexpected site type 'IOPAD' in HDPYFinalizeIO
WARNING: [Designutils 20-3303] unexpected site type 'IOPAD' in HDPYFinalizeIO
WARNING: [Designutils 20-3303] unexpected site type 'IOPAD' in HDPYFinalizeIO
WARNING: [Designutils 20-3303] unexpected site type 'IOPAD' in HDPYFinalizeIO
WARNING: [Designutils 20-3303] unexpected site type 'IOPAD' in HDPYFinalizeIO
WARNING: [Designutils 20-3303] unexpected site type 'IOPAD' in HDPYFinalizeIO
WARNING: [Designutils 20-3303] unexpected site type 'IOPAD' in HDPYFinalizeIO
WARNING: [Designutils 20-3303] unexpected site type 'IOPAD' in HDPYFinalizeIO
WARNING: [Designutils 20-3303] unexpected site type 'IOPAD' in HDPYFinalizeIO
WARNING: [Designutils 20-3303] unexpected site type 'IOPAD' in HDPYFinalizeIO
WARNING: [Designutils 20-3303] unexpected site type 'IOPAD' in HDPYFinalizeIO
WARNING: [Designutils 20-3303] unexpected site type 'IOPAD' in HDPYFinalizeIO
WARNING: [Designutils 20-3303] unexpected site type 'IOPAD' in HDPYFinalizeIO
WARNING: [Designutils 20-3303] unexpected site type 'IOPAD' in HDPYFinalizeIO
WARNING: [Designutils 20-3303] unexpected site type 'IOPAD' in HDPYFinalizeIO
WARNING: [Designutils 20-3303] unexpected site type 'IOPAD' in HDPYFinalizeIO
WARNING: [Designutils 20-3303] unexpected site type 'IOPAD' in HDPYFinalizeIO
WARNING: [Designutils 20-3303] unexpected site type 'IOPAD' in HDPYFinalizeIO
WARNING: [Designutils 20-3303] unexpected site type 'IOPAD' in HDPYFinalizeIO
WARNING: [Designutils 20-3303] unexpected site type 'IOPAD' in HDPYFinalizeIO
WARNING: [Designutils 20-3303] unexpected site type 'IOPAD' in HDPYFinalizeIO
WARNING: [Designutils 20-3303] unexpected site type 'IOPAD' in HDPYFinalizeIO
WARNING: [Designutils 20-3303] unexpected site type 'IOPAD' in HDPYFinalizeIO
WARNING: [Designutils 20-3303] unexpected site type 'IOPAD' in HDPYFinalizeIO
WARNING: [Designutils 20-3303] unexpected site type 'IOPAD' in HDPYFinalizeIO
WARNING: [Designutils 20-3303] unexpected site type 'IOPAD' in HDPYFinalizeIO
WARNING: [Designutils 20-3303] unexpected site type 'IOPAD' in HDPYFinalizeIO
WARNING: [Designutils 20-3303] unexpected site type 'IOPAD' in HDPYFinalizeIO
WARNING: [Designutils 20-3303] unexpected site type 'IOPAD' in HDPYFinalizeIO
WARNING: [Designutils 20-3303] unexpected site type 'IOPAD' in HDPYFinalizeIO
WARNING: [Designutils 20-3303] unexpected site type 'IOPAD' in HDPYFinalizeIO
WARNING: [Designutils 20-3303] unexpected site type 'IOPAD' in HDPYFinalizeIO
WARNING: [Designutils 20-3303] unexpected site type 'IOPAD' in HDPYFinalizeIO
WARNING: [Designutils 20-3303] unexpected site type 'IOPAD' in HDPYFinalizeIO
WARNING: [Designutils 20-3303] unexpected site type 'IOPAD' in HDPYFinalizeIO
WARNING: [Designutils 20-3303] unexpected site type 'IOPAD' in HDPYFinalizeIO
WARNING: [Designutils 20-3303] unexpected site type 'IOPAD' in HDPYFinalizeIO
WARNING: [Designutils 20-3303] unexpected site type 'IOPAD' in HDPYFinalizeIO
WARNING: [Designutils 20-3303] unexpected site type 'IOPAD' in HDPYFinalizeIO
WARNING: [Designutils 20-3303] unexpected site type 'IOPAD' in HDPYFinalizeIO
WARNING: [Designutils 20-3303] unexpected site type 'IOPAD' in HDPYFinalizeIO
INFO: [Coretcl 2-168] The results of DRC are in file /home/ejapundz/fa19-research/ema/ema.runs/impl_1/ema_bd_wrapper_drc_opted.rpt.
report_drc completed successfully
Command: place_design
Attempting to get a license for feature 'Implementation' and/or device 'xc7z020'
INFO: [Common 17-349] Got license for feature 'Implementation' and/or device 'xc7z020'
INFO: [DRC 23-27] Running DRC with 4 threads
INFO: [Vivado_Tcl 4-198] DRC finished with 0 Errors
INFO: [Vivado_Tcl 4-199] Please refer to the DRC report (report_drc) for more information.
Running DRC as a precondition to command place_design
INFO: [DRC 23-27] Running DRC with 4 threads
INFO: [Vivado_Tcl 4-198] DRC finished with 0 Errors
INFO: [Vivado_Tcl 4-199] Please refer to the DRC report (report_drc) for more information.

Starting Placer Task
INFO: [Place 30-611] Multithreading enabled for place_design using a maximum of 4 CPUs

Phase 1 Placer Initialization

Phase 1.1 Placer Initialization Netlist Sorting
Netlist sorting complete. Time (s): cpu = 00:00:00 ; elapsed = 00:00:00 . Memory (MB): peak = 2339.840 ; gain = 0.000 ; free physical = 1871 ; free virtual = 6558
Phase 1.1 Placer Initialization Netlist Sorting | Checksum: 118aa764f

Time (s): cpu = 00:00:00.01 ; elapsed = 00:00:00.07 . Memory (MB): peak = 2339.840 ; gain = 0.000 ; free physical = 1871 ; free virtual = 6558
Netlist sorting complete. Time (s): cpu = 00:00:00 ; elapsed = 00:00:00 . Memory (MB): peak = 2339.840 ; gain = 0.000 ; free physical = 1871 ; free virtual = 6558

Phase 1.2 IO Placement/ Clock Placement/ Build Placer Device
INFO: [Timing 38-35] Done setting XDC timing constraints.
Phase 1.2 IO Placement/ Clock Placement/ Build Placer Device | Checksum: 278e58ce

Time (s): cpu = 00:00:00.95 ; elapsed = 00:00:01 . Memory (MB): peak = 2339.840 ; gain = 0.000 ; free physical = 1855 ; free virtual = 6543

Phase 1.3 Build Placer Netlist Model
Phase 1.3 Build Placer Netlist Model | Checksum: 1836594d8

Time (s): cpu = 00:00:01 ; elapsed = 00:00:01 . Memory (MB): peak = 2339.840 ; gain = 0.000 ; free physical = 1861 ; free virtual = 6550

Phase 1.4 Constrain Clocks/Macros
Phase 1.4 Constrain Clocks/Macros | Checksum: 1836594d8

Time (s): cpu = 00:00:01 ; elapsed = 00:00:01 . Memory (MB): peak = 2339.840 ; gain = 0.000 ; free physical = 1861 ; free virtual = 6550
Phase 1 Placer Initialization | Checksum: 1836594d8

Time (s): cpu = 00:00:01 ; elapsed = 00:00:01 . Memory (MB): peak = 2339.840 ; gain = 0.000 ; free physical = 1861 ; free virtual = 6550

Phase 2 Global Placement

Phase 2.1 Floorplanning
Phase 2.1 Floorplanning | Checksum: 17b7f5fe6

Time (s): cpu = 00:00:02 ; elapsed = 00:00:01 . Memory (MB): peak = 2339.840 ; gain = 0.000 ; free physical = 1859 ; free virtual = 6549

Phase 2.2 Physical Synthesis In Placer
INFO: [Physopt 32-65] No nets found for high-fanout optimization.
INFO: [Physopt 32-232] Optimized 0 net. Created 0 new instance.
INFO: [Physopt 32-775] End 1 Pass. Optimized 0 net or cell. Created 0 new cell, deleted 0 existing cell and moved 0 existing cell
INFO: [Physopt 32-670] No setup violation found.  DSP Register Optimization was not performed.
INFO: [Physopt 32-670] No setup violation found.  Shift Register Optimization was not performed.
INFO: [Physopt 32-670] No setup violation found.  BRAM Register Optimization was not performed.
INFO: [Physopt 32-949] No candidate nets found for HD net replication
INFO: [Physopt 32-775] End 1 Pass. Optimized 0 net or cell. Created 0 new cell, deleted 0 existing cell and moved 0 existing cell
Netlist sorting complete. Time (s): cpu = 00:00:00 ; elapsed = 00:00:00 . Memory (MB): peak = 2339.840 ; gain = 0.000 ; free physical = 1848 ; free virtual = 6539

Summary of Physical Synthesis Optimizations
============================================


----------------------------------------------------------------------------------------------------------------------------------------
|  Optimization                  |  Added Cells  |  Removed Cells  |  Optimized Cells/Nets  |  Dont Touch  |  Iterations  |  Elapsed   |
----------------------------------------------------------------------------------------------------------------------------------------
|  Very High Fanout              |            0  |              0  |                     0  |           0  |           1  |  00:00:00  |
|  DSP Register                  |            0  |              0  |                     0  |           0  |           0  |  00:00:00  |
|  Shift Register                |            0  |              0  |                     0  |           0  |           0  |  00:00:00  |
|  BRAM Register                 |            0  |              0  |                     0  |           0  |           0  |  00:00:00  |
|  HD Interface Net Replication  |            0  |              0  |                     0  |           0  |           1  |  00:00:00  |
|  Total                         |            0  |              0  |                     0  |           0  |           2  |  00:00:00  |
----------------------------------------------------------------------------------------------------------------------------------------


Phase 2.2 Physical Synthesis In Placer | Checksum: 1dbae583b

Time (s): cpu = 00:00:04 ; elapsed = 00:00:03 . Memory (MB): peak = 2339.840 ; gain = 0.000 ; free physical = 1848 ; free virtual = 6539
Phase 2 Global Placement | Checksum: 11e84ea8c

Time (s): cpu = 00:00:04 ; elapsed = 00:00:03 . Memory (MB): peak = 2339.840 ; gain = 0.000 ; free physical = 1848 ; free virtual = 6539

Phase 3 Detail Placement

Phase 3.1 Commit Multi Column Macros
Phase 3.1 Commit Multi Column Macros | Checksum: 11e84ea8c

Time (s): cpu = 00:00:04 ; elapsed = 00:00:03 . Memory (MB): peak = 2339.840 ; gain = 0.000 ; free physical = 1848 ; free virtual = 6539

Phase 3.2 Commit Most Macros & LUTRAMs
Phase 3.2 Commit Most Macros & LUTRAMs | Checksum: 1f0fba94a

Time (s): cpu = 00:00:04 ; elapsed = 00:00:03 . Memory (MB): peak = 2339.840 ; gain = 0.000 ; free physical = 1847 ; free virtual = 6539

Phase 3.3 Area Swap Optimization
Phase 3.3 Area Swap Optimization | Checksum: 2d5f31350

Time (s): cpu = 00:00:04 ; elapsed = 00:00:03 . Memory (MB): peak = 2339.840 ; gain = 0.000 ; free physical = 1847 ; free virtual = 6539

Phase 3.4 Pipeline Register Optimization
Phase 3.4 Pipeline Register Optimization | Checksum: 24a4b3b17

Time (s): cpu = 00:00:04 ; elapsed = 00:00:03 . Memory (MB): peak = 2339.840 ; gain = 0.000 ; free physical = 1847 ; free virtual = 6539

Phase 3.5 Small Shape Detail Placement
Phase 3.5 Small Shape Detail Placement | Checksum: 2417fe206

Time (s): cpu = 00:00:05 ; elapsed = 00:00:03 . Memory (MB): peak = 2339.840 ; gain = 0.000 ; free physical = 1844 ; free virtual = 6536

Phase 3.6 Re-assign LUT pins
Phase 3.6 Re-assign LUT pins | Checksum: 1f3897ad2

Time (s): cpu = 00:00:05 ; elapsed = 00:00:03 . Memory (MB): peak = 2339.840 ; gain = 0.000 ; free physical = 1844 ; free virtual = 6536

Phase 3.7 Pipeline Register Optimization
Phase 3.7 Pipeline Register Optimization | Checksum: 15bc1a21b

Time (s): cpu = 00:00:05 ; elapsed = 00:00:03 . Memory (MB): peak = 2339.840 ; gain = 0.000 ; free physical = 1844 ; free virtual = 6536
Phase 3 Detail Placement | Checksum: 15bc1a21b

Time (s): cpu = 00:00:05 ; elapsed = 00:00:03 . Memory (MB): peak = 2339.840 ; gain = 0.000 ; free physical = 1844 ; free virtual = 6536

Phase 4 Post Placement Optimization and Clean-Up

Phase 4.1 Post Commit Optimization
INFO: [Timing 38-35] Done setting XDC timing constraints.

Phase 4.1.1 Post Placement Optimization
Post Placement Optimization Initialization | Checksum: 1838d011a

Phase 4.1.1.1 BUFG Insertion
INFO: [Place 46-46] BUFG insertion identified 0 candidate nets, 0 success, 0 bufg driver replicated, 0 skipped for placement/routing, 0 skipped for timing, 0 skipped for netlist change reason
Phase 4.1.1.1 BUFG Insertion | Checksum: 1838d011a

Time (s): cpu = 00:00:05 ; elapsed = 00:00:04 . Memory (MB): peak = 2339.840 ; gain = 0.000 ; free physical = 1844 ; free virtual = 6537
INFO: [Place 30-746] Post Placement Timing Summary WNS=4.817. For the most accurate timing information please run report_timing.
Phase 4.1.1 Post Placement Optimization | Checksum: 1cf76eb5f

Time (s): cpu = 00:00:05 ; elapsed = 00:00:04 . Memory (MB): peak = 2339.840 ; gain = 0.000 ; free physical = 1844 ; free virtual = 6537
Phase 4.1 Post Commit Optimization | Checksum: 1cf76eb5f

Time (s): cpu = 00:00:05 ; elapsed = 00:00:04 . Memory (MB): peak = 2339.840 ; gain = 0.000 ; free physical = 1844 ; free virtual = 6537

Phase 4.2 Post Placement Cleanup
Phase 4.2 Post Placement Cleanup | Checksum: 1cf76eb5f

Time (s): cpu = 00:00:05 ; elapsed = 00:00:04 . Memory (MB): peak = 2339.840 ; gain = 0.000 ; free physical = 1845 ; free virtual = 6538

Phase 4.3 Placer Reporting
Phase 4.3 Placer Reporting | Checksum: 1cf76eb5f

Time (s): cpu = 00:00:05 ; elapsed = 00:00:04 . Memory (MB): peak = 2339.840 ; gain = 0.000 ; free physical = 1845 ; free virtual = 6538

Phase 4.4 Final Placement Cleanup
Netlist sorting complete. Time (s): cpu = 00:00:00 ; elapsed = 00:00:00 . Memory (MB): peak = 2339.840 ; gain = 0.000 ; free physical = 1845 ; free virtual = 6538
Phase 4.4 Final Placement Cleanup | Checksum: 12da05d88

Time (s): cpu = 00:00:05 ; elapsed = 00:00:04 . Memory (MB): peak = 2339.840 ; gain = 0.000 ; free physical = 1845 ; free virtual = 6538
Phase 4 Post Placement Optimization and Clean-Up | Checksum: 12da05d88

Time (s): cpu = 00:00:05 ; elapsed = 00:00:04 . Memory (MB): peak = 2339.840 ; gain = 0.000 ; free physical = 1845 ; free virtual = 6538
Ending Placer Task | Checksum: 86de40f8

Time (s): cpu = 00:00:05 ; elapsed = 00:00:04 . Memory (MB): peak = 2339.840 ; gain = 0.000 ; free physical = 1856 ; free virtual = 6548
INFO: [Common 17-83] Releasing license: Implementation
57 Infos, 101 Warnings, 0 Critical Warnings and 0 Errors encountered.
place_design completed successfully
place_design: Time (s): cpu = 00:00:07 ; elapsed = 00:00:05 . Memory (MB): peak = 2339.840 ; gain = 0.000 ; free physical = 1856 ; free virtual = 6548
Netlist sorting complete. Time (s): cpu = 00:00:00 ; elapsed = 00:00:00 . Memory (MB): peak = 2339.840 ; gain = 0.000 ; free physical = 1856 ; free virtual = 6548
INFO: [Timing 38-480] Writing timing data to binary archive.
Writing placer database...
Netlist sorting complete. Time (s): cpu = 00:00:00 ; elapsed = 00:00:00 . Memory (MB): peak = 2339.840 ; gain = 0.000 ; free physical = 1851 ; free virtual = 6545
Writing XDEF routing.
Writing XDEF routing logical nets.
Writing XDEF routing special nets.
Write XDEF Complete: Time (s): cpu = 00:00:00.32 ; elapsed = 00:00:00.09 . Memory (MB): peak = 2339.840 ; gain = 0.000 ; free physical = 1847 ; free virtual = 6542
INFO: [Common 17-1381] The checkpoint '/home/ejapundz/fa19-research/ema/ema.runs/impl_1/ema_bd_wrapper_placed.dcp' has been generated.
INFO: [runtcl-4] Executing : report_io -file ema_bd_wrapper_io_placed.rpt
report_io: Time (s): cpu = 00:00:00.13 ; elapsed = 00:00:00.19 . Memory (MB): peak = 2339.840 ; gain = 0.000 ; free physical = 1843 ; free virtual = 6536
INFO: [runtcl-4] Executing : report_utilization -file ema_bd_wrapper_utilization_placed.rpt -pb ema_bd_wrapper_utilization_placed.pb
INFO: [runtcl-4] Executing : report_control_sets -verbose -file ema_bd_wrapper_control_sets_placed.rpt
report_control_sets: Time (s): cpu = 00:00:00.08 ; elapsed = 00:00:00.10 . Memory (MB): peak = 2339.840 ; gain = 0.000 ; free physical = 1853 ; free virtual = 6546
Command: route_design
Attempting to get a license for feature 'Implementation' and/or device 'xc7z020'
INFO: [Common 17-349] Got license for feature 'Implementation' and/or device 'xc7z020'
Running DRC as a precondition to command route_design
INFO: [DRC 23-27] Running DRC with 4 threads
WARNING: [Designutils 20-3303] unexpected site type 'IOPAD' in HDPYFinalizeIO
WARNING: [Designutils 20-3303] unexpected site type 'IOPAD' in HDPYFinalizeIO
WARNING: [Designutils 20-3303] unexpected site type 'IOPAD' in HDPYFinalizeIO
WARNING: [Designutils 20-3303] unexpected site type 'IOPAD' in HDPYFinalizeIO
WARNING: [Designutils 20-3303] unexpected site type 'IOPAD' in HDPYFinalizeIO
WARNING: [Designutils 20-3303] unexpected site type 'IOPAD' in HDPYFinalizeIO
WARNING: [Designutils 20-3303] unexpected site type 'IOPAD' in HDPYFinalizeIO
WARNING: [Designutils 20-3303] unexpected site type 'IOPAD' in HDPYFinalizeIO
WARNING: [Designutils 20-3303] unexpected site type 'IOPAD' in HDPYFinalizeIO
WARNING: [Designutils 20-3303] unexpected site type 'IOPAD' in HDPYFinalizeIO
WARNING: [Designutils 20-3303] unexpected site type 'IOPAD' in HDPYFinalizeIO
WARNING: [Designutils 20-3303] unexpected site type 'IOPAD' in HDPYFinalizeIO
WARNING: [Designutils 20-3303] unexpected site type 'IOPAD' in HDPYFinalizeIO
WARNING: [Designutils 20-3303] unexpected site type 'IOPAD' in HDPYFinalizeIO
WARNING: [Designutils 20-3303] unexpected site type 'IOPAD' in HDPYFinalizeIO
WARNING: [Designutils 20-3303] unexpected site type 'IOPAD' in HDPYFinalizeIO
WARNING: [Designutils 20-3303] unexpected site type 'IOPAD' in HDPYFinalizeIO
WARNING: [Designutils 20-3303] unexpected site type 'IOPAD' in HDPYFinalizeIO
WARNING: [Designutils 20-3303] unexpected site type 'IOPAD' in HDPYFinalizeIO
WARNING: [Designutils 20-3303] unexpected site type 'IOPAD' in HDPYFinalizeIO
WARNING: [Designutils 20-3303] unexpected site type 'IOPAD' in HDPYFinalizeIO
WARNING: [Designutils 20-3303] unexpected site type 'IOPAD' in HDPYFinalizeIO
WARNING: [Designutils 20-3303] unexpected site type 'IOPAD' in HDPYFinalizeIO
WARNING: [Designutils 20-3303] unexpected site type 'IOPAD' in HDPYFinalizeIO
WARNING: [Designutils 20-3303] unexpected site type 'IOPAD' in HDPYFinalizeIO
WARNING: [Designutils 20-3303] unexpected site type 'IOPAD' in HDPYFinalizeIO
WARNING: [Designutils 20-3303] unexpected site type 'IOPAD' in HDPYFinalizeIO
WARNING: [Designutils 20-3303] unexpected site type 'IOPAD' in HDPYFinalizeIO
WARNING: [Designutils 20-3303] unexpected site type 'IOPAD' in HDPYFinalizeIO
WARNING: [Designutils 20-3303] unexpected site type 'IOPAD' in HDPYFinalizeIO
WARNING: [Designutils 20-3303] unexpected site type 'IOPAD' in HDPYFinalizeIO
WARNING: [Designutils 20-3303] unexpected site type 'IOPAD' in HDPYFinalizeIO
WARNING: [Designutils 20-3303] unexpected site type 'IOPAD' in HDPYFinalizeIO
WARNING: [Designutils 20-3303] unexpected site type 'IOPAD' in HDPYFinalizeIO
WARNING: [Designutils 20-3303] unexpected site type 'IOPAD' in HDPYFinalizeIO
WARNING: [Designutils 20-3303] unexpected site type 'IOPAD' in HDPYFinalizeIO
WARNING: [Designutils 20-3303] unexpected site type 'IOPAD' in HDPYFinalizeIO
WARNING: [Designutils 20-3303] unexpected site type 'IOPAD' in HDPYFinalizeIO
WARNING: [Designutils 20-3303] unexpected site type 'IOPAD' in HDPYFinalizeIO
WARNING: [Designutils 20-3303] unexpected site type 'IOPAD' in HDPYFinalizeIO
WARNING: [Designutils 20-3303] unexpected site type 'IOPAD' in HDPYFinalizeIO
WARNING: [Designutils 20-3303] unexpected site type 'IOPAD' in HDPYFinalizeIO
WARNING: [Designutils 20-3303] unexpected site type 'IOPAD' in HDPYFinalizeIO
WARNING: [Designutils 20-3303] unexpected site type 'IOPAD' in HDPYFinalizeIO
WARNING: [Designutils 20-3303] unexpected site type 'IOPAD' in HDPYFinalizeIO
WARNING: [Designutils 20-3303] unexpected site type 'IOPAD' in HDPYFinalizeIO
WARNING: [Designutils 20-3303] unexpected site type 'IOPAD' in HDPYFinalizeIO
WARNING: [Designutils 20-3303] unexpected site type 'IOPAD' in HDPYFinalizeIO
WARNING: [Designutils 20-3303] unexpected site type 'IOPAD' in HDPYFinalizeIO
WARNING: [Designutils 20-3303] unexpected site type 'IOPAD' in HDPYFinalizeIO
WARNING: [Designutils 20-3303] unexpected site type 'IOPAD' in HDPYFinalizeIO
WARNING: [Designutils 20-3303] unexpected site type 'IOPAD' in HDPYFinalizeIO
WARNING: [Designutils 20-3303] unexpected site type 'IOPAD' in HDPYFinalizeIO
WARNING: [Designutils 20-3303] unexpected site type 'IOPAD' in HDPYFinalizeIO
WARNING: [Designutils 20-3303] unexpected site type 'IOPAD' in HDPYFinalizeIO
WARNING: [Designutils 20-3303] unexpected site type 'IOPAD' in HDPYFinalizeIO
WARNING: [Designutils 20-3303] unexpected site type 'IOPAD' in HDPYFinalizeIO
WARNING: [Designutils 20-3303] unexpected site type 'IOPAD' in HDPYFinalizeIO
WARNING: [Designutils 20-3303] unexpected site type 'IOPAD' in HDPYFinalizeIO
WARNING: [Designutils 20-3303] unexpected site type 'IOPAD' in HDPYFinalizeIO
WARNING: [Designutils 20-3303] unexpected site type 'IOPAD' in HDPYFinalizeIO
WARNING: [Designutils 20-3303] unexpected site type 'IOPAD' in HDPYFinalizeIO
WARNING: [Designutils 20-3303] unexpected site type 'IOPAD' in HDPYFinalizeIO
WARNING: [Designutils 20-3303] unexpected site type 'IOPAD' in HDPYFinalizeIO
WARNING: [Designutils 20-3303] unexpected site type 'IOPAD' in HDPYFinalizeIO
WARNING: [Designutils 20-3303] unexpected site type 'IOPAD' in HDPYFinalizeIO
WARNING: [Designutils 20-3303] unexpected site type 'IOPAD' in HDPYFinalizeIO
WARNING: [Designutils 20-3303] unexpected site type 'IOPAD' in HDPYFinalizeIO
WARNING: [Designutils 20-3303] unexpected site type 'IOPAD' in HDPYFinalizeIO
WARNING: [Designutils 20-3303] unexpected site type 'IOPAD' in HDPYFinalizeIO
WARNING: [Designutils 20-3303] unexpected site type 'IOPAD' in HDPYFinalizeIO
WARNING: [Designutils 20-3303] unexpected site type 'IOPAD' in HDPYFinalizeIO
WARNING: [Designutils 20-3303] unexpected site type 'IOPAD' in HDPYFinalizeIO
WARNING: [Designutils 20-3303] unexpected site type 'IOPAD' in HDPYFinalizeIO
WARNING: [Designutils 20-3303] unexpected site type 'IOPAD' in HDPYFinalizeIO
WARNING: [Designutils 20-3303] unexpected site type 'IOPAD' in HDPYFinalizeIO
WARNING: [Designutils 20-3303] unexpected site type 'IOPAD' in HDPYFinalizeIO
WARNING: [Designutils 20-3303] unexpected site type 'IOPAD' in HDPYFinalizeIO
WARNING: [Designutils 20-3303] unexpected site type 'IOPAD' in HDPYFinalizeIO
WARNING: [Designutils 20-3303] unexpected site type 'IOPAD' in HDPYFinalizeIO
WARNING: [Designutils 20-3303] unexpected site type 'IOPAD' in HDPYFinalizeIO
WARNING: [Designutils 20-3303] unexpected site type 'IOPAD' in HDPYFinalizeIO
WARNING: [Designutils 20-3303] unexpected site type 'IOPAD' in HDPYFinalizeIO
WARNING: [Designutils 20-3303] unexpected site type 'IOPAD' in HDPYFinalizeIO
WARNING: [Designutils 20-3303] unexpected site type 'IOPAD' in HDPYFinalizeIO
WARNING: [Designutils 20-3303] unexpected site type 'IOPAD' in HDPYFinalizeIO
WARNING: [Designutils 20-3303] unexpected site type 'IOPAD' in HDPYFinalizeIO
WARNING: [Designutils 20-3303] unexpected site type 'IOPAD' in HDPYFinalizeIO
WARNING: [Designutils 20-3303] unexpected site type 'IOPAD' in HDPYFinalizeIO
WARNING: [Designutils 20-3303] unexpected site type 'IOPAD' in HDPYFinalizeIO
WARNING: [Designutils 20-3303] unexpected site type 'IOPAD' in HDPYFinalizeIO
WARNING: [Designutils 20-3303] unexpected site type 'IOPAD' in HDPYFinalizeIO
WARNING: [Designutils 20-3303] unexpected site type 'IOPAD' in HDPYFinalizeIO
WARNING: [Designutils 20-3303] unexpected site type 'IOPAD' in HDPYFinalizeIO
WARNING: [Designutils 20-3303] unexpected site type 'IOPAD' in HDPYFinalizeIO
WARNING: [Designutils 20-3303] unexpected site type 'IOPAD' in HDPYFinalizeIO
WARNING: [Designutils 20-3303] unexpected site type 'IOPAD' in HDPYFinalizeIO
WARNING: [Designutils 20-3303] unexpected site type 'IOPAD' in HDPYFinalizeIO
WARNING: [Designutils 20-3303] unexpected site type 'IOPAD' in HDPYFinalizeIO
WARNING: [Designutils 20-3303] unexpected site type 'IOPAD' in HDPYFinalizeIO
INFO: [Common 17-14] Message 'Designutils 20-3303' appears 100 times and further instances of the messages will be disabled. Use the Tcl command set_msg_config to change the current settings.
INFO: [Vivado_Tcl 4-198] DRC finished with 0 Errors
INFO: [Vivado_Tcl 4-199] Please refer to the DRC report (report_drc) for more information.


Starting Routing Task
INFO: [Route 35-254] Multithreading enabled for route_design using a maximum of 4 CPUs
Checksum: PlaceDB: 55ba4813 ConstDB: 0 ShapeSum: 3123f8e5 RouteDB: 0

Phase 1 Build RT Design
Phase 1 Build RT Design | Checksum: a8aaaafa

Time (s): cpu = 00:00:23 ; elapsed = 00:00:19 . Memory (MB): peak = 2414.504 ; gain = 74.664 ; free physical = 1720 ; free virtual = 6414
Post Restoration Checksum: NetGraph: 4a04a20 NumContArr: a40a60da Constraints: 0 Timing: 0

Phase 2 Router Initialization

Phase 2.1 Create Timer
Phase 2.1 Create Timer | Checksum: a8aaaafa

Time (s): cpu = 00:00:23 ; elapsed = 00:00:20 . Memory (MB): peak = 2429.500 ; gain = 89.660 ; free physical = 1698 ; free virtual = 6391

Phase 2.2 Fix Topology Constraints
Phase 2.2 Fix Topology Constraints | Checksum: a8aaaafa

Time (s): cpu = 00:00:23 ; elapsed = 00:00:20 . Memory (MB): peak = 2444.500 ; gain = 104.660 ; free physical = 1681 ; free virtual = 6375

Phase 2.3 Pre Route Cleanup
Phase 2.3 Pre Route Cleanup | Checksum: a8aaaafa

Time (s): cpu = 00:00:23 ; elapsed = 00:00:20 . Memory (MB): peak = 2444.500 ; gain = 104.660 ; free physical = 1681 ; free virtual = 6375
 Number of Nodes with overlaps = 0

Phase 2.4 Update Timing
Phase 2.4 Update Timing | Checksum: 1ccf48284

Time (s): cpu = 00:00:23 ; elapsed = 00:00:20 . Memory (MB): peak = 2468.555 ; gain = 128.715 ; free physical = 1674 ; free virtual = 6368
INFO: [Route 35-416] Intermediate Timing Summary | WNS=4.890  | TNS=0.000  | WHS=-0.189 | THS=-12.245|

Phase 2 Router Initialization | Checksum: 1ccee7cb0

Time (s): cpu = 00:00:24 ; elapsed = 00:00:20 . Memory (MB): peak = 2468.555 ; gain = 128.715 ; free physical = 1673 ; free virtual = 6368

Phase 3 Initial Routing
Phase 3 Initial Routing | Checksum: 1a1be884d

Time (s): cpu = 00:00:24 ; elapsed = 00:00:20 . Memory (MB): peak = 2468.555 ; gain = 128.715 ; free physical = 1673 ; free virtual = 6368

Phase 4 Rip-up And Reroute

Phase 4.1 Global Iteration 0
 Number of Nodes with overlaps = 67
 Number of Nodes with overlaps = 0
INFO: [Route 35-416] Intermediate Timing Summary | WNS=4.477  | TNS=0.000  | WHS=N/A    | THS=N/A    |

Phase 4.1 Global Iteration 0 | Checksum: bf29cb89

Time (s): cpu = 00:00:25 ; elapsed = 00:00:21 . Memory (MB): peak = 2468.555 ; gain = 128.715 ; free physical = 1673 ; free virtual = 6367

Phase 4.2 Global Iteration 1
 Number of Nodes with overlaps = 0
INFO: [Route 35-416] Intermediate Timing Summary | WNS=4.477  | TNS=0.000  | WHS=N/A    | THS=N/A    |

Phase 4.2 Global Iteration 1 | Checksum: 1522dd6c1

Time (s): cpu = 00:00:25 ; elapsed = 00:00:21 . Memory (MB): peak = 2468.555 ; gain = 128.715 ; free physical = 1673 ; free virtual = 6367
Phase 4 Rip-up And Reroute | Checksum: 1522dd6c1

Time (s): cpu = 00:00:25 ; elapsed = 00:00:21 . Memory (MB): peak = 2468.555 ; gain = 128.715 ; free physical = 1673 ; free virtual = 6367

Phase 5 Delay and Skew Optimization

Phase 5.1 Delay CleanUp
Phase 5.1 Delay CleanUp | Checksum: 1522dd6c1

Time (s): cpu = 00:00:25 ; elapsed = 00:00:21 . Memory (MB): peak = 2468.555 ; gain = 128.715 ; free physical = 1673 ; free virtual = 6367

Phase 5.2 Clock Skew Optimization
Phase 5.2 Clock Skew Optimization | Checksum: 1522dd6c1

Time (s): cpu = 00:00:25 ; elapsed = 00:00:21 . Memory (MB): peak = 2468.555 ; gain = 128.715 ; free physical = 1673 ; free virtual = 6367
Phase 5 Delay and Skew Optimization | Checksum: 1522dd6c1

Time (s): cpu = 00:00:25 ; elapsed = 00:00:21 . Memory (MB): peak = 2468.555 ; gain = 128.715 ; free physical = 1673 ; free virtual = 6367

Phase 6 Post Hold Fix

Phase 6.1 Hold Fix Iter

Phase 6.1.1 Update Timing
Phase 6.1.1 Update Timing | Checksum: fe74955a

Time (s): cpu = 00:00:25 ; elapsed = 00:00:21 . Memory (MB): peak = 2468.555 ; gain = 128.715 ; free physical = 1673 ; free virtual = 6367
INFO: [Route 35-416] Intermediate Timing Summary | WNS=4.592  | TNS=0.000  | WHS=0.053  | THS=0.000  |

Phase 6.1 Hold Fix Iter | Checksum: 11c00395a

Time (s): cpu = 00:00:25 ; elapsed = 00:00:21 . Memory (MB): peak = 2468.555 ; gain = 128.715 ; free physical = 1673 ; free virtual = 6367
Phase 6 Post Hold Fix | Checksum: 11c00395a

Time (s): cpu = 00:00:25 ; elapsed = 00:00:21 . Memory (MB): peak = 2468.555 ; gain = 128.715 ; free physical = 1673 ; free virtual = 6367

Phase 7 Route finalize

Router Utilization Summary
  Global Vertical Routing Utilization    = 0.149063 %
  Global Horizontal Routing Utilization  = 0.15475 %
  Routable Net Status*
  *Does not include unroutable nets such as driverless and loadless.
  Run report_route_status for detailed report.
  Number of Failed Nets               = 0
  Number of Unrouted Nets             = 0
  Number of Partially Routed Nets     = 0
  Number of Node Overlaps             = 0

Phase 7 Route finalize | Checksum: 16dada247

Time (s): cpu = 00:00:25 ; elapsed = 00:00:21 . Memory (MB): peak = 2468.555 ; gain = 128.715 ; free physical = 1673 ; free virtual = 6367

Phase 8 Verifying routed nets

 Verification completed successfully
Phase 8 Verifying routed nets | Checksum: 16dada247

Time (s): cpu = 00:00:25 ; elapsed = 00:00:21 . Memory (MB): peak = 2468.555 ; gain = 128.715 ; free physical = 1672 ; free virtual = 6366

Phase 9 Depositing Routes
Phase 9 Depositing Routes | Checksum: 21986c410

Time (s): cpu = 00:00:25 ; elapsed = 00:00:21 . Memory (MB): peak = 2468.555 ; gain = 128.715 ; free physical = 1672 ; free virtual = 6366

Phase 10 Post Router Timing
INFO: [Route 35-57] Estimated Timing Summary | WNS=4.592  | TNS=0.000  | WHS=0.053  | THS=0.000  |

INFO: [Route 35-327] The final timing numbers are based on the router estimated timing analysis. For a complete and accurate timing signoff, please run report_timing_summary.
Phase 10 Post Router Timing | Checksum: 21986c410

Time (s): cpu = 00:00:25 ; elapsed = 00:00:21 . Memory (MB): peak = 2468.555 ; gain = 128.715 ; free physical = 1672 ; free virtual = 6367
INFO: [Route 35-16] Router Completed Successfully

Time (s): cpu = 00:00:25 ; elapsed = 00:00:21 . Memory (MB): peak = 2468.555 ; gain = 128.715 ; free physical = 1689 ; free virtual = 6383

Routing Is Done.
INFO: [Common 17-83] Releasing license: Implementation
76 Infos, 201 Warnings, 0 Critical Warnings and 0 Errors encountered.
route_design completed successfully
route_design: Time (s): cpu = 00:00:27 ; elapsed = 00:00:23 . Memory (MB): peak = 2468.555 ; gain = 128.715 ; free physical = 1691 ; free virtual = 6385
Netlist sorting complete. Time (s): cpu = 00:00:00 ; elapsed = 00:00:00 . Memory (MB): peak = 2468.555 ; gain = 0.000 ; free physical = 1691 ; free virtual = 6385
INFO: [Timing 38-480] Writing timing data to binary archive.
Writing placer database...
Netlist sorting complete. Time (s): cpu = 00:00:00 ; elapsed = 00:00:00 . Memory (MB): peak = 2468.555 ; gain = 0.000 ; free physical = 1688 ; free virtual = 6383
Writing XDEF routing.
Writing XDEF routing logical nets.
Writing XDEF routing special nets.
Write XDEF Complete: Time (s): cpu = 00:00:00.34 ; elapsed = 00:00:00.10 . Memory (MB): peak = 2468.555 ; gain = 0.000 ; free physical = 1679 ; free virtual = 6377
INFO: [Common 17-1381] The checkpoint '/home/ejapundz/fa19-research/ema/ema.runs/impl_1/ema_bd_wrapper_routed.dcp' has been generated.
INFO: [runtcl-4] Executing : report_drc -file ema_bd_wrapper_drc_routed.rpt -pb ema_bd_wrapper_drc_routed.pb -rpx ema_bd_wrapper_drc_routed.rpx
Command: report_drc -file ema_bd_wrapper_drc_routed.rpt -pb ema_bd_wrapper_drc_routed.pb -rpx ema_bd_wrapper_drc_routed.rpx
INFO: [IP_Flow 19-1839] IP Catalog is up to date.
INFO: [DRC 23-27] Running DRC with 4 threads
INFO: [Coretcl 2-168] The results of DRC are in file /home/ejapundz/fa19-research/ema/ema.runs/impl_1/ema_bd_wrapper_drc_routed.rpt.
report_drc completed successfully
INFO: [runtcl-4] Executing : report_methodology -file ema_bd_wrapper_methodology_drc_routed.rpt -pb ema_bd_wrapper_methodology_drc_routed.pb -rpx ema_bd_wrapper_methodology_drc_routed.rpx
Command: report_methodology -file ema_bd_wrapper_methodology_drc_routed.rpt -pb ema_bd_wrapper_methodology_drc_routed.pb -rpx ema_bd_wrapper_methodology_drc_routed.rpx
INFO: [Timing 38-35] Done setting XDC timing constraints.
INFO: [DRC 23-133] Running Methodology with 4 threads
INFO: [Coretcl 2-1520] The results of Report Methodology are in file /home/ejapundz/fa19-research/ema/ema.runs/impl_1/ema_bd_wrapper_methodology_drc_routed.rpt.
report_methodology completed successfully
INFO: [runtcl-4] Executing : report_power -file ema_bd_wrapper_power_routed.rpt -pb ema_bd_wrapper_power_summary_routed.pb -rpx ema_bd_wrapper_power_routed.rpx
Command: report_power -file ema_bd_wrapper_power_routed.rpt -pb ema_bd_wrapper_power_summary_routed.pb -rpx ema_bd_wrapper_power_routed.rpx
INFO: [Timing 38-35] Done setting XDC timing constraints.
Running Vector-less Activity Propagation...

Finished Running Vector-less Activity Propagation
88 Infos, 201 Warnings, 0 Critical Warnings and 0 Errors encountered.
report_power completed successfully
INFO: [runtcl-4] Executing : report_route_status -file ema_bd_wrapper_route_status.rpt -pb ema_bd_wrapper_route_status.pb
INFO: [runtcl-4] Executing : report_timing_summary -max_paths 10 -file ema_bd_wrapper_timing_summary_routed.rpt -pb ema_bd_wrapper_timing_summary_routed.pb -rpx ema_bd_wrapper_timing_summary_routed.rpx -warn_on_violation 
INFO: [Timing 38-91] UpdateTimingParams: Speed grade: -1, Delay Type: min_max.
INFO: [Timing 38-191] Multithreading enabled for timing update using a maximum of 4 CPUs
INFO: [runtcl-4] Executing : report_incremental_reuse -file ema_bd_wrapper_incremental_reuse_routed.rpt
INFO: [Vivado_Tcl 4-1062] Incremental flow is disabled. No incremental reuse Info to report.
INFO: [runtcl-4] Executing : report_clock_utilization -file ema_bd_wrapper_clock_utilization_routed.rpt
INFO: [runtcl-4] Executing : report_bus_skew -warn_on_violation -file ema_bd_wrapper_bus_skew_routed.rpt -pb ema_bd_wrapper_bus_skew_routed.pb -rpx ema_bd_wrapper_bus_skew_routed.rpx
INFO: [Timing 38-91] UpdateTimingParams: Speed grade: -1, Delay Type: min_max.
INFO: [Timing 38-191] Multithreading enabled for timing update using a maximum of 4 CPUs
Command: write_bitstream -force ema_bd_wrapper.bit
Attempting to get a license for feature 'Implementation' and/or device 'xc7z020'
INFO: [Common 17-349] Got license for feature 'Implementation' and/or device 'xc7z020'
Running DRC as a precondition to command write_bitstream
INFO: [IP_Flow 19-1839] IP Catalog is up to date.
INFO: [DRC 23-27] Running DRC with 4 threads
WARNING: [Designutils 20-3303] unexpected site type 'IOPAD' in HDPYFinalizeIO
WARNING: [Designutils 20-3303] unexpected site type 'IOPAD' in HDPYFinalizeIO
WARNING: [Designutils 20-3303] unexpected site type 'IOPAD' in HDPYFinalizeIO
WARNING: [Designutils 20-3303] unexpected site type 'IOPAD' in HDPYFinalizeIO
WARNING: [Designutils 20-3303] unexpected site type 'IOPAD' in HDPYFinalizeIO
WARNING: [Designutils 20-3303] unexpected site type 'IOPAD' in HDPYFinalizeIO
WARNING: [Designutils 20-3303] unexpected site type 'IOPAD' in HDPYFinalizeIO
WARNING: [Designutils 20-3303] unexpected site type 'IOPAD' in HDPYFinalizeIO
WARNING: [Designutils 20-3303] unexpected site type 'IOPAD' in HDPYFinalizeIO
WARNING: [Designutils 20-3303] unexpected site type 'IOPAD' in HDPYFinalizeIO
WARNING: [Designutils 20-3303] unexpected site type 'IOPAD' in HDPYFinalizeIO
WARNING: [Designutils 20-3303] unexpected site type 'IOPAD' in HDPYFinalizeIO
WARNING: [Designutils 20-3303] unexpected site type 'IOPAD' in HDPYFinalizeIO
WARNING: [Designutils 20-3303] unexpected site type 'IOPAD' in HDPYFinalizeIO
WARNING: [Designutils 20-3303] unexpected site type 'IOPAD' in HDPYFinalizeIO
WARNING: [Designutils 20-3303] unexpected site type 'IOPAD' in HDPYFinalizeIO
WARNING: [Designutils 20-3303] unexpected site type 'IOPAD' in HDPYFinalizeIO
WARNING: [Designutils 20-3303] unexpected site type 'IOPAD' in HDPYFinalizeIO
WARNING: [Designutils 20-3303] unexpected site type 'IOPAD' in HDPYFinalizeIO
WARNING: [Designutils 20-3303] unexpected site type 'IOPAD' in HDPYFinalizeIO
WARNING: [Designutils 20-3303] unexpected site type 'IOPAD' in HDPYFinalizeIO
WARNING: [Designutils 20-3303] unexpected site type 'IOPAD' in HDPYFinalizeIO
WARNING: [Designutils 20-3303] unexpected site type 'IOPAD' in HDPYFinalizeIO
WARNING: [Designutils 20-3303] unexpected site type 'IOPAD' in HDPYFinalizeIO
WARNING: [Designutils 20-3303] unexpected site type 'IOPAD' in HDPYFinalizeIO
WARNING: [Designutils 20-3303] unexpected site type 'IOPAD' in HDPYFinalizeIO
WARNING: [Designutils 20-3303] unexpected site type 'IOPAD' in HDPYFinalizeIO
WARNING: [Designutils 20-3303] unexpected site type 'IOPAD' in HDPYFinalizeIO
WARNING: [Designutils 20-3303] unexpected site type 'IOPAD' in HDPYFinalizeIO
WARNING: [Designutils 20-3303] unexpected site type 'IOPAD' in HDPYFinalizeIO
WARNING: [Designutils 20-3303] unexpected site type 'IOPAD' in HDPYFinalizeIO
WARNING: [Designutils 20-3303] unexpected site type 'IOPAD' in HDPYFinalizeIO
WARNING: [Designutils 20-3303] unexpected site type 'IOPAD' in HDPYFinalizeIO
WARNING: [Designutils 20-3303] unexpected site type 'IOPAD' in HDPYFinalizeIO
WARNING: [Designutils 20-3303] unexpected site type 'IOPAD' in HDPYFinalizeIO
WARNING: [Designutils 20-3303] unexpected site type 'IOPAD' in HDPYFinalizeIO
WARNING: [Designutils 20-3303] unexpected site type 'IOPAD' in HDPYFinalizeIO
WARNING: [Designutils 20-3303] unexpected site type 'IOPAD' in HDPYFinalizeIO
WARNING: [Designutils 20-3303] unexpected site type 'IOPAD' in HDPYFinalizeIO
WARNING: [Designutils 20-3303] unexpected site type 'IOPAD' in HDPYFinalizeIO
WARNING: [Designutils 20-3303] unexpected site type 'IOPAD' in HDPYFinalizeIO
WARNING: [Designutils 20-3303] unexpected site type 'IOPAD' in HDPYFinalizeIO
WARNING: [Designutils 20-3303] unexpected site type 'IOPAD' in HDPYFinalizeIO
WARNING: [Designutils 20-3303] unexpected site type 'IOPAD' in HDPYFinalizeIO
WARNING: [Designutils 20-3303] unexpected site type 'IOPAD' in HDPYFinalizeIO
WARNING: [Designutils 20-3303] unexpected site type 'IOPAD' in HDPYFinalizeIO
WARNING: [Designutils 20-3303] unexpected site type 'IOPAD' in HDPYFinalizeIO
WARNING: [Designutils 20-3303] unexpected site type 'IOPAD' in HDPYFinalizeIO
WARNING: [Designutils 20-3303] unexpected site type 'IOPAD' in HDPYFinalizeIO
WARNING: [Designutils 20-3303] unexpected site type 'IOPAD' in HDPYFinalizeIO
WARNING: [Designutils 20-3303] unexpected site type 'IOPAD' in HDPYFinalizeIO
WARNING: [Designutils 20-3303] unexpected site type 'IOPAD' in HDPYFinalizeIO
WARNING: [Designutils 20-3303] unexpected site type 'IOPAD' in HDPYFinalizeIO
WARNING: [Designutils 20-3303] unexpected site type 'IOPAD' in HDPYFinalizeIO
WARNING: [Designutils 20-3303] unexpected site type 'IOPAD' in HDPYFinalizeIO
WARNING: [Designutils 20-3303] unexpected site type 'IOPAD' in HDPYFinalizeIO
WARNING: [Designutils 20-3303] unexpected site type 'IOPAD' in HDPYFinalizeIO
WARNING: [Designutils 20-3303] unexpected site type 'IOPAD' in HDPYFinalizeIO
WARNING: [Designutils 20-3303] unexpected site type 'IOPAD' in HDPYFinalizeIO
WARNING: [Designutils 20-3303] unexpected site type 'IOPAD' in HDPYFinalizeIO
WARNING: [Designutils 20-3303] unexpected site type 'IOPAD' in HDPYFinalizeIO
WARNING: [Designutils 20-3303] unexpected site type 'IOPAD' in HDPYFinalizeIO
WARNING: [Designutils 20-3303] unexpected site type 'IOPAD' in HDPYFinalizeIO
WARNING: [Designutils 20-3303] unexpected site type 'IOPAD' in HDPYFinalizeIO
WARNING: [Designutils 20-3303] unexpected site type 'IOPAD' in HDPYFinalizeIO
WARNING: [Designutils 20-3303] unexpected site type 'IOPAD' in HDPYFinalizeIO
WARNING: [Designutils 20-3303] unexpected site type 'IOPAD' in HDPYFinalizeIO
WARNING: [Designutils 20-3303] unexpected site type 'IOPAD' in HDPYFinalizeIO
WARNING: [Designutils 20-3303] unexpected site type 'IOPAD' in HDPYFinalizeIO
WARNING: [Designutils 20-3303] unexpected site type 'IOPAD' in HDPYFinalizeIO
WARNING: [Designutils 20-3303] unexpected site type 'IOPAD' in HDPYFinalizeIO
WARNING: [Designutils 20-3303] unexpected site type 'IOPAD' in HDPYFinalizeIO
WARNING: [Designutils 20-3303] unexpected site type 'IOPAD' in HDPYFinalizeIO
WARNING: [Designutils 20-3303] unexpected site type 'IOPAD' in HDPYFinalizeIO
WARNING: [Designutils 20-3303] unexpected site type 'IOPAD' in HDPYFinalizeIO
WARNING: [Designutils 20-3303] unexpected site type 'IOPAD' in HDPYFinalizeIO
WARNING: [Designutils 20-3303] unexpected site type 'IOPAD' in HDPYFinalizeIO
WARNING: [Designutils 20-3303] unexpected site type 'IOPAD' in HDPYFinalizeIO
WARNING: [Designutils 20-3303] unexpected site type 'IOPAD' in HDPYFinalizeIO
WARNING: [Designutils 20-3303] unexpected site type 'IOPAD' in HDPYFinalizeIO
WARNING: [Designutils 20-3303] unexpected site type 'IOPAD' in HDPYFinalizeIO
WARNING: [Designutils 20-3303] unexpected site type 'IOPAD' in HDPYFinalizeIO
WARNING: [Designutils 20-3303] unexpected site type 'IOPAD' in HDPYFinalizeIO
WARNING: [Designutils 20-3303] unexpected site type 'IOPAD' in HDPYFinalizeIO
WARNING: [Designutils 20-3303] unexpected site type 'IOPAD' in HDPYFinalizeIO
WARNING: [Designutils 20-3303] unexpected site type 'IOPAD' in HDPYFinalizeIO
WARNING: [Designutils 20-3303] unexpected site type 'IOPAD' in HDPYFinalizeIO
WARNING: [Designutils 20-3303] unexpected site type 'IOPAD' in HDPYFinalizeIO
WARNING: [Designutils 20-3303] unexpected site type 'IOPAD' in HDPYFinalizeIO
WARNING: [Designutils 20-3303] unexpected site type 'IOPAD' in HDPYFinalizeIO
WARNING: [Designutils 20-3303] unexpected site type 'IOPAD' in HDPYFinalizeIO
WARNING: [Designutils 20-3303] unexpected site type 'IOPAD' in HDPYFinalizeIO
WARNING: [Designutils 20-3303] unexpected site type 'IOPAD' in HDPYFinalizeIO
WARNING: [Designutils 20-3303] unexpected site type 'IOPAD' in HDPYFinalizeIO
WARNING: [Designutils 20-3303] unexpected site type 'IOPAD' in HDPYFinalizeIO
WARNING: [Designutils 20-3303] unexpected site type 'IOPAD' in HDPYFinalizeIO
WARNING: [Designutils 20-3303] unexpected site type 'IOPAD' in HDPYFinalizeIO
WARNING: [Designutils 20-3303] unexpected site type 'IOPAD' in HDPYFinalizeIO
WARNING: [Designutils 20-3303] unexpected site type 'IOPAD' in HDPYFinalizeIO
WARNING: [Designutils 20-3303] unexpected site type 'IOPAD' in HDPYFinalizeIO
INFO: [Common 17-14] Message 'Designutils 20-3303' appears 100 times and further instances of the messages will be disabled. Use the Tcl command set_msg_config to change the current settings.
INFO: [Vivado 12-3199] DRC finished with 0 Errors
INFO: [Vivado 12-3200] Please refer to the DRC report (report_drc) for more information.
INFO: [Designutils 20-2272] Running write_bitstream with 4 threads.
Loading data files...
Loading site data...
Loading route data...
Processing options...
Creating bitmap...
Creating bitstream...
Writing bitstream ./ema_bd_wrapper.bit...
INFO: [Vivado 12-1842] Bitgen Completed Successfully.
INFO: [Project 1-120] WebTalk data collection is mandatory when using a WebPACK part without a full Vivado license. To see the specific WebTalk data collected for your design, open the usage_statistics_webtalk.html or usage_statistics_webtalk.xml file in the implementation directory.
INFO: [Common 17-186] '/home/ejapundz/fa19-research/ema/ema.runs/impl_1/usage_statistics_webtalk.xml' has been successfully sent to Xilinx on Thu Oct  3 13:08:00 2019. For additional details about this file, please refer to the WebTalk help file at /home/ejapundz/su19-research/Vivado/2018.3/doc/webtalk_introduction.html.
INFO: [Common 17-83] Releasing license: Implementation
109 Infos, 301 Warnings, 0 Critical Warnings and 0 Errors encountered.
write_bitstream completed successfully
write_bitstream: Time (s): cpu = 00:00:12 ; elapsed = 00:00:16 . Memory (MB): peak = 2827.875 ; gain = 303.293 ; free physical = 1644 ; free virtual = 6353
INFO: [Common 17-206] Exiting Vivado at Thu Oct  3 13:08:00 2019...
