Vivado Simulator 2018.3
Copyright 1986-1999, 2001-2018 Xilinx, Inc. All Rights Reserved.
Running: /l/Xilinx_Vivado_SDK_Web_2018.3_1207_2324/Vivado/2018.3/bin/unwrapped/lnx64.o/xelab -wto 59e7de7bdb274c2894cdcf9746db320b --incr --debug typical --relax --mt 8 -L xil_defaultlib -L axis_infrastructure_v1_1_0 -L axi4stream_vip_v1_1_4 -L axi_infrastructure_v1_1_0 -L axi_vip_v1_1_4 -L xilinx_vip -L unisims_ver -L unimacro_ver -L secureip -L xpm --snapshot tb_sim1_behav xil_defaultlib.tb_sim1 xil_defaultlib.glbl -log elaborate.log 
Using 8 slave threads.
Starting static elaboration
Completed static elaboration
Starting simulation data flow analysis
Completed simulation data flow analysis
Time Resolution for simulation is 1ps
Compiling package xilinx_vip.axi4stream_vip_pkg
WARNING: [XSIM 43-4333] File "/wrk/2018.3/nightly/2018_12_06_2405991/packages/customer/vivado/data/xilinx_vip/hdl/axi4stream_vip_pkg.sv" Line 1178 : Logical comparison involving System Verilog dynamic types not supported yet, can lead to incorrect simulation behaviour.
WARNING: [XSIM 43-4333] File "/wrk/2018.3/nightly/2018_12_06_2405991/packages/customer/vivado/data/xilinx_vip/hdl/axi4stream_vip_pkg.sv" Line 1186 : Logical comparison involving System Verilog dynamic types not supported yet, can lead to incorrect simulation behaviour.
WARNING: [XSIM 43-4333] File "/wrk/2018.3/nightly/2018_12_06_2405991/packages/customer/vivado/data/xilinx_vip/hdl/axi4stream_vip_pkg.sv" Line 1198 : Logical comparison involving System Verilog dynamic types not supported yet, can lead to incorrect simulation behaviour.
WARNING: [XSIM 43-4333] File "/wrk/2018.3/nightly/2018_12_06_2405991/packages/customer/vivado/data/xilinx_vip/hdl/axi4stream_vip_pkg.sv" Line 1416 : Logical comparison involving System Verilog dynamic types not supported yet, can lead to incorrect simulation behaviour.
WARNING: [XSIM 43-4333] File "/wrk/2018.3/nightly/2018_12_06_2405991/packages/customer/vivado/data/xilinx_vip/hdl/axi4stream_vip_pkg.sv" Line 1416 : Logical comparison involving System Verilog dynamic types not supported yet, can lead to incorrect simulation behaviour.
Compiling package xilinx_vip.xil_common_vip_pkg
Compiling package xilinx_vip.axi_vip_pkg
Compiling package std.std
Compiling module xil_defaultlib.bitcount
Compiling module xil_defaultlib.AXI4LITE_Interface(C_S_AXI_ADDR_...
Compiling module xil_defaultlib.AXI_bitcount
Compiling module xil_defaultlib.design_tb_sim_1_AXI_bitcount_0_0
Compiling module xilinx_vip.axi4stream_vip_axi4streampc(DEST...
Compiling module xilinx_vip.cb
Compiling module xilinx_vip.axi4stream_vip_if(C_AXI4STREAM_S...
Compiling module axi4stream_vip_v1_1_4.axi4stream_vip_v1_1_4_top(C_AXI4...
Compiling module xil_defaultlib.design_tb_sim_1_axi4stream_vip_0...
Compiling module xilinx_vip.axi_vip_axi4pc(WDATA_WIDTH=32,RD...
Compiling module xilinx_vip.cb
Compiling module xilinx_vip.axi_vip_if(C_AXI_PROTOCOL=2,C_AX...
Compiling module axi_vip_v1_1_4.axi_vip_v1_1_4_top(C_AXI_PROTOCO...
Compiling module xil_defaultlib.design_tb_sim_1_axi_vip_0_0
Compiling module xil_defaultlib.design_tb_sim_1
Compiling module xil_defaultlib.design_tb_sim_1_wrapper
Compiling module xil_defaultlib.tb_sim1
Compiling module xil_defaultlib.glbl
Built simulation snapshot tb_sim1_behav
