13:50:19 INFO  : Registering command handlers for SDK TCF services
13:50:20 INFO  : Launching XSCT server: xsct -n -interactive /home/ejapundz/fa19-research/E315/bitflip/bitflip.sdk/temp_xsdb_launch_script.tcl
13:50:23 INFO  : XSCT server has started successfully.
13:50:23 INFO  : Successfully done setting XSCT server connection channel  
13:50:23 INFO  : Successfully done setting SDK workspace  
13:50:23 INFO  : Processing command line option -hwspec /home/ejapundz/fa19-research/E315/bitflip/bitflip.sdk/bitflip_wrapper.hdf.
13:51:59 INFO  : Inferring section assignments and sizes from elf file: /home/ejapundz/fa19-research/E315/bitflip/bitflip.sdk/bitflip/Debug/bitflip.elf
13:52:45 INFO  : Successfully generated /home/ejapundz/fa19-research/E315/bitflip/bitflip.sdk/bitflip/src/lscript.ld.
13:52:45 INFO  : Applying linker script to all configurations of project bitflip.
13:52:45 INFO  : Setting rebuild state to true for all configurations of project bitflip.
13:54:50 INFO  : Connected to target on host '127.0.0.1' and port '3121'.
13:54:51 INFO  : Jtag cable 'Xilinx PYNQ-Z1 003017A4D228A' is selected.
13:54:51 INFO  : 'jtag frequency' command is executed.
13:54:51 INFO  : Sourcing of '/home/ejapundz/fa19-research/E315/bitflip/bitflip.sdk/bitflip_wrapper_hw_platform_0/ps7_init.tcl' is done.
13:54:51 INFO  : Context for 'APU' is selected.
13:54:51 INFO  : System reset is completed.
13:54:54 INFO  : 'after 3000' command is executed.
13:54:55 INFO  : 'targets -set -filter {jtag_cable_name =~ "Xilinx PYNQ-Z1 003017A4D228A" && level==0} -index 1' command is executed.
13:54:57 INFO  : FPGA configured successfully with bitstream "/home/ejapundz/fa19-research/E315/bitflip/bitflip.sdk/bitflip_wrapper_hw_platform_0/bitflip_wrapper.bit"
13:54:57 INFO  : Context for 'APU' is selected.
13:54:57 INFO  : Hardware design information is loaded from '/home/ejapundz/fa19-research/E315/bitflip/bitflip.sdk/bitflip_wrapper_hw_platform_0/system.hdf'.
13:54:57 INFO  : 'configparams force-mem-access 1' command is executed.
13:54:57 INFO  : Context for 'APU' is selected.
13:54:58 INFO  : 'ps7_init' command is executed.
13:54:58 INFO  : 'ps7_post_config' command is executed.
13:54:58 INFO  : Context for processor 'ps7_cortexa9_0' is selected.
13:54:58 INFO  : The application '/home/ejapundz/fa19-research/E315/bitflip/bitflip.sdk/bitflip/Debug/bitflip.elf' is downloaded to processor 'ps7_cortexa9_0'.
13:54:58 INFO  : 'configparams force-mem-access 0' command is executed.
13:54:58 INFO  : ----------------XSDB Script----------------
connect -url tcp:127.0.0.1:3121
source /home/ejapundz/fa19-research/E315/bitflip/bitflip.sdk/bitflip_wrapper_hw_platform_0/ps7_init.tcl
targets -set -nocase -filter {name =~"APU*" && jtag_cable_name =~ "Xilinx PYNQ-Z1 003017A4D228A"} -index 0
rst -system
after 3000
targets -set -filter {jtag_cable_name =~ "Xilinx PYNQ-Z1 003017A4D228A" && level==0} -index 1
fpga -file /home/ejapundz/fa19-research/E315/bitflip/bitflip.sdk/bitflip_wrapper_hw_platform_0/bitflip_wrapper.bit
targets -set -nocase -filter {name =~"APU*" && jtag_cable_name =~ "Xilinx PYNQ-Z1 003017A4D228A"} -index 0
loadhw -hw /home/ejapundz/fa19-research/E315/bitflip/bitflip.sdk/bitflip_wrapper_hw_platform_0/system.hdf -mem-ranges [list {0x40000000 0xbfffffff}]
configparams force-mem-access 1
targets -set -nocase -filter {name =~"APU*" && jtag_cable_name =~ "Xilinx PYNQ-Z1 003017A4D228A"} -index 0
ps7_init
ps7_post_config
targets -set -nocase -filter {name =~ "ARM*#0" && jtag_cable_name =~ "Xilinx PYNQ-Z1 003017A4D228A"} -index 0
dow /home/ejapundz/fa19-research/E315/bitflip/bitflip.sdk/bitflip/Debug/bitflip.elf
configparams force-mem-access 0
----------------End of Script----------------

13:54:58 INFO  : Context for processor 'ps7_cortexa9_0' is selected.
13:54:58 INFO  : 'con' command is executed.
13:54:58 INFO  : ----------------XSDB Script (After Launch)----------------
targets -set -nocase -filter {name =~ "ARM*#0" && jtag_cable_name =~ "Xilinx PYNQ-Z1 003017A4D228A"} -index 0
con
----------------End of Script----------------

13:54:58 INFO  : Disconnected from the channel tcfchan#1.
13:55:04 INFO  : Connected to target on host '127.0.0.1' and port '3121'.
13:55:05 INFO  : Jtag cable 'Xilinx PYNQ-Z1 003017A4D228A' is selected.
13:55:05 INFO  : 'jtag frequency' command is executed.
13:55:05 INFO  : Sourcing of '/home/ejapundz/fa19-research/E315/bitflip/bitflip.sdk/bitflip_wrapper_hw_platform_0/ps7_init.tcl' is done.
13:55:05 INFO  : Context for 'APU' is selected.
13:55:05 INFO  : System reset is completed.
13:55:08 INFO  : 'after 3000' command is executed.
13:55:08 INFO  : 'targets -set -filter {jtag_cable_name =~ "Xilinx PYNQ-Z1 003017A4D228A" && level==0} -index 1' command is executed.
13:55:10 INFO  : FPGA configured successfully with bitstream "/home/ejapundz/fa19-research/E315/bitflip/bitflip.sdk/bitflip_wrapper_hw_platform_0/bitflip_wrapper.bit"
13:55:11 INFO  : Context for 'APU' is selected.
13:55:13 INFO  : Hardware design information is loaded from '/home/ejapundz/fa19-research/E315/bitflip/bitflip.sdk/bitflip_wrapper_hw_platform_0/system.hdf'.
13:55:13 INFO  : 'configparams force-mem-access 1' command is executed.
13:55:13 INFO  : Context for 'APU' is selected.
13:55:14 INFO  : 'ps7_init' command is executed.
13:55:14 INFO  : 'ps7_post_config' command is executed.
13:55:14 INFO  : Context for processor 'ps7_cortexa9_0' is selected.
13:55:14 INFO  : The application '/home/ejapundz/fa19-research/E315/bitflip/bitflip.sdk/bitflip/Debug/bitflip.elf' is downloaded to processor 'ps7_cortexa9_0'.
13:55:14 INFO  : 'configparams force-mem-access 0' command is executed.
13:55:14 INFO  : ----------------XSDB Script----------------
connect -url tcp:127.0.0.1:3121
source /home/ejapundz/fa19-research/E315/bitflip/bitflip.sdk/bitflip_wrapper_hw_platform_0/ps7_init.tcl
targets -set -nocase -filter {name =~"APU*" && jtag_cable_name =~ "Xilinx PYNQ-Z1 003017A4D228A"} -index 0
rst -system
after 3000
targets -set -filter {jtag_cable_name =~ "Xilinx PYNQ-Z1 003017A4D228A" && level==0} -index 1
fpga -file /home/ejapundz/fa19-research/E315/bitflip/bitflip.sdk/bitflip_wrapper_hw_platform_0/bitflip_wrapper.bit
targets -set -nocase -filter {name =~"APU*" && jtag_cable_name =~ "Xilinx PYNQ-Z1 003017A4D228A"} -index 0
loadhw -hw /home/ejapundz/fa19-research/E315/bitflip/bitflip.sdk/bitflip_wrapper_hw_platform_0/system.hdf -mem-ranges [list {0x40000000 0xbfffffff}]
configparams force-mem-access 1
targets -set -nocase -filter {name =~"APU*" && jtag_cable_name =~ "Xilinx PYNQ-Z1 003017A4D228A"} -index 0
ps7_init
ps7_post_config
targets -set -nocase -filter {name =~ "ARM*#0" && jtag_cable_name =~ "Xilinx PYNQ-Z1 003017A4D228A"} -index 0
dow /home/ejapundz/fa19-research/E315/bitflip/bitflip.sdk/bitflip/Debug/bitflip.elf
configparams force-mem-access 0
----------------End of Script----------------

13:55:14 INFO  : Context for processor 'ps7_cortexa9_0' is selected.
13:55:14 INFO  : 'con' command is executed.
13:55:14 INFO  : ----------------XSDB Script (After Launch)----------------
targets -set -nocase -filter {name =~ "ARM*#0" && jtag_cable_name =~ "Xilinx PYNQ-Z1 003017A4D228A"} -index 0
con
----------------End of Script----------------

13:55:14 INFO  : Disconnected from the channel tcfchan#2.
13:58:32 INFO  : Connected to target on host '127.0.0.1' and port '3121'.
13:58:32 INFO  : Jtag cable 'Xilinx PYNQ-Z1 003017A4D228A' is selected.
13:58:32 INFO  : 'jtag frequency' command is executed.
13:58:32 INFO  : Sourcing of '/home/ejapundz/fa19-research/E315/bitflip/bitflip.sdk/bitflip_wrapper_hw_platform_0/ps7_init.tcl' is done.
13:58:32 INFO  : Context for 'APU' is selected.
13:58:32 INFO  : System reset is completed.
13:58:35 INFO  : 'after 3000' command is executed.
13:58:35 INFO  : 'targets -set -filter {jtag_cable_name =~ "Xilinx PYNQ-Z1 003017A4D228A" && level==0} -index 1' command is executed.
13:58:38 INFO  : FPGA configured successfully with bitstream "/home/ejapundz/fa19-research/E315/bitflip/bitflip.sdk/bitflip_wrapper_hw_platform_0/bitflip_wrapper.bit"
13:58:38 INFO  : Context for 'APU' is selected.
13:58:40 INFO  : Hardware design information is loaded from '/home/ejapundz/fa19-research/E315/bitflip/bitflip.sdk/bitflip_wrapper_hw_platform_0/system.hdf'.
13:58:40 INFO  : 'configparams force-mem-access 1' command is executed.
13:58:40 INFO  : Context for 'APU' is selected.
13:58:41 INFO  : 'ps7_init' command is executed.
13:58:41 INFO  : 'ps7_post_config' command is executed.
13:58:41 INFO  : Context for processor 'ps7_cortexa9_0' is selected.
13:58:41 INFO  : The application '/home/ejapundz/fa19-research/E315/bitflip/bitflip.sdk/bitflip/Debug/bitflip.elf' is downloaded to processor 'ps7_cortexa9_0'.
13:58:41 INFO  : 'configparams force-mem-access 0' command is executed.
13:58:41 INFO  : ----------------XSDB Script----------------
connect -url tcp:127.0.0.1:3121
source /home/ejapundz/fa19-research/E315/bitflip/bitflip.sdk/bitflip_wrapper_hw_platform_0/ps7_init.tcl
targets -set -nocase -filter {name =~"APU*" && jtag_cable_name =~ "Xilinx PYNQ-Z1 003017A4D228A"} -index 0
rst -system
after 3000
targets -set -filter {jtag_cable_name =~ "Xilinx PYNQ-Z1 003017A4D228A" && level==0} -index 1
fpga -file /home/ejapundz/fa19-research/E315/bitflip/bitflip.sdk/bitflip_wrapper_hw_platform_0/bitflip_wrapper.bit
targets -set -nocase -filter {name =~"APU*" && jtag_cable_name =~ "Xilinx PYNQ-Z1 003017A4D228A"} -index 0
loadhw -hw /home/ejapundz/fa19-research/E315/bitflip/bitflip.sdk/bitflip_wrapper_hw_platform_0/system.hdf -mem-ranges [list {0x40000000 0xbfffffff}]
configparams force-mem-access 1
targets -set -nocase -filter {name =~"APU*" && jtag_cable_name =~ "Xilinx PYNQ-Z1 003017A4D228A"} -index 0
ps7_init
ps7_post_config
targets -set -nocase -filter {name =~ "ARM*#0" && jtag_cable_name =~ "Xilinx PYNQ-Z1 003017A4D228A"} -index 0
dow /home/ejapundz/fa19-research/E315/bitflip/bitflip.sdk/bitflip/Debug/bitflip.elf
configparams force-mem-access 0
----------------End of Script----------------

13:58:41 INFO  : Context for processor 'ps7_cortexa9_0' is selected.
13:58:41 INFO  : 'con' command is executed.
13:58:41 INFO  : ----------------XSDB Script (After Launch)----------------
targets -set -nocase -filter {name =~ "ARM*#0" && jtag_cable_name =~ "Xilinx PYNQ-Z1 003017A4D228A"} -index 0
con
----------------End of Script----------------

13:58:41 INFO  : Disconnected from the channel tcfchan#3.
13:59:24 INFO  : Connected to target on host '127.0.0.1' and port '3121'.
13:59:24 INFO  : Jtag cable 'Xilinx PYNQ-Z1 003017A4D228A' is selected.
13:59:24 INFO  : 'jtag frequency' command is executed.
13:59:24 INFO  : Sourcing of '/home/ejapundz/fa19-research/E315/bitflip/bitflip.sdk/bitflip_wrapper_hw_platform_0/ps7_init.tcl' is done.
13:59:24 INFO  : 'targets -set -filter {jtag_cable_name =~ "Xilinx PYNQ-Z1 003017A4D228A" && level==0} -index 1' command is executed.
13:59:27 INFO  : FPGA configured successfully with bitstream "/home/ejapundz/fa19-research/E315/bitflip/bitflip.sdk/bitflip_wrapper_hw_platform_0/bitflip_wrapper.bit"
13:59:27 INFO  : Context for 'APU' is selected.
13:59:29 INFO  : Hardware design information is loaded from '/home/ejapundz/fa19-research/E315/bitflip/bitflip.sdk/bitflip_wrapper_hw_platform_0/system.hdf'.
13:59:29 INFO  : 'configparams force-mem-access 1' command is executed.
13:59:29 INFO  : Context for 'APU' is selected.
13:59:29 INFO  : 'stop' command is executed.
13:59:30 INFO  : 'ps7_init' command is executed.
13:59:30 INFO  : 'ps7_post_config' command is executed.
13:59:30 INFO  : Context for processor 'ps7_cortexa9_0' is selected.
13:59:30 INFO  : Processor reset is completed for 'ps7_cortexa9_0'.
13:59:30 INFO  : Context for processor 'ps7_cortexa9_0' is selected.
13:59:30 INFO  : The application '/home/ejapundz/fa19-research/E315/bitflip/bitflip.sdk/bitflip/Debug/bitflip.elf' is downloaded to processor 'ps7_cortexa9_0'.
13:59:30 INFO  : 'configparams force-mem-access 0' command is executed.
13:59:30 INFO  : ----------------XSDB Script----------------
connect -url tcp:127.0.0.1:3121
source /home/ejapundz/fa19-research/E315/bitflip/bitflip.sdk/bitflip_wrapper_hw_platform_0/ps7_init.tcl
targets -set -filter {jtag_cable_name =~ "Xilinx PYNQ-Z1 003017A4D228A" && level==0} -index 1
fpga -file /home/ejapundz/fa19-research/E315/bitflip/bitflip.sdk/bitflip_wrapper_hw_platform_0/bitflip_wrapper.bit
targets -set -nocase -filter {name =~"APU*" && jtag_cable_name =~ "Xilinx PYNQ-Z1 003017A4D228A"} -index 0
loadhw -hw /home/ejapundz/fa19-research/E315/bitflip/bitflip.sdk/bitflip_wrapper_hw_platform_0/system.hdf -mem-ranges [list {0x40000000 0xbfffffff}]
configparams force-mem-access 1
targets -set -nocase -filter {name =~"APU*" && jtag_cable_name =~ "Xilinx PYNQ-Z1 003017A4D228A"} -index 0
stop
ps7_init
ps7_post_config
targets -set -nocase -filter {name =~ "ARM*#0" && jtag_cable_name =~ "Xilinx PYNQ-Z1 003017A4D228A"} -index 0
rst -processor
targets -set -nocase -filter {name =~ "ARM*#0" && jtag_cable_name =~ "Xilinx PYNQ-Z1 003017A4D228A"} -index 0
dow /home/ejapundz/fa19-research/E315/bitflip/bitflip.sdk/bitflip/Debug/bitflip.elf
configparams force-mem-access 0
----------------End of Script----------------

13:59:30 INFO  : Context for processor 'ps7_cortexa9_0' is selected.
13:59:30 INFO  : 'con' command is executed.
13:59:30 INFO  : ----------------XSDB Script (After Launch)----------------
targets -set -nocase -filter {name =~ "ARM*#0" && jtag_cable_name =~ "Xilinx PYNQ-Z1 003017A4D228A"} -index 0
con
----------------End of Script----------------

13:59:30 INFO  : Disconnected from the channel tcfchan#4.
14:00:31 INFO  : 'targets -set -filter {jtag_cable_name =~ "Xilinx PYNQ-Z1 003017A4D228A" && level==0} -index 1' command is executed.
14:00:31 INFO  : 'fpga -state' command is executed.
14:00:31 INFO  : Connected to target on host '127.0.0.1' and port '3121'.
14:00:32 INFO  : Jtag cable 'Xilinx PYNQ-Z1 003017A4D228A' is selected.
14:00:32 INFO  : 'jtag frequency' command is executed.
14:00:32 INFO  : Sourcing of '/home/ejapundz/fa19-research/E315/bitflip/bitflip.sdk/bitflip_wrapper_hw_platform_0/ps7_init.tcl' is done.
14:00:32 INFO  : Context for 'APU' is selected.
14:00:32 INFO  : Hardware design information is loaded from '/home/ejapundz/fa19-research/E315/bitflip/bitflip.sdk/bitflip_wrapper_hw_platform_0/system.hdf'.
14:00:32 INFO  : 'configparams force-mem-access 1' command is executed.
14:00:32 INFO  : Context for 'APU' is selected.
14:00:32 INFO  : 'stop' command is executed.
14:00:32 INFO  : 'ps7_init' command is executed.
14:00:32 INFO  : 'ps7_post_config' command is executed.
14:00:32 INFO  : Context for processor 'ps7_cortexa9_0' is selected.
14:00:32 INFO  : Processor reset is completed for 'ps7_cortexa9_0'.
14:00:32 INFO  : Context for processor 'ps7_cortexa9_0' is selected.
14:00:33 INFO  : The application '/home/ejapundz/fa19-research/E315/bitflip/bitflip.sdk/bitflip/Debug/bitflip.elf' is downloaded to processor 'ps7_cortexa9_0'.
14:00:33 INFO  : 'configparams force-mem-access 0' command is executed.
14:00:33 INFO  : ----------------XSDB Script----------------
connect -url tcp:127.0.0.1:3121
source /home/ejapundz/fa19-research/E315/bitflip/bitflip.sdk/bitflip_wrapper_hw_platform_0/ps7_init.tcl
targets -set -nocase -filter {name =~"APU*" && jtag_cable_name =~ "Xilinx PYNQ-Z1 003017A4D228A"} -index 0
loadhw -hw /home/ejapundz/fa19-research/E315/bitflip/bitflip.sdk/bitflip_wrapper_hw_platform_0/system.hdf -mem-ranges [list {0x40000000 0xbfffffff}]
configparams force-mem-access 1
targets -set -nocase -filter {name =~"APU*" && jtag_cable_name =~ "Xilinx PYNQ-Z1 003017A4D228A"} -index 0
stop
ps7_init
ps7_post_config
targets -set -nocase -filter {name =~ "ARM*#0" && jtag_cable_name =~ "Xilinx PYNQ-Z1 003017A4D228A"} -index 0
rst -processor
targets -set -nocase -filter {name =~ "ARM*#0" && jtag_cable_name =~ "Xilinx PYNQ-Z1 003017A4D228A"} -index 0
dow /home/ejapundz/fa19-research/E315/bitflip/bitflip.sdk/bitflip/Debug/bitflip.elf
configparams force-mem-access 0
----------------End of Script----------------

14:00:33 INFO  : Memory regions updated for context APU
14:00:33 INFO  : Context for processor 'ps7_cortexa9_0' is selected.
14:00:33 INFO  : 'con' command is executed.
14:00:33 INFO  : ----------------XSDB Script (After Launch)----------------
targets -set -nocase -filter {name =~ "ARM*#0" && jtag_cable_name =~ "Xilinx PYNQ-Z1 003017A4D228A"} -index 0
con
----------------End of Script----------------

14:00:33 INFO  : Launch script is exported to file '/home/ejapundz/fa19-research/E315/bitflip/bitflip.sdk/.sdk/launch_scripts/xilinx_c-c++_application_(system_debugger)/system_debugger_using_debug_bitflip.elf_on_local.tcl'
14:08:17 INFO  : Disconnected from the channel tcfchan#5.
14:08:18 INFO  : 'targets -set -filter {jtag_cable_name =~ "Xilinx PYNQ-Z1 003017A4D228A" && level==0} -index 1' command is executed.
14:08:18 INFO  : 'fpga -state' command is executed.
14:08:18 INFO  : Connected to target on host '127.0.0.1' and port '3121'.
14:08:18 INFO  : Jtag cable 'Xilinx PYNQ-Z1 003017A4D228A' is selected.
14:08:18 INFO  : 'jtag frequency' command is executed.
14:08:18 INFO  : Sourcing of '/home/ejapundz/fa19-research/E315/bitflip/bitflip.sdk/bitflip_wrapper_hw_platform_0/ps7_init.tcl' is done.
14:08:18 INFO  : Context for 'APU' is selected.
14:08:21 INFO  : Hardware design information is loaded from '/home/ejapundz/fa19-research/E315/bitflip/bitflip.sdk/bitflip_wrapper_hw_platform_0/system.hdf'.
14:08:21 INFO  : 'configparams force-mem-access 1' command is executed.
14:08:21 INFO  : Context for 'APU' is selected.
14:08:21 INFO  : 'stop' command is executed.
14:08:22 INFO  : 'ps7_init' command is executed.
14:08:22 INFO  : 'ps7_post_config' command is executed.
14:08:22 INFO  : Context for processor 'ps7_cortexa9_0' is selected.
14:08:22 INFO  : Processor reset is completed for 'ps7_cortexa9_0'.
14:08:22 INFO  : Context for processor 'ps7_cortexa9_0' is selected.
14:08:22 INFO  : The application '/home/ejapundz/fa19-research/E315/bitflip/bitflip.sdk/bitflip/Debug/bitflip.elf' is downloaded to processor 'ps7_cortexa9_0'.
14:08:22 INFO  : 'configparams force-mem-access 0' command is executed.
14:08:22 INFO  : ----------------XSDB Script----------------
connect -url tcp:127.0.0.1:3121
source /home/ejapundz/fa19-research/E315/bitflip/bitflip.sdk/bitflip_wrapper_hw_platform_0/ps7_init.tcl
targets -set -nocase -filter {name =~"APU*" && jtag_cable_name =~ "Xilinx PYNQ-Z1 003017A4D228A"} -index 0
loadhw -hw /home/ejapundz/fa19-research/E315/bitflip/bitflip.sdk/bitflip_wrapper_hw_platform_0/system.hdf -mem-ranges [list {0x40000000 0xbfffffff}]
configparams force-mem-access 1
targets -set -nocase -filter {name =~"APU*" && jtag_cable_name =~ "Xilinx PYNQ-Z1 003017A4D228A"} -index 0
stop
ps7_init
ps7_post_config
targets -set -nocase -filter {name =~ "ARM*#0" && jtag_cable_name =~ "Xilinx PYNQ-Z1 003017A4D228A"} -index 0
rst -processor
targets -set -nocase -filter {name =~ "ARM*#0" && jtag_cable_name =~ "Xilinx PYNQ-Z1 003017A4D228A"} -index 0
dow /home/ejapundz/fa19-research/E315/bitflip/bitflip.sdk/bitflip/Debug/bitflip.elf
configparams force-mem-access 0
----------------End of Script----------------

14:08:22 INFO  : Memory regions updated for context APU
14:08:22 INFO  : Context for processor 'ps7_cortexa9_0' is selected.
14:08:22 INFO  : 'con' command is executed.
14:08:22 INFO  : ----------------XSDB Script (After Launch)----------------
targets -set -nocase -filter {name =~ "ARM*#0" && jtag_cable_name =~ "Xilinx PYNQ-Z1 003017A4D228A"} -index 0
con
----------------End of Script----------------

14:08:22 INFO  : Launch script is exported to file '/home/ejapundz/fa19-research/E315/bitflip/bitflip.sdk/.sdk/launch_scripts/xilinx_c-c++_application_(system_debugger)/system_debugger_using_debug_bitflip.elf_on_local.tcl'
14:24:02 INFO  : Disconnected from the channel tcfchan#6.
