#-----------------------------------------------------------
# Webtalk v2018.3 (64-bit)
# SW Build 2405991 on Thu Dec  6 23:36:41 MST 2018
# 
# Start of session at: Wed Jan 29 16:06:36 2020
# Process ID: 11199
# Current directory: /nfs/nfs7/home/ejapundz/sp20-e315/E315/project_2.tar/project_2/project_2.sdk/webtalk
# Command line: wbtcv -mode batch -source sdk_webtalk.tcl
# Log file: /nfs/nfs7/home/ejapundz/sp20-e315/E315/project_2.tar/project_2/project_2.sdk/webtalk/webtalk.log
# Journal file: /nfs/nfs7/home/ejapundz/sp20-e315/E315/project_2.tar/project_2/project_2.sdk/webtalk/webtalk.jou
#-----------------------------------------------------------
source sdk_webtalk.tcl
# webtalk_init -webtalk_dir /nfs/nfs7/home/ejapundz/sp20-e315/E315/project_2.tar/project_2/project_2.sdk/webtalk
# webtalk_register_client -client project
# webtalk_add_data -client project -key date_generated -value "2020-01-29 16:06:36" -context "software_version_and_target_device"
# webtalk_add_data -client project -key product_version -value "SDK v2018.3" -context "software_version_and_target_device"
# webtalk_add_data -client project -key build_version -value "2018.3" -context "software_version_and_target_device"
# webtalk_add_data -client project -key os_platform -value "amd64" -context "software_version_and_target_device"
# webtalk_add_data -client project -key registration_id -value "207618128_1777510348_210665627_004" -context "software_version_and_target_device"
# webtalk_add_data -client project -key tool_flow -value "SDK" -context "software_version_and_target_device"
# webtalk_add_data -client project -key beta -value "false" -context "software_version_and_target_device"
# webtalk_add_data -client project -key route_design -value "NA" -context "software_version_and_target_device"
# webtalk_add_data -client project -key target_family -value "NA" -context "software_version_and_target_device"
# webtalk_add_data -client project -key target_device -value "NA" -context "software_version_and_target_device"
# webtalk_add_data -client project -key target_package -value "NA" -context "software_version_and_target_device"
# webtalk_add_data -client project -key target_speed -value "NA" -context "software_version_and_target_device"
# webtalk_add_data -client project -key random_id -value "9r73sc57sgesefj6pcsbas0us6" -context "software_version_and_target_device"
# webtalk_add_data -client project -key project_id -value "2018.3_2" -context "software_version_and_target_device"
# webtalk_add_data -client project -key project_iteration -value "2" -context "software_version_and_target_device"
# webtalk_add_data -client project -key os_name -value "RedHatEnterpriseWorkstation" -context "user_environment"
# webtalk_add_data -client project -key os_release -value "Red Hat Enterprise Linux Workstation release 7.7 (Maipo)" -context "user_environment"
# webtalk_add_data -client project -key cpu_name -value "Intel(R) Core(TM) i7-9700 CPU @ 3.00GHz" -context "user_environment"
# webtalk_add_data -client project -key cpu_speed -value "4430.786 MHz" -context "user_environment"
# webtalk_add_data -client project -key total_processors -value "1" -context "user_environment"
# webtalk_add_data -client project -key system_ram -value "16.439 GB" -context "user_environment"
# webtalk_register_client -client sdk
# webtalk_add_data -client sdk -key uid -value "1580331956000" -context "sdk\\\\hardware/1580331956000"
# webtalk_add_data -client sdk -key isZynq -value "true" -context "sdk\\\\hardware/1580331956000"
# webtalk_add_data -client sdk -key isZynqMP -value "false" -context "sdk\\\\hardware/1580331956000"
# webtalk_add_data -client sdk -key Processors -value "2" -context "sdk\\\\hardware/1580331956000"
# webtalk_add_data -client sdk -key VivadoVersion -value "2018.3" -context "sdk\\\\hardware/1580331956000"
# webtalk_add_data -client sdk -key Arch -value "zynq" -context "sdk\\\\hardware/1580331956000"
# webtalk_add_data -client sdk -key Device -value "7z020" -context "sdk\\\\hardware/1580331956000"
# webtalk_add_data -client sdk -key IsHandoff -value "true" -context "sdk\\\\hardware/1580331956000"
# webtalk_add_data -client sdk -key os -value "NA" -context "sdk\\\\hardware/1580331956000"
# webtalk_add_data -client sdk -key apptemplate -value "NA" -context "sdk\\\\hardware/1580331956000"
# webtalk_add_data -client sdk -key RecordType -value "HWCreation" -context "sdk\\\\hardware/1580331956000"
# webtalk_add_data -client sdk -key uid -value "NA" -context "sdk\\\\bsp/1580331995603"
# webtalk_add_data -client sdk -key RecordType -value "ToolUsage" -context "sdk\\\\bsp/1580331995603"
# webtalk_add_data -client sdk -key BootgenCount -value "0" -context "sdk\\\\bsp/1580331995603"
# webtalk_add_data -client sdk -key DebugCount -value "0" -context "sdk\\\\bsp/1580331995603"
# webtalk_add_data -client sdk -key PerfCount -value "0" -context "sdk\\\\bsp/1580331995603"
# webtalk_add_data -client sdk -key FlashCount -value "0" -context "sdk\\\\bsp/1580331995603"
# webtalk_add_data -client sdk -key CrossTriggCount -value "0" -context "sdk\\\\bsp/1580331995603"
# webtalk_add_data -client sdk -key QemuDebugCount -value "0" -context "sdk\\\\bsp/1580331995603"
# webtalk_transmit -clientid 4071440616 -regid "207618128_1777510348_210665627_004" -xml /nfs/nfs7/home/ejapundz/sp20-e315/E315/project_2.tar/project_2/project_2.sdk/webtalk/usage_statistics_ext_sdk.xml -html /nfs/nfs7/home/ejapundz/sp20-e315/E315/project_2.tar/project_2/project_2.sdk/webtalk/usage_statistics_ext_sdk.html -wdm /nfs/nfs7/home/ejapundz/sp20-e315/E315/project_2.tar/project_2/project_2.sdk/webtalk/sdk_webtalk.wdm -intro "<H3>SDK Usage Report</H3><BR>"
# webtalk_terminate
INFO: [Common 17-206] Exiting Webtalk at Wed Jan 29 16:06:36 2020...
